#
# A fatal error has been detected by the Java Runtime Environment:
#
#  EXCEPTION_ACCESS_VIOLATION (0xc0000005) at pc=0x0000018bc08b1050, pid=18484, tid=4892
#
# JRE version: OpenJDK Runtime Environment Temurin-21.0.3+9 (21.0.3+9) (build 21.0.3+9-LTS)
# Java VM: OpenJDK 64-Bit Server VM Temurin-21.0.3+9 (21.0.3+9-LTS, mixed mode, emulated-client, sharing, tiered, compressed oops, compressed class ptrs, g1 gc, windows-amd64)
# Problematic frame:
# v  ~BufferBlob::MethodHandles adapters 0x0000018bc08b1050
#
# No core dump will be written. Minidumps are not enabled by default on client versions of Windows
#
# If you would like to submit a bug report, please visit:
#   https://github.com/adoptium/adoptium-support/issues
#

---------------  S U M M A R Y ------------

Command Line: -XX:+ShowCodeDetailsInExceptionMessages -agentlib:jdwp=transport=dt_socket,suspend=y,address=localhost:59929 -Dcom.sun.management.jmxremote -Dcom.sun.management.jmxremote.port=59928 -Dcom.sun.management.jmxremote.authenticate=false -Dcom.sun.management.jmxremote.ssl=false -Djava.rmi.server.hostname=localhost -Dspring.jmx.enabled=true -Dmanagement.endpoints.jmx.exposure.include=* -Dspring.application.admin.enabled=true -XX:TieredStopAtLevel=1 -Dspring.boot.project.name=GroupTraining -javaagent:C:\pleiades\2024-06\eclipse\configuration\org.eclipse.osgi\251\0\.cp\lib\javaagent-shaded.jar -Dfile.encoding=UTF-8 -Dstdout.encoding=UTF-8 -Dstderr.encoding=UTF-8 com.example.demo.GroupTrainingApplication --spring.output.ansi.enabled=always

Host: 12th Gen Intel(R) Core(TM) i7-1260P, 16 cores, 15G,  Windows 11 , 64 bit Build 26100 (10.0.26100.2454)
Time: Mon Feb  3 21:19:40 2025  Windows 11 , 64 bit Build 26100 (10.0.26100.2454) elapsed time: 66.710242 seconds (0d 0h 1m 6s)

---------------  T H R E A D  ---------------

Current thread (0x0000018c1213c6e0):  JavaThread "restartedMain"        [_thread_in_Java, id=4892, stack(0x0000003625600000,0x0000003625700000) (1024K)]

Stack: [0x0000003625600000,0x0000003625700000],  sp=0x00000036256fdcc8,  free space=1015k
Native frames: (J=compiled Java code, j=interpreted, Vv=VM code, C=native code)
C  0x0000018bc08b1050

The last pc belongs to _linkToSpecial (printed below).

siginfo: EXCEPTION_ACCESS_VIOLATION (0xc0000005), reading address 0xffffffffffffffff


Registers:
RAX=0x0000018bc0889086, RBX=0xe155fbfb00000001, RCX=0x00000036256fdcd0, RDX=0x0000000000000002
RSP=0x00000036256fdcc8, RBP=0x00000036256fdd18, RSI=0x0000018c12298de8, RDI=0x0000018c13e17080
R8 =0x0000000000000004, R9 =0x0000000000000004, R10=0x00007ffe56db1a30, R11=0x0000018bcc0b6430
R12=0x0000000000000000, R13=0x00000036256fdcc8, R14=0x00000036256fdd38, R15=0x0000018c1213c6e0
RIP=0x0000018bc08b1050, EFLAGS=0x0000000000010202


Register to memory mapping:

RAX=0x0000018bc0889086 is at code_begin+3078 in an Interpreter codelet
return entry points  [0x0000018bc0888480, 0x0000018bc088a298]  7704 bytes
RBX=0xe155fbfb00000001 is an unknown value
RCX=0x00000036256fdcd0 is pointing into the stack for thread: 0x0000018c1213c6e0
RDX=0x0000000000000002 is an unknown value
RSP=0x00000036256fdcc8 is pointing into the stack for thread: 0x0000018c1213c6e0
RBP=0x00000036256fdd18 is pointing into the stack for thread: 0x0000018c1213c6e0
RSI=0x0000018c12298de8 points into unknown readable memory: 0x800006731adcbe8a | 8a be dc 1a 73 06 00 80
RDI=0x0000018c13e17080 points into unknown readable memory: 0x0000001800000070 | 70 00 00 00 18 00 00 00
R8 =0x0000000000000004 is an unknown value
R9 =0x0000000000000004 is an unknown value
R10=0x00007ffe56db1a30 jvm.dll
R11={method} {0x0000018bcc0b6438} 'newInvokeSpecial' '(Ljava/lang/Object;)Ljava/lang/Object;' in 'java/lang/invoke/DirectMethodHandle$Holder'
R12=0x0 is null
R13=0x00000036256fdcc8 is pointing into the stack for thread: 0x0000018c1213c6e0
R14=0x00000036256fdd38 is pointing into the stack for thread: 0x0000018c1213c6e0
R15=0x0000018c1213c6e0 is a thread

Top of Stack: (sp=0x00000036256fdcc8)
0x00000036256fdcc8:   0000018bc0889086 00000036256fdcd0
0x00000036256fdcd8:   0000018bcc72d07f 0000000000000004
0x00000036256fdce8:   0000018bcc0b18e8 00000007065061c8
0x00000036256fdcf8:   0000000705bcd8f8 0000018bcc0b6430
0x00000036256fdd08:   00000036256fdcc8 00000036256fdd40
0x00000036256fdd18:   00000036256fe0b0 0000018bc0e6754b
0x00000036256fdd28:   000000070aafdee0 000000070aafdf88
0x00000036256fdd38:   000000070aafdf40 000000070aafdcf0
0x00000036256fdd48:   00007ffe563e598f 00000036256fe0b0
0x00000036256fdd58:   0000018bc138dc8c 0000018c13947e60
0x00000036256fdd68:   0000018c139594e0 0000000000000000
0x00000036256fdd78:   00000036256fb591 00000036256fb590
0x00000036256fdd88:   0000018c1213c6e0 0000018c13e16d88
0x00000036256fdd98:   00007ffe563e7489 0000018bcbcca9d0
0x00000036256fdda8:   0000018c13e16d88 0000000000000000
0x00000036256fddb8:   0000000705de6240 00000007065061c8
0x00000036256fddc8:   000000070aafdbb8 000000070aafdbb8
0x00000036256fddd8:   000000070aafdcf0 000000070aafdf70
0x00000036256fdde8:   000000070aafdd48 00000007065061c8
0x00000036256fddf8:   0000000000000001 00000036256fe0b0
0x00000036256fde08:   0000018b00000000 0000000000000000
0x00000036256fde18:   0000000000000000 000000070aafdf40
0x00000036256fde28:   0000018bc0e646dc 0000000000000000
0x00000036256fde38:   0000000000000000 0000000000000000
0x00000036256fde48:   00000036256fb600 0000018c1213c6e0
0x00000036256fde58:   0000000000000000 000000070aafdcf0
0x00000036256fde68:   0000000000000000 000000070aafdbb8
0x00000036256fde78:   000000070aafdf70 000000070aafdcf0
0x00000036256fde88:   0000000000000000 000000070aafdc00
0x00000036256fde98:   0000018bc0e66a6c 00000036256fe0b0
0x00000036256fdea8:   0000018bc0e63dea 0000000000000000
0x00000036256fdeb8:   0000018bc0b81329 0000018c1213c6e0 

Instructions: (pc=0x0000018bc08b1050)
0x0000018bc08b0f50:   bf e0 05 00 00 00 74 03 ff 63 38 ff 63 50 e9 9d
0x0000018bc08b0f60:   16 00 00 66 66 66 0f 1f 84 00 00 00 00 00 66 66
0x0000018bc08b0f70:   66 90 66 66 0f 1f 84 00 00 00 00 00 66 66 66 90
0x0000018bc08b0f80:   48 8b 53 08 0f b7 52 2e 48 8b 0c d4 58 5b 50 44
0x0000018bc08b0f90:   8b 51 08 49 bb 00 00 00 cc 8b 01 00 00 4d 03 d3
0x0000018bc08b0fa0:   4c 8b 5b 10 4b 8b 9c da c8 01 00 00 48 85 db 0f
0x0000018bc08b0fb0:   84 10 00 00 00 41 80 bf e0 05 00 00 00 74 03 ff
0x0000018bc08b0fc0:   63 38 ff 63 50 e9 36 16 00 00 66 66 66 0f 1f 84
0x0000018bc08b0fd0:   00 00 00 00 00 66 66 66 90 0f 1f 80 00 00 00 00
0x0000018bc08b0fe0:   58 5b 50 8b 5b 24 48 c1 e3 03 48 8b 5b 10 48 85
0x0000018bc08b0ff0:   db 0f 84 10 00 00 00 41 80 bf e0 05 00 00 00 74
0x0000018bc08b1000:   03 ff 63 38 ff 63 50 e9 f4 15 00 00 66 66 66 0f
0x0000018bc08b1010:   1f 84 00 00 00 00 00 66 66 66 90 0f 1f 44 00 00
0x0000018bc08b1020:   48 8b 53 08 0f b7 52 2e 48 8b 0c d4 58 5b 50 48
0x0000018bc08b1030:   3b 01 8b 5b 24 48 c1 e3 03 48 8b 5b 10 48 85 db
0x0000018bc08b1040:   0f 84 10 00 00 00 41 80 bf e0 05 00 00 00 74 03
0x0000018bc08b1050:   ff 63 38 ff 63 50 e9 a5 15 00 00 0f 1f 44 00 00
0x0000018bc08b1060:   48 8b 53 08 0f b7 52 2e 48 8b 0c d4 58 5b 50 44
0x0000018bc08b1070:   8b 51 08 49 bb 00 00 00 cc 8b 01 00 00 4d 03 d3
0x0000018bc08b1080:   8b 43 18 48 c1 e0 03 48 8b 40 10 48 8b 5b 10 45
0x0000018bc08b1090:   8b 9a a0 00 00 00 4f 8d 9c da c8 01 00 00 4d 8d
0x0000018bc08b10a0:   14 da 49 8b 1b 48 3b c3 74 15 48 85 db 0f 84 32
0x0000018bc08b10b0:   00 00 00 49 83 c3 10 49 8b 1b 48 3b c3 75 eb 45
0x0000018bc08b10c0:   8b 5b 08 4b 8b 1c 1a 48 85 db 0f 84 10 00 00 00
0x0000018bc08b10d0:   41 80 bf e0 05 00 00 00 74 03 ff 63 38 ff 63 50
0x0000018bc08b10e0:   e9 1b 15 00 00 e9 16 12 00 00 f4 00 00 00 00 00
0x0000018bc08b10f0:   00 00 00 00 00 00 00 00 00 00 00 00 00 00 00 00
0x0000018bc08b1100:   00 00 00 00 00 00 00 00 00 00 00 00 00 00 00 00
0x0000018bc08b1110:   00 00 00 00 00 00 00 00 00 00 00 00 00 00 00 00
0x0000018bc08b1120:   00 00 00 00 00 00 00 00 00 00 00 00 00 00 00 00
0x0000018bc08b1130:   00 00 00 00 00 00 00 00 00 00 00 00 00 00 00 00
0x0000018bc08b1140:   00 00 00 00 00 00 00 00 00 00 00 00 00 00 00 00 


Stack slot to memory mapping:

stack at sp + 0 slots: 0x0000018bc0889086 is at code_begin+3078 in an Interpreter codelet
return entry points  [0x0000018bc0888480, 0x0000018bc088a298]  7704 bytes
stack at sp + 1 slots: 0x00000036256fdcd0 is pointing into the stack for thread: 0x0000018c1213c6e0
stack at sp + 2 slots: 0x0000018bcc72d07f is pointing into metadata
stack at sp + 3 slots: 0x0000000000000004 is an unknown value
stack at sp + 4 slots: 0x0000018bcc0b18e8 is pointing into metadata
stack at sp + 5 slots: 0x00000007065061c8 is an oop: java.lang.Class 
{0x00000007065061c8} - klass: 'java/lang/Class'
 - ---- fields (total size 14 words):
 - private volatile transient 'classRedefinedCount' 'I' @12  1 (0x00000001)
 - injected 'klass' 'J' @16  1699952689664 (0x0000018bcd138200)
 - injected 'array_klass' 'J' @24  0 (0x0000000000000000)
 - injected 'oop_size' 'I' @32  14 (0x0000000e)
 - injected 'static_oop_field_count' 'I' @36  0 (0x00000000)
 - private volatile transient 'cachedConstructor' 'Ljava/lang/reflect/Constructor;' @40  null (0x00000000)
 - private transient 'name' 'Ljava/lang/String;' @44  "com.example.demo.KusunokiController01"{0x0000000706506398} (0xe0ca0c73)
 - private transient 'module' 'Ljava/lang/Module;' @48  a 'java/lang/Module'{0x000000070624cd08} (0xe0c499a1)
 - private final 'classLoader' 'Ljava/lang/ClassLoader;' @52  a 'org/springframework/boot/devtools/restart/classloader/RestartClassLoader'{0x00000007062008e0} (0xe0c4011c)
 - private transient 'classData' 'Ljava/lang/Object;' @56  null (0x00000000)
 - private transient 'packageName' 'Ljava/lang/String;' @60  "com.example.demo"{0x000000070612cee8} (0xe0c259dd)
 - private final 'componentType' 'Ljava/lang/Class;' @64  null (0x00000000)
 - private volatile transient 'reflectionData' 'Ljava/lang/ref/SoftReference;' @68  a 'java/lang/ref/SoftReference'{0x00000007068af5f0} (0xe0d15ebe)
 - private volatile transient 'genericInfo' 'Lsun/reflect/generics/repository/ClassRepository;' @72  null (0x00000000)
 - private volatile transient 'enumConstants' '[Ljava/lang/Object;' @76  null (0x00000000)
 - private volatile transient 'enumConstantDirectory' 'Ljava/util/Map;' @80  null (0x00000000)
 - private volatile transient 'annotationData' 'Ljava/lang/Class$AnnotationData;' @84  a 'java/lang/Class$AnnotationData'{0x00000007068af508} (0xe0d15ea1)
 - private volatile transient 'annotationType' 'Lsun/reflect/annotation/AnnotationType;' @88  null (0x00000000)
 - transient 'classValueMap' 'Ljava/lang/ClassValue$ClassValueMap;' @92  null (0x00000000)
 - injected 'protection_domain' 'Ljava/lang/Object;' @96  a 'java/security/ProtectionDomain'{0x0000000706214008} (0xe0c42801)
 - injected 'signers_name' 'Ljava/lang/Object;' @100  null (0x00000000)
 - injected 'source_file' 'Ljava/lang/Object;' @104  null (0x00000000)
 - signature: Lcom/example/demo/KusunokiController01;
 - ---- static fields (0):
stack at sp + 6 slots: 0x0000000705bcd8f8 is an oop: java.lang.Class 
{0x0000000705bcd8f8} - klass: 'java/lang/Class'
 - ---- fields (total size 14 words):
 - private volatile transient 'classRedefinedCount' 'I' @12  0 (0x00000000)
 - injected 'klass' 'J' @16  1699935360184 (0x0000018bcc0b14b8)
 - injected 'array_klass' 'J' @24  0 (0x0000000000000000)
 - injected 'oop_size' 'I' @32  14 (0x0000000e)
 - injected 'static_oop_field_count' 'I' @36  0 (0x00000000)
 - private volatile transient 'cachedConstructor' 'Ljava/lang/reflect/Constructor;' @40  null (0x00000000)
 - private transient 'name' 'Ljava/lang/String;' @44  null (0x00000000)
 - private transient 'module' 'Ljava/lang/Module;' @48  a 'java/lang/Module'{0x0000000705bb5e88} (0xe0b76bd1)
 - private final 'classLoader' 'Ljava/lang/ClassLoader;' @52  null (0x00000000)
 - private transient 'classData' 'Ljava/lang/Object;' @56  null (0x00000000)
 - private transient 'packageName' 'Ljava/lang/String;' @60  null (0x00000000)
 - private final 'componentType' 'Ljava/lang/Class;' @64  null (0x00000000)
 - private volatile transient 'reflectionData' 'Ljava/lang/ref/SoftReference;' @68  null (0x00000000)
 - private volatile transient 'genericInfo' 'Lsun/reflect/generics/repository/ClassRepository;' @72  null (0x00000000)
 - private volatile transient 'enumConstants' '[Ljava/lang/Object;' @76  null (0x00000000)
 - private volatile transient 'enumConstantDirectory' 'Ljava/util/Map;' @80  null (0x00000000)
 - private volatile transient 'annotationData' 'Ljava/lang/Class$AnnotationData;' @84  null (0x00000000)
 - private volatile transient 'annotationType' 'Lsun/reflect/annotation/AnnotationType;' @88  null (0x00000000)
 - transient 'classValueMap' 'Ljava/lang/ClassValue$ClassValueMap;' @92  null (0x00000000)
 - injected 'protection_domain' 'Ljava/lang/Object;' @96  null (0x00000000)
 - injected 'signers_name' 'Ljava/lang/Object;' @100  null (0x00000000)
 - injected 'source_file' 'Ljava/lang/Object;' @104  null (0x00000000)
 - signature: Ljava/lang/invoke/DirectMethodHandle$Holder;
 - ---- static fields (0):
stack at sp + 7 slots: {method} {0x0000018bcc0b6438} 'newInvokeSpecial' '(Ljava/lang/Object;)Ljava/lang/Object;' in 'java/lang/invoke/DirectMethodHandle$Holder'

MethodHandle::interpreter_entry::_linkToSpecial [0x0000018bc08b100c, 0x0000018bc08b105b] (79 bytes)
[MachCode]
  0x0000018bc08b100c: 6666 660f | 1f84 0000 | 0000 0066 | 6666 900f | 1f44 0000 | 488b 5308 | 0fb7 522e | 488b 0cd4 
  0x0000018bc08b102c: 585b 5048 | 3b01 8b5b | 2448 c1e3 | 0348 8b5b | 1048 85db | 0f84 1000 | 0000 4180 | bfe0 0500 
  0x0000018bc08b104c: 0000 7403 | ff63 38ff | 6350 e9a5 | 
[/MachCode]

---------------  P R O C E S S  ---------------

Threads class SMR info:
_java_thread_list=0x0000018c13b9ecd0, length=27, elements={
0x0000018bb81bce60, 0x0000018bcbca5950, 0x0000018bcbca63b0, 0x0000018bcbcb6410,
0x0000018bcbcb6e70, 0x0000018bcbcb88e0, 0x0000018bcbcb96a0, 0x0000018bcbcba100,
0x0000018c110fd810, 0x0000018c1116c200, 0x0000018c11179960, 0x0000018c1117bff0,
0x0000018c1193ce00, 0x0000018c11c03300, 0x0000018c11b7f5a0, 0x0000018c11c10de0,
0x0000018c120f64b0, 0x0000018c1213c6e0, 0x0000018c122c6920, 0x0000018c1230c120,
0x0000018c12310fc0, 0x0000018c1231a900, 0x0000018c123181a0, 0x0000018c1231af90,
0x0000018c12318ec0, 0x0000018c12318830, 0x0000018c1231b620
}

Java Threads: ( => current thread )
  0x0000018bb81bce60 JavaThread "main"                              [_thread_blocked, id=12048, stack(0x0000003622a00000,0x0000003622b00000) (1024K)]
  0x0000018bcbca5950 JavaThread "Reference Handler"          daemon [_thread_blocked, id=18920, stack(0x0000003623200000,0x0000003623300000) (1024K)]
  0x0000018bcbca63b0 JavaThread "Finalizer"                  daemon [_thread_blocked, id=10940, stack(0x0000003623300000,0x0000003623400000) (1024K)]
  0x0000018bcbcb6410 JavaThread "Signal Dispatcher"          daemon [_thread_blocked, id=9840, stack(0x0000003623400000,0x0000003623500000) (1024K)]
  0x0000018bcbcb6e70 JavaThread "Attach Listener"            daemon [_thread_blocked, id=9640, stack(0x0000003623500000,0x0000003623600000) (1024K)]
  0x0000018bcbcb88e0 JavaThread "Service Thread"             daemon [_thread_blocked, id=23588, stack(0x0000003623600000,0x0000003623700000) (1024K)]
  0x0000018bcbcb96a0 JavaThread "Monitor Deflation Thread"   daemon [_thread_blocked, id=23504, stack(0x0000003623700000,0x0000003623800000) (1024K)]
  0x0000018bcbcba100 JavaThread "C1 CompilerThread0"         daemon [_thread_blocked, id=13692, stack(0x0000003623800000,0x0000003623900000) (1024K)]
  0x0000018c110fd810 JavaThread "Common-Cleaner"             daemon [_thread_blocked, id=20380, stack(0x0000003623900000,0x0000003623a00000) (1024K)]
  0x0000018c1116c200 JavaThread "JDWP Transport Listener: dt_socket" daemon [_thread_blocked, id=9660, stack(0x0000003623c00000,0x0000003623d00000) (1024K)]
  0x0000018c11179960 JavaThread "JDWP Event Helper Thread"   daemon [_thread_blocked, id=16992, stack(0x0000003623d00000,0x0000003623e00000) (1024K)]
  0x0000018c1117bff0 JavaThread "JDWP Command Reader"        daemon [_thread_in_native, id=21368, stack(0x0000003623e00000,0x0000003623f00000) (1024K)]
  0x0000018c1193ce00 JavaThread "Notification Thread"        daemon [_thread_blocked, id=5392, stack(0x0000003623f00000,0x0000003624000000) (1024K)]
  0x0000018c11c03300 JavaThread "RMI TCP Accept-0"           daemon [_thread_in_native, id=9300, stack(0x0000003624c00000,0x0000003624d00000) (1024K)]
  0x0000018c11b7f5a0 JavaThread "RMI TCP Accept-59928"       daemon [_thread_in_native, id=10012, stack(0x0000003624d00000,0x0000003624e00000) (1024K)]
  0x0000018c11c10de0 JavaThread "RMI TCP Accept-0"           daemon [_thread_in_native, id=22552, stack(0x0000003624e00000,0x0000003624f00000) (1024K)]
  0x0000018c120f64b0 JavaThread "Thread-0"                          [_thread_blocked, id=24472, stack(0x0000003625500000,0x0000003625600000) (1024K)]
=>0x0000018c1213c6e0 JavaThread "restartedMain"                     [_thread_in_Java, id=4892, stack(0x0000003625600000,0x0000003625700000) (1024K)]
  0x0000018c122c6920 JavaThread "RMI TCP Connection(idle)"   daemon [_thread_blocked, id=21084, stack(0x0000003625700000,0x0000003625800000) (1024K)]
  0x0000018c1230c120 JavaThread "RMI Scheduler(0)"           daemon [_thread_blocked, id=6360, stack(0x0000003625800000,0x0000003625900000) (1024K)]
  0x0000018c12310fc0 JavaThread "RMI TCP Connection(2)-127.0.0.1" daemon [_thread_in_native, id=7300, stack(0x0000003625900000,0x0000003625a00000) (1024K)]
  0x0000018c1231a900 JavaThread "JMX server connection timeout 56" daemon [_thread_blocked, id=9608, stack(0x0000003625a00000,0x0000003625b00000) (1024K)]
  0x0000018c123181a0 JavaThread "Catalina-utility-1"                [_thread_blocked, id=5368, stack(0x0000003625b00000,0x0000003625c00000) (1024K)]
  0x0000018c1231af90 JavaThread "Catalina-utility-2"                [_thread_blocked, id=19828, stack(0x0000003625c00000,0x0000003625d00000) (1024K)]
  0x0000018c12318ec0 JavaThread "container-0"                       [_thread_blocked, id=14216, stack(0x0000003625d00000,0x0000003625e00000) (1024K)]
  0x0000018c12318830 JavaThread "mysql-cj-abandoned-connection-cleanup" daemon [_thread_blocked, id=22576, stack(0x0000003625e00000,0x0000003625f00000) (1024K)]
  0x0000018c1231b620 JavaThread "HikariPool-1 housekeeper"   daemon [_thread_blocked, id=524, stack(0x0000003626000000,0x0000003626100000) (1024K)]
Total: 27

Other Threads:
  0x0000018bcbc86220 VMThread "VM Thread"                           [id=9684, stack(0x0000003623100000,0x0000003623200000) (1024K)]
  0x0000018bcbc72e00 WatcherThread "VM Periodic Task Thread"        [id=15732, stack(0x0000003623000000,0x0000003623100000) (1024K)]
  0x0000018bb8224a90 WorkerThread "GC Thread#0"                     [id=17076, stack(0x0000003622b00000,0x0000003622c00000) (1024K)]
  0x0000018c11b330c0 WorkerThread "GC Thread#1"                     [id=16316, stack(0x0000003624400000,0x0000003624500000) (1024K)]
  0x0000018c11b33460 WorkerThread "GC Thread#2"                     [id=19700, stack(0x0000003624500000,0x0000003624600000) (1024K)]
  0x0000018c11b33800 WorkerThread "GC Thread#3"                     [id=23716, stack(0x0000003624600000,0x0000003624700000) (1024K)]
  0x0000018c11b33ba0 WorkerThread "GC Thread#4"                     [id=1136, stack(0x0000003624700000,0x0000003624800000) (1024K)]
  0x0000018c11b33f40 WorkerThread "GC Thread#5"                     [id=3560, stack(0x0000003624800000,0x0000003624900000) (1024K)]
  0x0000018c11bcf200 WorkerThread "GC Thread#6"                     [id=24036, stack(0x0000003624900000,0x0000003624a00000) (1024K)]
  0x0000018c11bcf5a0 WorkerThread "GC Thread#7"                     [id=16948, stack(0x0000003624a00000,0x0000003624b00000) (1024K)]
  0x0000018c11bcf940 WorkerThread "GC Thread#8"                     [id=16128, stack(0x0000003624b00000,0x0000003624c00000) (1024K)]
  0x0000018c11e569d0 WorkerThread "GC Thread#9"                     [id=19500, stack(0x0000003624f00000,0x0000003625000000) (1024K)]
  0x0000018c11e57110 WorkerThread "GC Thread#10"                    [id=4836, stack(0x0000003625000000,0x0000003625100000) (1024K)]
  0x0000018c11e56d70 WorkerThread "GC Thread#11"                    [id=11472, stack(0x0000003625100000,0x0000003625200000) (1024K)]
  0x0000018c11e56630 WorkerThread "GC Thread#12"                    [id=4924, stack(0x0000003625200000,0x0000003625300000) (1024K)]
  0x0000018bb8235400 ConcurrentGCThread "G1 Main Marker"            [id=2332, stack(0x0000003622c00000,0x0000003622d00000) (1024K)]
  0x0000018bb8237430 WorkerThread "G1 Conc#0"                       [id=8484, stack(0x0000003622d00000,0x0000003622e00000) (1024K)]
  0x0000018c11e574b0 WorkerThread "G1 Conc#1"                       [id=19928, stack(0x0000003625300000,0x0000003625400000) (1024K)]
  0x0000018c11e55b50 WorkerThread "G1 Conc#2"                       [id=12364, stack(0x0000003625400000,0x0000003625500000) (1024K)]
  0x0000018bcbb41ee0 ConcurrentGCThread "G1 Refine#0"               [id=17052, stack(0x0000003622e00000,0x0000003622f00000) (1024K)]
  0x0000018bcbb42860 ConcurrentGCThread "G1 Service"                [id=16812, stack(0x0000003622f00000,0x0000003623000000) (1024K)]
Total: 21

Threads with active compile tasks:
Total: 0

VM state: not at safepoint (normal execution)

VM Mutex/Monitor currently owned by a thread: None

Heap address: 0x0000000705800000, size: 4008 MB, Compressed Oops mode: Zero based, Oop shift amount: 3

CDS archive(s) mapped at: [0x0000018bcc000000-0x0000018bccc90000-0x0000018bccc90000), size 13172736, SharedBaseAddress: 0x0000018bcc000000, ArchiveRelocationMode: 1.
Compressed class space mapped at: 0x0000018bcd000000-0x0000018c0d000000, reserved size: 1073741824
Narrow klass base: 0x0000018bcc000000, Narrow klass shift: 0, Narrow klass range: 0x100000000

GC Precious Log:
 CardTable entry size: 512
 Card Set container configuration: InlinePtr #cards 4 size 8 Array Of Cards #cards 16 size 48 Howl #buckets 8 coarsen threshold 3686 Howl Bitmap #cards 512 size 80 coarsen threshold 460 Card regions per heap region 1 cards per card region 4096
 CPUs: 16 total, 16 available
 Memory: 16028M
 Large Page Support: Disabled
 NUMA Support: Disabled
 Compressed Oops: Enabled (Zero based)
 Heap Region Size: 2M
 Heap Min Capacity: 8M
 Heap Initial Capacity: 252M
 Heap Max Capacity: 4008M
 Pre-touch: Disabled
 Parallel Workers: 13
 Concurrent Workers: 3
 Concurrent Refinement Workers: 13
 Periodic GC: Disabled

Heap:
 garbage-first heap   total 90112K, used 29652K [0x0000000705800000, 0x0000000800000000)
  region size 2048K, 6 young (12288K), 2 survivors (4096K)
 Metaspace       used 52227K, committed 52864K, reserved 1114112K
  class space    used 7063K, committed 7360K, reserved 1048576K

Heap Regions: E=young(eden), S=young(survivor), O=old, HS=humongous(starts), HC=humongous(continues), CS=collection set, F=free, TAMS=top-at-mark-start, PB=parsable bottom
|   0|0x0000000705800000, 0x0000000705a00000, 0x0000000705a00000|100%| O|  |TAMS 0x0000000705800000| PB 0x0000000705800000| Untracked 
|   1|0x0000000705a00000, 0x0000000705c00000, 0x0000000705c00000|100%| O|  |TAMS 0x0000000705a00000| PB 0x0000000705a00000| Untracked 
|   2|0x0000000705c00000, 0x0000000705e00000, 0x0000000705e00000|100%| O|  |TAMS 0x0000000705c00000| PB 0x0000000705c00000| Untracked 
|   3|0x0000000705e00000, 0x0000000705ffb230, 0x0000000706000000| 99%| O|  |TAMS 0x0000000705e00000| PB 0x0000000705e00000| Untracked 
|   4|0x0000000706000000, 0x0000000706200000, 0x0000000706200000|100%| O|  |TAMS 0x0000000706000000| PB 0x0000000706000000| Untracked 
|   5|0x0000000706200000, 0x0000000706400000, 0x0000000706400000|100%| O|  |TAMS 0x0000000706200000| PB 0x0000000706200000| Untracked 
|   6|0x0000000706400000, 0x0000000706600000, 0x0000000706600000|100%| O|  |TAMS 0x0000000706400000| PB 0x0000000706400000| Untracked 
|   7|0x0000000706600000, 0x0000000706800000, 0x0000000706800000|100%| O|  |TAMS 0x0000000706600000| PB 0x0000000706600000| Untracked 
|   8|0x0000000706800000, 0x0000000706a00000, 0x0000000706a00000|100%| O|  |TAMS 0x0000000706800000| PB 0x0000000706800000| Untracked 
|   9|0x0000000706a00000, 0x0000000706bb2790, 0x0000000706c00000| 84%| O|  |TAMS 0x0000000706a00000| PB 0x0000000706a00000| Untracked 
|  10|0x0000000706c00000, 0x0000000706c00000, 0x0000000706e00000|  0%| F|  |TAMS 0x0000000706c00000| PB 0x0000000706c00000| Untracked 
|  11|0x0000000706e00000, 0x0000000706e00000, 0x0000000707000000|  0%| F|  |TAMS 0x0000000706e00000| PB 0x0000000706e00000| Untracked 
|  12|0x0000000707000000, 0x0000000707000000, 0x0000000707200000|  0%| F|  |TAMS 0x0000000707000000| PB 0x0000000707000000| Untracked 
|  13|0x0000000707200000, 0x0000000707200000, 0x0000000707400000|  0%| F|  |TAMS 0x0000000707200000| PB 0x0000000707200000| Untracked 
|  14|0x0000000707400000, 0x0000000707400000, 0x0000000707600000|  0%| F|  |TAMS 0x0000000707400000| PB 0x0000000707400000| Untracked 
|  15|0x0000000707600000, 0x0000000707600000, 0x0000000707800000|  0%| F|  |TAMS 0x0000000707600000| PB 0x0000000707600000| Untracked 
|  16|0x0000000707800000, 0x0000000707800000, 0x0000000707a00000|  0%| F|  |TAMS 0x0000000707800000| PB 0x0000000707800000| Untracked 
|  17|0x0000000707a00000, 0x0000000707a00000, 0x0000000707c00000|  0%| F|  |TAMS 0x0000000707a00000| PB 0x0000000707a00000| Untracked 
|  18|0x0000000707c00000, 0x0000000707d479f0, 0x0000000707e00000| 63%| S|CS|TAMS 0x0000000707c00000| PB 0x0000000707c00000| Complete 
|  19|0x0000000707e00000, 0x0000000708000000, 0x0000000708000000|100%| S|CS|TAMS 0x0000000707e00000| PB 0x0000000707e00000| Complete 
|  20|0x0000000708000000, 0x0000000708000000, 0x0000000708200000|  0%| F|  |TAMS 0x0000000708000000| PB 0x0000000708000000| Untracked 
|  21|0x0000000708200000, 0x0000000708200000, 0x0000000708400000|  0%| F|  |TAMS 0x0000000708200000| PB 0x0000000708200000| Untracked 
|  22|0x0000000708400000, 0x0000000708400000, 0x0000000708600000|  0%| F|  |TAMS 0x0000000708400000| PB 0x0000000708400000| Untracked 
|  23|0x0000000708600000, 0x0000000708600000, 0x0000000708800000|  0%| F|  |TAMS 0x0000000708600000| PB 0x0000000708600000| Untracked 
|  24|0x0000000708800000, 0x0000000708800000, 0x0000000708a00000|  0%| F|  |TAMS 0x0000000708800000| PB 0x0000000708800000| Untracked 
|  25|0x0000000708a00000, 0x0000000708a00000, 0x0000000708c00000|  0%| F|  |TAMS 0x0000000708a00000| PB 0x0000000708a00000| Untracked 
|  26|0x0000000708c00000, 0x0000000708c00000, 0x0000000708e00000|  0%| F|  |TAMS 0x0000000708c00000| PB 0x0000000708c00000| Untracked 
|  27|0x0000000708e00000, 0x0000000708e00000, 0x0000000709000000|  0%| F|  |TAMS 0x0000000708e00000| PB 0x0000000708e00000| Untracked 
|  28|0x0000000709000000, 0x0000000709000000, 0x0000000709200000|  0%| F|  |TAMS 0x0000000709000000| PB 0x0000000709000000| Untracked 
|  29|0x0000000709200000, 0x0000000709200000, 0x0000000709400000|  0%| F|  |TAMS 0x0000000709200000| PB 0x0000000709200000| Untracked 
|  30|0x0000000709400000, 0x0000000709400000, 0x0000000709600000|  0%| F|  |TAMS 0x0000000709400000| PB 0x0000000709400000| Untracked 
|  31|0x0000000709600000, 0x0000000709600000, 0x0000000709800000|  0%| F|  |TAMS 0x0000000709600000| PB 0x0000000709600000| Untracked 
|  32|0x0000000709800000, 0x0000000709800000, 0x0000000709a00000|  0%| F|  |TAMS 0x0000000709800000| PB 0x0000000709800000| Untracked 
|  33|0x0000000709a00000, 0x0000000709a00000, 0x0000000709c00000|  0%| F|  |TAMS 0x0000000709a00000| PB 0x0000000709a00000| Untracked 
|  34|0x0000000709c00000, 0x0000000709c00000, 0x0000000709e00000|  0%| F|  |TAMS 0x0000000709c00000| PB 0x0000000709c00000| Untracked 
|  35|0x0000000709e00000, 0x0000000709e00000, 0x000000070a000000|  0%| F|  |TAMS 0x0000000709e00000| PB 0x0000000709e00000| Untracked 
|  36|0x000000070a000000, 0x000000070a000000, 0x000000070a200000|  0%| F|  |TAMS 0x000000070a000000| PB 0x000000070a000000| Untracked 
|  37|0x000000070a200000, 0x000000070a200000, 0x000000070a400000|  0%| F|  |TAMS 0x000000070a200000| PB 0x000000070a200000| Untracked 
|  38|0x000000070a400000, 0x000000070a400000, 0x000000070a600000|  0%| F|  |TAMS 0x000000070a400000| PB 0x000000070a400000| Untracked 
|  39|0x000000070a600000, 0x000000070a600000, 0x000000070a800000|  0%| F|  |TAMS 0x000000070a600000| PB 0x000000070a600000| Untracked 
|  40|0x000000070a800000, 0x000000070aa00000, 0x000000070aa00000|100%| E|  |TAMS 0x000000070a800000| PB 0x000000070a800000| Complete 
|  41|0x000000070aa00000, 0x000000070ac00000, 0x000000070ac00000|100%| E|CS|TAMS 0x000000070aa00000| PB 0x000000070aa00000| Complete 
|  42|0x000000070ac00000, 0x000000070ae00000, 0x000000070ae00000|100%| E|CS|TAMS 0x000000070ac00000| PB 0x000000070ac00000| Complete 
| 125|0x0000000715200000, 0x0000000715400000, 0x0000000715400000|100%| E|CS|TAMS 0x0000000715200000| PB 0x0000000715200000| Complete 

Card table byte_map: [0x0000018bc46c0000,0x0000018bc4ea0000] _byte_map_base: 0x0000018bc0e94000

Marking Bits: (CMBitMap*) 0x0000018bb82250a0
 Bits: [0x0000018bc4ea0000, 0x0000018bc8d40000)

Polling page: 0x0000018bb60b0000

Metaspace:

Usage:
  Non-class:     44.11 MB used.
      Class:      6.90 MB used.
       Both:     51.00 MB used.

Virtual space:
  Non-class space:       64.00 MB reserved,      44.44 MB ( 69%) committed,  1 nodes.
      Class space:        1.00 GB reserved,       7.19 MB ( <1%) committed,  1 nodes.
             Both:        1.06 GB reserved,      51.62 MB (  5%) committed. 

Chunk freelists:
   Non-Class:  2.81 MB
       Class:  8.87 MB
        Both:  11.69 MB

MaxMetaspaceSize: unlimited
CompressedClassSpaceSize: 1.00 GB
Initial GC threshold: 21.00 MB
Current GC threshold: 59.19 MB
CDS: on
 - commit_granule_bytes: 65536.
 - commit_granule_words: 8192.
 - virtual_space_node_default_size: 8388608.
 - enlarge_chunks_in_place: 1.
 - use_allocation_guard: 0.


Internal statistics:

num_allocs_failed_limit: 6.
num_arena_births: 822.
num_arena_deaths: 0.
num_vsnodes_births: 2.
num_vsnodes_deaths: 0.
num_space_committed: 826.
num_space_uncommitted: 0.
num_chunks_returned_to_freelist: 6.
num_chunks_taken_from_freelist: 2485.
num_chunk_merges: 0.
num_chunk_splits: 1812.
num_chunks_enlarged: 1393.
num_inconsistent_stats: 0.

CodeCache: size=49152Kb used=10411Kb max_used=13472Kb free=38741Kb
 bounds [0x0000018bc0880000, 0x0000018bc15b0000, 0x0000018bc3880000]
 total_blobs=5925 nmethods=5282 adapters=565
 compilation: enabled
              stopped_count=0, restarted_count=0
 full_count=0

Compilation events (20 events):
Event: 64.347 Thread 0x0000018bcbcba100 5328       1       java.io.ObjectStreamClass::hasWriteObjectData (9 bytes)
Event: 64.347 Thread 0x0000018bcbcba100 nmethod 5328 0x0000018bc0df9810 code [0x0000018bc0df99c0, 0x0000018bc0df9b40]
Event: 64.347 Thread 0x0000018bcbcba100 5329   !   1       sun.rmi.transport.StreamRemoteCall::releaseInputStream (62 bytes)
Event: 64.348 Thread 0x0000018bcbcba100 nmethod 5329 0x0000018bc0df9110 code [0x0000018bc0df92e0, 0x0000018bc0df9560]
Event: 64.348 Thread 0x0000018bcbcba100 5330       1       sun.rmi.transport.tcp.TCPConnection::releaseInputStream (1 bytes)
Event: 64.348 Thread 0x0000018bcbcba100 nmethod 5330 0x0000018bc0df8e10 code [0x0000018bc0df8fa0, 0x0000018bc0df9068]
Event: 64.348 Thread 0x0000018bcbcba100 5321       1       sun.rmi.transport.Target::getDispatcher (5 bytes)
Event: 64.348 Thread 0x0000018bcbcba100 nmethod 5321 0x0000018bc0df8b10 code [0x0000018bc0df8ca0, 0x0000018bc0df8d70]
Event: 64.348 Thread 0x0000018bcbcba100 5322       1       sun.rmi.transport.Target::getAccessControlContext (5 bytes)
Event: 64.348 Thread 0x0000018bcbcba100 nmethod 5322 0x0000018bc0df8810 code [0x0000018bc0df89a0, 0x0000018bc0df8a70]
Event: 64.348 Thread 0x0000018bcbcba100 5323       1       sun.rmi.transport.Target::getContextClassLoader (5 bytes)
Event: 64.348 Thread 0x0000018bcbcba100 nmethod 5323 0x0000018bc0df8510 code [0x0000018bc0df86a0, 0x0000018bc0df8770]
Event: 64.859 Thread 0x0000018bcbcba100 5331       1       java.io.FilterInputStream::read (8 bytes)
Event: 64.859 Thread 0x0000018bcbcba100 nmethod 5331 0x0000018bc0df8190 code [0x0000018bc0df8340, 0x0000018bc0df8440]
Event: 65.368 Thread 0x0000018bcbcba100 5332       1       java.io.DataOutputStream::writeByte (14 bytes)
Event: 65.368 Thread 0x0000018bcbcba100 nmethod 5332 0x0000018bc0df7e10 code [0x0000018bc0df7fc0, 0x0000018bc0df80e0]
Event: 65.921 Thread 0x0000018bcbcba100 5333       1       sun.rmi.transport.tcp.TCPConnection::releaseOutputStream (15 bytes)
Event: 65.922 Thread 0x0000018bcbcba100 nmethod 5333 0x0000018bc0df7a90 code [0x0000018bc0df7c40, 0x0000018bc0df7d48]
Event: 65.922 Thread 0x0000018bcbcba100 5334       1       java.io.ObjectInputStream::readString (117 bytes)
Event: 65.923 Thread 0x0000018bcbcba100 nmethod 5334 0x0000018bc0df6990 code [0x0000018bc0df6c40, 0x0000018bc0df74f0]

GC Heap History (20 events):
Event: 1.220 GC heap before
{Heap before GC invocations=5 (full 0):
 garbage-first heap   total 45056K, used 28748K [0x0000000705800000, 0x0000000800000000)
  region size 2048K, 12 young (24576K), 2 survivors (4096K)
 Metaspace       used 15513K, committed 15936K, reserved 1114112K
  class space    used 1976K, committed 2176K, reserved 1048576K
}
Event: 1.223 GC heap after
{Heap after GC invocations=6 (full 0):
 garbage-first heap   total 45056K, used 10835K [0x0000000705800000, 0x0000000800000000)
  region size 2048K, 2 young (4096K), 2 survivors (4096K)
 Metaspace       used 15513K, committed 15936K, reserved 1114112K
  class space    used 1976K, committed 2176K, reserved 1048576K
}
Event: 1.290 GC heap before
{Heap before GC invocations=6 (full 0):
 garbage-first heap   total 45056K, used 31315K [0x0000000705800000, 0x0000000800000000)
  region size 2048K, 12 young (24576K), 2 survivors (4096K)
 Metaspace       used 17358K, committed 17792K, reserved 1114112K
  class space    used 2179K, committed 2368K, reserved 1048576K
}
Event: 1.292 GC heap after
{Heap after GC invocations=7 (full 0):
 garbage-first heap   total 151552K, used 11553K [0x0000000705800000, 0x0000000800000000)
  region size 2048K, 2 young (4096K), 2 survivors (4096K)
 Metaspace       used 17358K, committed 17792K, reserved 1114112K
  class space    used 2179K, committed 2368K, reserved 1048576K
}
Event: 1.411 GC heap before
{Heap before GC invocations=7 (full 0):
 garbage-first heap   total 151552K, used 52513K [0x0000000705800000, 0x0000000800000000)
  region size 2048K, 24 young (49152K), 2 survivors (4096K)
 Metaspace       used 21147K, committed 21504K, reserved 1114112K
  class space    used 2704K, committed 2880K, reserved 1048576K
}
Event: 1.414 GC heap after
{Heap after GC invocations=8 (full 0):
 garbage-first heap   total 151552K, used 12627K [0x0000000705800000, 0x0000000800000000)
  region size 2048K, 2 young (4096K), 2 survivors (4096K)
 Metaspace       used 21147K, committed 21504K, reserved 1114112K
  class space    used 2704K, committed 2880K, reserved 1048576K
}
Event: 1.715 GC heap before
{Heap before GC invocations=9 (full 0):
 garbage-first heap   total 55296K, used 53587K [0x0000000705800000, 0x0000000800000000)
  region size 2048K, 22 young (45056K), 2 survivors (4096K)
 Metaspace       used 23533K, committed 23936K, reserved 1114112K
  class space    used 3021K, committed 3200K, reserved 1048576K
}
Event: 1.720 GC heap after
{Heap after GC invocations=10 (full 0):
 garbage-first heap   total 61440K, used 14524K [0x0000000705800000, 0x0000000800000000)
  region size 2048K, 3 young (6144K), 3 survivors (6144K)
 Metaspace       used 23533K, committed 23936K, reserved 1114112K
  class space    used 3021K, committed 3200K, reserved 1048576K
}
Event: 1.927 GC heap before
{Heap before GC invocations=10 (full 0):
 garbage-first heap   total 61440K, used 45244K [0x0000000705800000, 0x0000000800000000)
  region size 2048K, 18 young (36864K), 3 survivors (6144K)
 Metaspace       used 25449K, committed 25856K, reserved 1114112K
  class space    used 3304K, committed 3520K, reserved 1048576K
}
Event: 1.931 GC heap after
{Heap after GC invocations=11 (full 0):
 garbage-first heap   total 61440K, used 15542K [0x0000000705800000, 0x0000000800000000)
  region size 2048K, 3 young (6144K), 3 survivors (6144K)
 Metaspace       used 25449K, committed 25856K, reserved 1114112K
  class space    used 3304K, committed 3520K, reserved 1048576K
}
Event: 2.162 GC heap before
{Heap before GC invocations=11 (full 0):
 garbage-first heap   total 61440K, used 46262K [0x0000000705800000, 0x0000000800000000)
  region size 2048K, 18 young (36864K), 3 survivors (6144K)
 Metaspace       used 28164K, committed 28672K, reserved 1114112K
  class space    used 3702K, committed 3904K, reserved 1048576K
}
Event: 2.166 GC heap after
{Heap after GC invocations=12 (full 0):
 garbage-first heap   total 159744K, used 17149K [0x0000000705800000, 0x0000000800000000)
  region size 2048K, 2 young (4096K), 2 survivors (4096K)
 Metaspace       used 28164K, committed 28672K, reserved 1114112K
  class space    used 3702K, committed 3904K, reserved 1048576K
}
Event: 2.831 GC heap before
{Heap before GC invocations=12 (full 0):
 garbage-first heap   total 159744K, used 86781K [0x0000000705800000, 0x0000000800000000)
  region size 2048K, 38 young (77824K), 2 survivors (4096K)
 Metaspace       used 35566K, committed 36096K, reserved 1114112K
  class space    used 4618K, committed 4864K, reserved 1048576K
}
Event: 2.837 GC heap after
{Heap after GC invocations=13 (full 0):
 garbage-first heap   total 159744K, used 20558K [0x0000000705800000, 0x0000000800000000)
  region size 2048K, 4 young (8192K), 4 survivors (8192K)
 Metaspace       used 35566K, committed 36096K, reserved 1114112K
  class space    used 4618K, committed 4864K, reserved 1048576K
}
Event: 3.246 GC heap before
{Heap before GC invocations=14 (full 0):
 garbage-first heap   total 81920K, used 79950K [0x0000000705800000, 0x0000000800000000)
  region size 2048K, 33 young (67584K), 4 survivors (8192K)
 Metaspace       used 42628K, committed 43200K, reserved 1114112K
  class space    used 5591K, committed 5824K, reserved 1048576K
}
Event: 3.251 GC heap after
{Heap after GC invocations=15 (full 0):
 garbage-first heap   total 90112K, used 21993K [0x0000000705800000, 0x0000000800000000)
  region size 2048K, 4 young (8192K), 4 survivors (8192K)
 Metaspace       used 42628K, committed 43200K, reserved 1114112K
  class space    used 5591K, committed 5824K, reserved 1048576K
}
Event: 3.492 GC heap before
{Heap before GC invocations=15 (full 0):
 garbage-first heap   total 90112K, used 67049K [0x0000000705800000, 0x0000000800000000)
  region size 2048K, 26 young (53248K), 4 survivors (8192K)
 Metaspace       used 46344K, committed 46912K, reserved 1114112K
  class space    used 6214K, committed 6464K, reserved 1048576K
}
Event: 3.497 GC heap after
{Heap after GC invocations=16 (full 0):
 garbage-first heap   total 90112K, used 22986K [0x0000000705800000, 0x0000000800000000)
  region size 2048K, 2 young (4096K), 2 survivors (4096K)
 Metaspace       used 46344K, committed 46912K, reserved 1114112K
  class space    used 6214K, committed 6464K, reserved 1048576K
}
Event: 3.723 GC heap before
{Heap before GC invocations=16 (full 0):
 garbage-first heap   total 90112K, used 70090K [0x0000000705800000, 0x0000000800000000)
  region size 2048K, 26 young (53248K), 2 survivors (4096K)
 Metaspace       used 51731K, committed 52288K, reserved 1114112K
  class space    used 6992K, committed 7232K, reserved 1048576K
}
Event: 3.727 GC heap after
{Heap after GC invocations=17 (full 0):
 garbage-first heap   total 90112K, used 23508K [0x0000000705800000, 0x0000000800000000)
  region size 2048K, 2 young (4096K), 2 survivors (4096K)
 Metaspace       used 51731K, committed 52288K, reserved 1114112K
  class space    used 6992K, committed 7232K, reserved 1048576K
}

Dll operation events (12 events):
Event: 0.010 Loaded shared library C:\pleiades\2024-06\java\21\bin\java.dll
Event: 0.204 Loaded shared library C:\pleiades\2024-06\java\21\bin\zip.dll
Event: 0.207 Loaded shared library C:\pleiades\2024-06\java\21\bin\instrument.dll
Event: 0.210 Loaded shared library C:\pleiades\2024-06\java\21\bin\net.dll
Event: 0.211 Loaded shared library C:\pleiades\2024-06\java\21\bin\nio.dll
Event: 0.213 Loaded shared library C:\pleiades\2024-06\java\21\bin\zip.dll
Event: 0.302 Loaded shared library C:\pleiades\2024-06\java\21\bin\jimage.dll
Event: 0.334 Loaded shared library C:\pleiades\2024-06\java\21\bin\management.dll
Event: 0.341 Loaded shared library C:\pleiades\2024-06\java\21\bin\management_ext.dll
Event: 0.492 Loaded shared library C:\pleiades\2024-06\java\21\bin\verify.dll
Event: 0.600 Loaded shared library C:\pleiades\2024-06\java\21\bin\extnet.dll
Event: 1.442 Loaded shared library C:\pleiades\2024-06\java\21\bin\sunmscapi.dll

Deoptimization events (20 events):
Event: 64.346 Thread 0x0000018c12310fc0 DEOPT PACKING pc=0x0000018bc1516bf4 sp=0x00000036259fece0
Event: 64.346 Thread 0x0000018c12310fc0 DEOPT UNPACKING pc=0x0000018bc08d4e42 sp=0x00000036259fe1d0 mode 1
Event: 64.859 Thread 0x0000018c12310fc0 DEOPT PACKING pc=0x0000018bc1514e14 sp=0x00000036259feb30
Event: 64.859 Thread 0x0000018c12310fc0 DEOPT UNPACKING pc=0x0000018bc08d4e42 sp=0x00000036259fe030 mode 1
Event: 64.859 Thread 0x0000018c12310fc0 DEOPT PACKING pc=0x0000018bc1516bf4 sp=0x00000036259fece0
Event: 64.859 Thread 0x0000018c12310fc0 DEOPT UNPACKING pc=0x0000018bc08d4e42 sp=0x00000036259fe1d0 mode 1
Event: 65.369 Thread 0x0000018c12310fc0 DEOPT PACKING pc=0x0000018bc1514e14 sp=0x00000036259feb30
Event: 65.369 Thread 0x0000018c12310fc0 DEOPT UNPACKING pc=0x0000018bc08d4e42 sp=0x00000036259fe030 mode 1
Event: 65.369 Thread 0x0000018c12310fc0 DEOPT PACKING pc=0x0000018bc1516bf4 sp=0x00000036259fece0
Event: 65.369 Thread 0x0000018c12310fc0 DEOPT UNPACKING pc=0x0000018bc08d4e42 sp=0x00000036259fe1d0 mode 1
Event: 65.922 Thread 0x0000018c12310fc0 DEOPT PACKING pc=0x0000018bc1514e14 sp=0x00000036259feb30
Event: 65.922 Thread 0x0000018c12310fc0 DEOPT UNPACKING pc=0x0000018bc08d4e42 sp=0x00000036259fe030 mode 1
Event: 65.922 Thread 0x0000018c12310fc0 DEOPT PACKING pc=0x0000018bc1516bf4 sp=0x00000036259fece0
Event: 65.922 Thread 0x0000018c12310fc0 DEOPT UNPACKING pc=0x0000018bc08d4e42 sp=0x00000036259fe1d0 mode 1
Event: 66.425 Thread 0x0000018c12310fc0 DEOPT PACKING pc=0x0000018bc1514e14 sp=0x00000036259feb30
Event: 66.425 Thread 0x0000018c12310fc0 DEOPT UNPACKING pc=0x0000018bc08d4e42 sp=0x00000036259fe030 mode 1
Event: 66.425 Thread 0x0000018c12310fc0 DEOPT PACKING pc=0x0000018bc1516bf4 sp=0x00000036259fece0
Event: 66.425 Thread 0x0000018c12310fc0 DEOPT UNPACKING pc=0x0000018bc08d4e42 sp=0x00000036259fe1d0 mode 1
Event: 66.683 Thread 0x0000018c1213c6e0 DEOPT PACKING pc=0x0000018bc0e6f7b4 sp=0x00000036256fdcd0
Event: 66.683 Thread 0x0000018c1213c6e0 DEOPT UNPACKING pc=0x0000018bc08d4e42 sp=0x00000036256fd188 mode 0

Classes loaded (20 events):
Event: 3.571 Loading class javax/naming/RefAddr
Event: 3.571 Loading class javax/naming/RefAddr done
Event: 3.571 Loading class javax/naming/StringRefAddr
Event: 3.571 Loading class javax/naming/StringRefAddr done
Event: 3.588 Loading class java/util/concurrent/CompletionStage
Event: 3.588 Loading class java/util/concurrent/CompletionStage done
Event: 3.589 Loading class java/util/concurrent/CompletableFuture
Event: 3.589 Loading class java/util/concurrent/CompletableFuture done
Event: 3.589 Loading class java/util/concurrent/CompletableFuture$AltResult
Event: 3.589 Loading class java/util/concurrent/CompletableFuture$AltResult done
Event: 3.589 Loading class java/util/concurrent/CompletableFuture$Completion
Event: 3.589 Loading class java/util/concurrent/CompletableFuture$AsynchronousCompletionTask
Event: 3.589 Loading class java/util/concurrent/CompletableFuture$AsynchronousCompletionTask done
Event: 3.589 Loading class java/util/concurrent/CompletableFuture$Completion done
Event: 3.622 Loading class java/util/concurrent/CancellationException
Event: 3.622 Loading class java/util/concurrent/CancellationException done
Event: 3.751 Loading class javax/naming/Reference
Event: 3.751 Loading class javax/naming/Reference done
Event: 3.752 Loading class java/util/ArrayList$ListItr
Event: 3.752 Loading class java/util/ArrayList$ListItr done

Classes unloaded (0 events):
No events

Classes redefined (1 events):
Event: 66.694 Thread 0x0000018bcbc86220 redefined class name=com.example.demo.KusunokiController01, count=1

Internal exceptions (20 events):
Event: 2.202 Thread 0x0000018c1213c6e0 Exception <a 'java/lang/NoSuchMethodError'{0x000000070f1a5f80}: 'java.lang.Object java.lang.invoke.Invokers$Holder.linkToTargetMethod(java.lang.Object, java.lang.Object, int, java.lang.Object)'> (0x000000070f1a5f80) 
thrown [s\src\hotspot\share\interpreter\linkResolver.cpp, line 773]
Event: 2.328 Thread 0x0000018c1213c6e0 Exception <a 'sun/nio/fs/WindowsException'{0x000000070dd6f678}> (0x000000070dd6f678) 
thrown [s\src\hotspot\share\prims\jni.cpp, line 520]
Event: 2.328 Thread 0x0000018c1213c6e0 Exception <a 'sun/nio/fs/WindowsException'{0x000000070dd6fdc8}> (0x000000070dd6fdc8) 
thrown [s\src\hotspot\share\prims\jni.cpp, line 520]
Event: 2.331 Thread 0x0000018c1213c6e0 Exception <a 'java/lang/NoSuchMethodError'{0x000000070dda7be8}: 'int java.lang.invoke.DirectMethodHandle$Holder.invokeVirtual(java.lang.Object, java.lang.Object, java.lang.Object, java.lang.Object)'> (0x000000070dda7be8) 
thrown [s\src\hotspot\share\interpreter\linkResolver.cpp, line 773]
Event: 2.331 Thread 0x0000018c1213c6e0 Exception <a 'java/lang/NoSuchMethodError'{0x000000070ddab650}: 'int java.lang.invoke.DelegatingMethodHandle$Holder.reinvoke_L(java.lang.Object, java.lang.Object, java.lang.Object, java.lang.Object)'> (0x000000070ddab650) 
thrown [s\src\hotspot\share\interpreter\linkResolver.cpp, line 773]
Event: 2.372 Thread 0x0000018c1213c6e0 Exception <a 'java/io/FileNotFoundException'{0x000000070d6ccfe0}> (0x000000070d6ccfe0) 
thrown [s\src\hotspot\share\prims\jni.cpp, line 520]
Event: 2.391 Thread 0x0000018c1213c6e0 Exception <a 'java/lang/NoSuchMethodError'{0x000000070d4ae3f0}: 'int java.lang.invoke.DirectMethodHandle$Holder.invokeInterface(java.lang.Object, java.lang.Object, java.lang.Object, java.lang.Object)'> (0x000000070d4ae3f0) 
thrown [s\src\hotspot\share\interpreter\linkResolver.cpp, line 773]
Event: 2.421 Thread 0x0000018c1213c6e0 Exception <a 'java/lang/NoSuchMethodError'{0x000000070d08eb00}: 'long java.lang.invoke.DirectMethodHandle$Holder.invokeVirtual(java.lang.Object, java.lang.Object)'> (0x000000070d08eb00) 
thrown [s\src\hotspot\share\interpreter\linkResolver.cpp, line 773]
Event: 2.424 Thread 0x0000018c1213c6e0 Exception <a 'java/io/FileNotFoundException'{0x000000070d104e30}> (0x000000070d104e30) 
thrown [s\src\hotspot\share\prims\jni.cpp, line 520]
Event: 2.565 Thread 0x0000018c1213c6e0 Exception <a 'java/lang/NoSuchMethodError'{0x000000070c828dc8}: 'java.lang.Object java.lang.invoke.DirectMethodHandle$Holder.newInvokeSpecial(java.lang.Object, java.lang.Object, java.lang.Object, java.lang.Object, java.lang.Object, java.lang.Object, java.lang.Object, java.lang.Object, java.lang.Object, java.lang.Object, java.lang.Object)'> (0x000000070c828dc8) 
thrown [s\src\hotspot\share\interpreter\linkResolver.cpp, line 773]
Event: 2.802 Thread 0x0000018c1213c6e0 Exception <a 'sun/nio/fs/WindowsException'{0x000000070af981a8}> (0x000000070af981a8) 
thrown [s\src\hotspot\share\prims\jni.cpp, line 520]
Event: 2.990 Thread 0x0000018c1213c6e0 Exception <a 'java/lang/NoSuchMethodError'{0x0000000709724c40}: 'java.lang.Object java.lang.invoke.DirectMethodHandle$Holder.invokeStaticInit(java.lang.Object, java.lang.Object, java.lang.Object, java.lang.Object)'> (0x0000000709724c40) 
thrown [s\src\hotspot\share\interpreter\linkResolver.cpp, line 773]
Event: 3.025 Thread 0x0000018c1213c6e0 Exception <a 'java/lang/NoSuchMethodError'{0x00000007090f5d20}: 'void java.lang.invoke.DelegatingMethodHandle$Holder.reinvoke_L(java.lang.Object, java.lang.Object, java.lang.Object, java.lang.Object, int, java.lang.Object, java.lang.Object, java.lang.Object)'> (0x00000007090f5d20) 
thrown [s\src\hotspot\share\interpreter\linkResolver.cpp, line 773]
Event: 3.399 Thread 0x0000018c1213c6e0 Exception <a 'java/lang/NoSuchMethodError'{0x0000000708a9a0a0}: 'int java.lang.invoke.DirectMethodHandle$Holder.invokeStatic(java.lang.Object)'> (0x0000000708a9a0a0) 
thrown [s\src\hotspot\share\interpreter\linkResolver.cpp, line 773]
Event: 3.483 Thread 0x0000018c1213c6e0 Exception <a 'java/lang/NoSuchMethodError'{0x0000000707c7ab80}: 'int java.lang.invoke.Invokers$Holder.invokeExact_MT(java.lang.Object, java.lang.Object)'> (0x0000000707c7ab80) 
thrown [s\src\hotspot\share\interpreter\linkResolver.cpp, line 773]
Event: 3.626 Thread 0x0000018c1213c6e0 Exception <a 'java/lang/IncompatibleClassChangeError'{0x00000007095caa00}: Found class java.lang.Object, but interface was expected> (0x00000007095caa00) 
thrown [s\src\hotspot\share\interpreter\linkResolver.cpp, line 840]
Event: 3.638 Thread 0x0000018c1213c6e0 Exception <a 'java/lang/NoSuchMethodError'{0x000000070907f3c0}: 'java.lang.Object java.lang.invoke.DirectMethodHandle$Holder.invokeStatic(java.lang.Object, java.lang.Object, int, java.lang.Object)'> (0x000000070907f3c0) 
thrown [s\src\hotspot\share\interpreter\linkResolver.cpp, line 773]
Event: 3.638 Thread 0x0000018c1213c6e0 Exception <a 'java/lang/NoSuchMethodError'{0x0000000709082bb8}: 'java.lang.Object java.lang.invoke.DirectMethodHandle$Holder.invokeStaticInit(java.lang.Object, java.lang.Object, int, java.lang.Object)'> (0x0000000709082bb8) 
thrown [s\src\hotspot\share\interpreter\linkResolver.cpp, line 773]
Event: 3.736 Thread 0x0000018c1213c6e0 Exception <a 'java/lang/NoSuchMethodError'{0x0000000715374ed0}: 'void java.lang.invoke.DirectMethodHandle$Holder.invokeInterface(java.lang.Object, java.lang.Object)'> (0x0000000715374ed0) 
thrown [s\src\hotspot\share\interpreter\linkResolver.cpp, line 773]
Event: 3.756 Thread 0x0000018c1213c6e0 Exception <a 'java/lang/NoSuchMethodError'{0x000000070aaed1e0}: 'void java.lang.invoke.Invokers$Holder.invokeExact_MT(java.lang.Object, java.lang.Object, java.lang.Object, java.lang.Object)'> (0x000000070aaed1e0) 
thrown [s\src\hotspot\share\interpreter\linkResolver.cpp, line 773]

ZGC Phase Switch (0 events):
No events

VM Operations (20 events):
Event: 24.028 Executing VM operation: Cleanup
Event: 24.028 Executing VM operation: Cleanup done
Event: 40.065 Executing VM operation: Cleanup
Event: 40.065 Executing VM operation: Cleanup done
Event: 52.138 Executing VM operation: Cleanup
Event: 52.138 Executing VM operation: Cleanup done
Event: 53.144 Executing VM operation: Cleanup
Event: 53.144 Executing VM operation: Cleanup done
Event: 60.220 Executing VM operation: HandshakeAllThreads (HandshakeForDeflation)
Event: 60.220 Executing VM operation: HandshakeAllThreads (HandshakeForDeflation) done
Event: 60.220 Executing VM operation: RendezvousGCThreads
Event: 60.220 Executing VM operation: RendezvousGCThreads done
Event: 66.683 Executing VM operation: ChangeSingleStep
Event: 66.683 Executing VM operation: ChangeSingleStep done
Event: 66.683 Executing VM operation: ChangeSingleStep
Event: 66.683 Executing VM operation: ChangeSingleStep done
Event: 66.691 Executing VM operation: RedefineClasses
Event: 66.702 Executing VM operation: RedefineClasses done
Event: 66.704 Executing VM operation: ChangeSingleStep
Event: 66.704 Executing VM operation: ChangeSingleStep done

Events (20 events):
Event: 2.846 Thread 0x0000018bcbc86220 flushing nmethod 0x0000018bc0c8f990
Event: 2.846 Thread 0x0000018bcbc86220 flushing nmethod 0x0000018bc0bd1190
Event: 2.846 Thread 0x0000018bcbc86220 flushing nmethod 0x0000018bc0bc9c10
Event: 2.846 Thread 0x0000018bcbc86220 flushing nmethod 0x0000018bc0b87490
Event: 2.846 Thread 0x0000018bcbc86220 flushing nmethod 0x0000018bc0b30b10
Event: 2.846 Thread 0x0000018bcbc86220 flushing nmethod 0x0000018bc0b2fd90
Event: 2.846 Thread 0x0000018bcbc86220 flushing nmethod 0x0000018bc0af1310
Event: 2.980 Thread 0x0000018c1231b620 Thread added: 0x0000018c1231b620
Event: 3.095 Thread 0x0000018c1231a270 Thread added: 0x0000018c1231a270
Event: 4.750 Thread 0x0000018c119ccc70 Thread exited: 0x0000018c119ccc70
Event: 4.750 Thread 0x0000018c119b1ac0 Thread exited: 0x0000018c119b1ac0
Event: 4.751 Thread 0x0000018c119b1410 Thread exited: 0x0000018c119b1410
Event: 5.307 Thread 0x0000018c119923b0 Thread exited: 0x0000018c119923b0
Event: 6.316 Thread 0x0000018c11092c00 Thread exited: 0x0000018c11092c00
Event: 6.317 Thread 0x0000018c11092550 Thread exited: 0x0000018c11092550
Event: 8.562 Thread 0x0000018c1231a270 Thread exited: 0x0000018c1231a270
Event: 38.597 Thread 0x0000018c119923b0 Thread added: 0x0000018c119923b0
Event: 41.212 Thread 0x0000018c119923b0 Thread exited: 0x0000018c119923b0
Event: 44.388 Thread 0x0000018c119923b0 Thread added: 0x0000018c119923b0
Event: 48.566 Thread 0x0000018c119923b0 Thread exited: 0x0000018c119923b0


Dynamic libraries:
0x00007ff7c3820000 - 0x00007ff7c382e000 	C:\pleiades\2024-06\java\21\bin\javaw.exe
0x00007ffee7b40000 - 0x00007ffee7da3000 	C:\WINDOWS\SYSTEM32\ntdll.dll
0x00007ffee6a90000 - 0x00007ffee6b58000 	C:\WINDOWS\System32\KERNEL32.DLL
0x00007ffee5120000 - 0x00007ffee54d2000 	C:\WINDOWS\System32\KERNELBASE.dll
0x00007ffee54e0000 - 0x00007ffee562b000 	C:\WINDOWS\System32\ucrtbase.dll
0x00007ffea3f10000 - 0x00007ffea3f28000 	C:\pleiades\2024-06\java\21\bin\jli.dll
0x00007ffe906a0000 - 0x00007ffe906bb000 	C:\pleiades\2024-06\java\21\bin\VCRUNTIME140.dll
0x00007ffee5d50000 - 0x00007ffee5f18000 	C:\WINDOWS\System32\USER32.dll
0x00007ffee5040000 - 0x00007ffee5067000 	C:\WINDOWS\System32\win32u.dll
0x00007ffec5840000 - 0x00007ffec5ad0000 	C:\WINDOWS\WinSxS\amd64_microsoft.windows.common-controls_6595b64144ccf1df_6.0.26100.2454_none_3e0b68a2e331ad60\COMCTL32.dll
0x00007ffee5d20000 - 0x00007ffee5d4a000 	C:\WINDOWS\System32\GDI32.dll
0x00007ffee6fe0000 - 0x00007ffee7089000 	C:\WINDOWS\System32\msvcrt.dll
0x00007ffee4f10000 - 0x00007ffee503b000 	C:\WINDOWS\System32\gdi32full.dll
0x00007ffee5070000 - 0x00007ffee5113000 	C:\WINDOWS\System32\msvcp_win.dll
0x00007ffee60e0000 - 0x00007ffee610f000 	C:\WINDOWS\System32\IMM32.DLL
0x00007ffeccf00000 - 0x00007ffeccf0c000 	C:\pleiades\2024-06\java\21\bin\vcruntime140_1.dll
0x00007ffe70020000 - 0x00007ffe700ae000 	C:\pleiades\2024-06\java\21\bin\msvcp140.dll
0x00007ffe56100000 - 0x00007ffe56e82000 	C:\pleiades\2024-06\java\21\bin\server\jvm.dll
0x00007ffee7a20000 - 0x00007ffee7ad4000 	C:\WINDOWS\System32\ADVAPI32.dll
0x00007ffee5b90000 - 0x00007ffee5c36000 	C:\WINDOWS\System32\sechost.dll
0x00007ffee7110000 - 0x00007ffee7226000 	C:\WINDOWS\System32\RPCRT4.dll
0x00007ffee7090000 - 0x00007ffee7104000 	C:\WINDOWS\System32\WS2_32.dll
0x00007ffee4da0000 - 0x00007ffee4dee000 	C:\WINDOWS\SYSTEM32\POWRPROF.dll
0x00007ffed12e0000 - 0x00007ffed12eb000 	C:\WINDOWS\SYSTEM32\VERSION.dll
0x00007ffedd540000 - 0x00007ffedd576000 	C:\WINDOWS\SYSTEM32\WINMM.dll
0x00007ffee4d80000 - 0x00007ffee4d94000 	C:\WINDOWS\SYSTEM32\UMPDC.dll
0x00007ffee3d10000 - 0x00007ffee3d2a000 	C:\WINDOWS\SYSTEM32\kernel.appcore.dll
0x00007ffed1970000 - 0x00007ffed197a000 	C:\pleiades\2024-06\java\21\bin\jimage.dll
0x00007ffee2620000 - 0x00007ffee2861000 	C:\WINDOWS\SYSTEM32\DBGHELP.DLL
0x00007ffee6c50000 - 0x00007ffee6fce000 	C:\WINDOWS\System32\combase.dll
0x00007ffee6b70000 - 0x00007ffee6c46000 	C:\WINDOWS\System32\OLEAUT32.dll
0x00007ffec7660000 - 0x00007ffec7699000 	C:\WINDOWS\SYSTEM32\dbgcore.DLL
0x00007ffee5900000 - 0x00007ffee5999000 	C:\WINDOWS\System32\bcryptPrimitives.dll
0x00007ffed15e0000 - 0x00007ffed161c000 	C:\pleiades\2024-06\java\21\bin\jdwp.dll
0x00007ffece150000 - 0x00007ffece15f000 	C:\pleiades\2024-06\java\21\bin\instrument.dll
0x00007ffe9fae0000 - 0x00007ffe9faff000 	C:\pleiades\2024-06\java\21\bin\java.dll
0x00007ffee6130000 - 0x00007ffee6831000 	C:\WINDOWS\System32\SHELL32.dll
0x00007ffee2be0000 - 0x00007ffee3411000 	C:\WINDOWS\SYSTEM32\windows.storage.dll
0x00007ffee5c40000 - 0x00007ffee5d1a000 	C:\WINDOWS\System32\SHCORE.dll
0x00007ffee6a30000 - 0x00007ffee6a8d000 	C:\WINDOWS\System32\shlwapi.dll
0x00007ffee4e20000 - 0x00007ffee4e4e000 	C:\WINDOWS\SYSTEM32\profapi.dll
0x00007ffee2080000 - 0x00007ffee208b000 	C:\pleiades\2024-06\java\21\bin\dt_socket.dll
0x00007ffee3780000 - 0x00007ffee37b2000 	C:\WINDOWS\SYSTEM32\IPHLPAPI.DLL
0x00007ffee4200000 - 0x00007ffee4268000 	C:\WINDOWS\system32\mswsock.dll
0x00007ffee3820000 - 0x00007ffee3945000 	C:\WINDOWS\SYSTEM32\DNSAPI.dll
0x00007ffee6120000 - 0x00007ffee612a000 	C:\WINDOWS\System32\NSI.dll
0x00007ffeceb70000 - 0x00007ffeceb7b000 	C:\Windows\System32\rasadhlp.dll
0x00007ffecefd0000 - 0x00007ffecf055000 	C:\WINDOWS\System32\fwpuclnt.dll
0x00007ffe9f480000 - 0x00007ffe9f498000 	C:\pleiades\2024-06\java\21\bin\zip.dll
0x00007ffeccf30000 - 0x00007ffeccf40000 	C:\pleiades\2024-06\java\21\bin\net.dll
0x00007ffed1050000 - 0x00007ffed1176000 	C:\WINDOWS\SYSTEM32\WINHTTP.dll
0x00007ffe9d340000 - 0x00007ffe9d356000 	C:\pleiades\2024-06\java\21\bin\nio.dll
0x00007ffeb5df0000 - 0x00007ffeb5dfa000 	C:\pleiades\2024-06\java\21\bin\management.dll
0x00007ffeb48e0000 - 0x00007ffeb48eb000 	C:\pleiades\2024-06\java\21\bin\management_ext.dll
0x00007ffee7af0000 - 0x00007ffee7af8000 	C:\WINDOWS\System32\PSAPI.DLL
0x00007ffec4b30000 - 0x00007ffec4b48000 	C:\WINDOWS\system32\napinsp.dll
0x00007ffec4b10000 - 0x00007ffec4b22000 	C:\WINDOWS\System32\winrnr.dll
0x00007ffec4ae0000 - 0x00007ffec4b02000 	C:\WINDOWS\system32\nlansp_c.dll
0x00007ffecf270000 - 0x00007ffecf286000 	C:\WINDOWS\system32\wshbth.dll
0x00007ffeb4710000 - 0x00007ffeb4720000 	C:\pleiades\2024-06\java\21\bin\verify.dll
0x00007ffee4430000 - 0x00007ffee444c000 	C:\WINDOWS\SYSTEM32\CRYPTSP.dll
0x00007ffee3c70000 - 0x00007ffee3ca8000 	C:\WINDOWS\system32\rsaenh.dll
0x00007ffee42a0000 - 0x00007ffee42cb000 	C:\WINDOWS\SYSTEM32\USERENV.dll
0x00007ffee46a0000 - 0x00007ffee46c6000 	C:\WINDOWS\SYSTEM32\bcrypt.dll
0x00007ffee4450000 - 0x00007ffee445c000 	C:\WINDOWS\SYSTEM32\CRYPTBASE.dll
0x00007ffee1fd0000 - 0x00007ffee1fd9000 	C:\pleiades\2024-06\java\21\bin\extnet.dll
0x00007ffed00a0000 - 0x00007ffed00ae000 	C:\pleiades\2024-06\java\21\bin\sunmscapi.dll
0x00007ffee5630000 - 0x00007ffee57a6000 	C:\WINDOWS\System32\CRYPT32.dll
0x00007ffee4600000 - 0x00007ffee4630000 	C:\WINDOWS\SYSTEM32\ncrypt.dll
0x00007ffee4590000 - 0x00007ffee45cf000 	C:\WINDOWS\SYSTEM32\NTASN1.dll

dbghelp: loaded successfully - version: 4.0.5 - missing functions: none
symbol engine: initialized successfully - sym options: 0x614 - pdb path: .;C:\pleiades\2024-06\java\21\bin;C:\WINDOWS\SYSTEM32;C:\WINDOWS\WinSxS\amd64_microsoft.windows.common-controls_6595b64144ccf1df_6.0.26100.2454_none_3e0b68a2e331ad60;C:\pleiades\2024-06\java\21\bin\server

VM Arguments:
jvm_args: -XX:+ShowCodeDetailsInExceptionMessages -agentlib:jdwp=transport=dt_socket,suspend=y,address=localhost:59929 -Dcom.sun.management.jmxremote -Dcom.sun.management.jmxremote.port=59928 -Dcom.sun.management.jmxremote.authenticate=false -Dcom.sun.management.jmxremote.ssl=false -Djava.rmi.server.hostname=localhost -Dspring.jmx.enabled=true -Dmanagement.endpoints.jmx.exposure.include=* -Dspring.application.admin.enabled=true -XX:TieredStopAtLevel=1 -Dspring.boot.project.name=GroupTraining -javaagent:C:\pleiades\2024-06\eclipse\configuration\org.eclipse.osgi\251\0\.cp\lib\javaagent-shaded.jar -Dfile.encoding=UTF-8 -Dstdout.encoding=UTF-8 -Dstderr.encoding=UTF-8 
java_command: com.example.demo.GroupTrainingApplication --spring.output.ansi.enabled=always
java_class_path (initial): C:\pleiades\2024-06\workspace\GroupTraining\bin\main;C:\Users\miu09\.gradle\caches\modules-2\files-2.1\org.springframework.boot\spring-boot-starter-thymeleaf\3.4.0\1ec7fdf829d485800146ec333d6e30af9fbc4830\spring-boot-starter-thymeleaf-3.4.0.jar;C:\Users\miu09\.gradle\caches\modules-2\files-2.1\org.springframework.boot\spring-boot-starter-web\3.4.0\5447a62dc3dee3eadf2def23314e0db4c81bb3\spring-boot-starter-web-3.4.0.jar;C:\Users\miu09\.gradle\caches\modules-2\files-2.1\org.springframework.boot\spring-boot-starter-data-jpa\3.4.0\c6e24cab029e2b2ef36c4a5a5b1a82dbaa9d18c0\spring-boot-starter-data-jpa-3.4.0.jar;C:\Users\miu09\.gradle\caches\modules-2\files-2.1\org.springframework.boot\spring-boot-starter-json\3.4.0\b817379dd7629234dbacd52a7d5a6b11f95d8d67\spring-boot-starter-json-3.4.0.jar;C:\Users\miu09\.gradle\caches\modules-2\files-2.1\org.springframework.boot\spring-boot-starter-jdbc\3.4.0\8e24eb3bee1a26a5b0ef58ad677ac3f6bf58a4ea\spring-boot-starter-jdbc-3.4.0.jar;C:\Users\miu09\.gradle\caches\modules-2\files-2.1\org.springframework.boot\spring-boot-starter\3.4.0\81b6241291e468e5654a4df26ee8fb35c2879bbc\spring-boot-starter-3.4.0.jar;C:\Users\miu09\.gradle\caches\modules-2\files-2.1\org.thymeleaf\thymeleaf-spring6\3.1.2.RELEASE\6030c7b4e260c41336f378e53da6e8531263f24b\thymeleaf-spring6-3.1.2.RELEASE.jar;C:\Users\miu09\.gradle\caches\modules-2\files-2.1\org.springframework.boot\spring-boot-starter-tomcat\3.4.0\90a4cb855aa6fab8da0a3831d8fff5e5a9093d6a\spring-boot-starter-tomcat-3.4.0.jar;C:\Users\miu09\.gradle\caches\modules-2\files-2.1\org.springframework\spring-webmvc\6.2.0\2eddfeb4d7a12b1ed301bc07abc7e73bca94c2e9\spring-webmvc-6.2.0.jar;C:\Users\miu09\.gradle\caches\modules-2\files-2.1\org.springframework\spring-web\6.2.0\e1b702476fe83b2354baf88b8179f71c53fbbfae\spring-web-6.2.0.jar;C:\Users\miu09\.gradle\caches\modules-2\files-2.1\org.hibernate.orm\hibernate-core\6.6.2.Final\eb4edddac5d31e47c367dde7d7b53a2a87f364a6\hibernate-core-6.6.2.Final.jar;C:\Users\miu09\.gradle\caches\modules-2\files-2.1\org.springframework.data\spring-data-jpa\3.4.0\b4eba91ce346e78f66dcada67fc493b8acaeac69\spring-data-jpa-3.4.0.jar;C:\Users\miu09\.gradle\caches\modules-2\files-2.1\org.springframework\spring-aspects\6.2.0\b26611284cc7a5540c7dea3788cf79b1fa872f8b\spring-aspects-6.2.0.jar;C:\Users\miu09\.gradle\caches\modules-2\files-2.1\org.springframework.boot\spring-boot-autoconfigure\3.4.0\2cf78b01be25952c96cb8ee60b4b0562b3a136f2\spring-boot-autoconfigure-3.4.0.jar;C:\Users\miu09\.gradle\caches\modules-2\files-2.1\org.springframework.boot\spring-boot\3.4.0\cbc6c54cc6958a5e24872025e0d6ff0c87ed3594\spring-boot-3.4.0.jar;C:\Users\miu09\.gradle\caches\modules-2\files-2.1\org.springframework.boot\spring-boot-starter-logging\3.4.0\10d953f63139bf05ca8bee79272aadac745e297e\spring-boot-starter-logging-3.4.0.jar;C:\Users\miu09\.gradle\caches\modules-2\files-2.1\jakarta.annotation\jakarta.annotation-api\2.1.1\48b9bda22b091b1f48b13af03fe36db3be6e1ae3\jakarta.annotation-api-2.1.1.jar;C:\Users\miu09\.gradle\caches\modules-2\files-2.1\org.springframework\spring-context\6.2.0\c08dc2bbbe833de7ceda56e8b8bbcc7014413a2a\spring-context-6.2.0.jar;C:\Users\miu09\.gradle\caches\modules-2\files-2.1\org.springframework\spring-aop\6.2.0\999012dfb56640f7babdf4f6c55b3f59c1596f3f\spring-aop-6.2.0.jar;C:\Users\miu09\.gradle\caches\modules-2\files-2.1\org.springframework\spring-orm\6.2.0\e02bdeb64ee3986d0e8cf0b53dbb4ca89d25f606\spring-orm-6.2.0.jar;C:\Users\miu09\.gradle\caches\modules-2\files-2.1\org.springframework\spring-jdbc\6.2.0\3907c5ca693671d164fbb056e40146a80c1c39ee\spring-jdbc-6.2.0.jar;C:\Users\miu09\.gradle\caches\modules-2\files-2.1\org.springframework.data\spring-data-commons\3.4.0\18db6a4614e253a642b06a38a359b8d56b855be1\spring-data-commons-3.4.0.jar;C:\Users\miu09\.gradle\caches\modules-2\files-2.1\org.springframework\spring-tx\6.2.0\940031e305c992e11d52cb3e75fb71f71bf5a19d\spring-tx-6.2.0.jar;C:\Users\miu09\.gradle\caches\modules-2\files-2.1\org.springframework\spring-beans\6.2.0\972694ca3c2f44d64d55429dfcc6ca2dfa9fddf\spring-beans-6.2.0.jar;C:\Users\miu09\.gradle\caches\modules-2\files-2.1\org.springframework\spring-expression\6.2.0\7e92dcd147157641446081db281e9437d8f4dcd\spring-expression-6.2.0.jar;C:\Users\miu09\.gradle\caches\modules-2\files-2.1\org.springframework\spring-core\6.2.0\b0d65768b9f99204857dc9a5548443c04ba61c79\spring-core-6.2.0.jar;C:\Users\miu09\.gradle\caches\modules-2\files-2.1\org.yaml\snakeyaml\2.3\936b36210e27320f920536f695cf1af210c44586\snakeyaml-2.3.jar;C:\Users\miu09\.gradle\caches\modules-2\files-2.1\org.thymeleaf\thymeleaf\3.1.2.RELEASE\273997509a4c7aef86cee0521750140c587d9be2\thymeleaf-3.1.2.RELEASE.jar;C:\Users\miu09\.gradle\caches\modules-2\files-2.1\com.zaxxer\HikariCP\5.1.0\8c96e36c14461fc436bb02b264b96ef3ca5dca8c\HikariCP-5.1.0.jar;C:\Users\miu09\.gradle\caches\modules-2\files-2.1\ch.qos.logback\logback-classic\1.5.12\3790d1a62e868f7915776dfb392bd9a29ce8d954\logback-classic-1.5.12.jar;C:\Users\miu09\.gradle\caches\modules-2\files-2.1\org.apache.logging.log4j\log4j-to-slf4j\2.24.1\fc8228007ccbf3bcdd9c6045de2c20bd03dbcf6e\log4j-to-slf4j-2.24.1.jar;C:\Users\miu09\.gradle\caches\modules-2\files-2.1\org.slf4j\jul-to-slf4j\2.0.16\6d57da3e961daac65bcca0dd3def6cd11e48a24a\jul-to-slf4j-2.0.16.jar;C:\Users\miu09\.gradle\caches\modules-2\files-2.1\org.slf4j\slf4j-api\2.0.16\172931663a09a1fa515567af5fbef00897d3c04\slf4j-api-2.0.16.jar;C:\Users\miu09\.gradle\caches\modules-2\files-2.1\com.fasterxml.jackson.datatype\jackson-datatype-jsr310\2.18.1\36e49c07197395164d50df4b8ed17f5fc05430f0\jackson-datatype-jsr310-2.18.1.jar;C:\Users\miu09\.gradle\caches\modules-2\files-2.1\com.fasterxml.jackson.module\jackson-module-parameter-names\2.18.1\202b447a91d5466433f91690f9414dd466dcbc2b\jackson-module-parameter-names-2.18.1.jar;C:\Users\miu09\.gradle\caches\modules-2\files-2.1\com.fasterxml.jackson.core\jackson-annotations\2.18.1\8f9aa97e7fb44d4bea829061625472b0f6199923\jackson-annotations-2.18.1.jar;C:\Users\miu09\.gradle\caches\modules-2\files-2.1\com.fasterxml.jackson.core\jackson-core\2.18.1\9e2284c539e2dedd2aa1487c781e20a0f575d695\jackson-core-2.18.1.jar;C:\Users\miu09\.gradle\caches\modules-2\files-2.1\com.fasterxml.jackson.datatype\jackson-datatype-jdk8\2.18.1\944810b96bfe1d149ecdafb1228537610e14367a\jackson-datatype-jdk8-2.18.1.jar;C:\Users\miu09\.gradle\caches\modules-2\files-2.1\com.fasterxml.jackson.core\jackson-databind\2.18.1\66547d0c6c2f9e022019499308f09bebbf30ab2e\jackson-databind-2.18.1.jar;C:\Users\miu09\.gradle\caches\modules-2\files-2.1\org.apache.tomcat.embed\tomcat-embed-websocket\10.1.33\67feeb848bf741029ed7a0fe91bcae515e7b1c25\tomcat-embed-websocket-10.1.33.jar;C:\Users\miu09\.gradle\caches\modules-2\files-2.1\org.apache.tomcat.embed\tomcat-embed-core\10.1.33\d4d10b953164db057e4a803506e4552731e5a6a0\tomcat-embed-core-10.1.33.jar;C:\Users\miu09\.gradle\caches\modules-2\files-2.1\org.apache.tomcat.embed\tomcat-embed-el\10.1.33\6cdf9afcb8577309fae1181e0a5f2f8cff559d97\tomcat-embed-el-10.1.33.jar;C:\Users\miu09\.gradle\caches\modules-2\files-2.1\io.micrometer\micrometer-observation\1.14.1\db326347a09c9c18b4149aae98b38d280cafdeb9\micrometer-observation-1.14.1.jar;C:\Users\miu09\.gradle\caches\modules-2\files-2.1\jakarta.persistence\jakarta.persistence-api\3.1.0\66901fa1c373c6aff65c13791cc11da72060a8d6\jakarta.persistence-api-3.1.0.jar;C:\Users\miu09\.gradle\caches\modules-2\files-2.1\jakarta.transaction\jakarta.transaction-api\2.0.1\51a520e3fae406abb84e2e1148e6746ce3f80a1a\jakarta.transaction-api-2.0.1.jar;C:\Users\miu09\.gradle\caches\modules-2\files-2.1\org.antlr\antlr4-runtime\4.13.0\5a02e48521624faaf5ff4d99afc88b01686af655\antlr4-runtime-4.13.0.jar;C:\Users\miu09\.gradle\caches\modules-2\files-2.1\org.aspectj\aspectjweaver\1.9.22.1\bca243d0af0db4758fbae45c5f4995cb5dabb612\aspectjweaver-1.9.22.1.jar;C:\Users\miu09\.gradle\caches\modules-2\files-2.1\org.springframework\spring-jcl\6.2.0\2b8e7bb1e751bf585e7db6de1d375c599e0c8cf5\spring-jcl-6.2.0.jar;C:\Users\miu09\.gradle\caches\modules-2\files-2.1\org.attoparser\attoparser\2.0.7.RELEASE\e5d0e988d9124139d645bb5872b24dfa23e283cc\attoparser-2.0.7.RELEASE.jar;C:\Users\miu09\.gradle\caches\modules-2\files-2.1\org.unbescape\unbescape\1.1.6.RELEASE\7b90360afb2b860e09e8347112800d12c12b2a13\unbescape-1.1.6.RELEASE.jar;C:\Users\miu09\.gradle\caches\modules-2\files-2.1\io.micrometer\micrometer-commons\1.14.1\b7cf441e6c9de70794b09086751a8ec0e311d47e\micrometer-commons-1.14.1.jar;C:\Users\miu09\.gradle\caches\modules-2\files-2.1\ch.qos.logback\logback-core\1.5.12\65b1fa25fe8d8e4bdc140e79eb67ac6741f775e2\logback-core-1.5.12.jar;C:\Users\miu09\.gradle\caches\modules-2\files-2.1\org.apache.logging.log4j\log4j-api\2.24.1\7ebeb12c20606373005af4232cd0ecca72613dda\log4j-api-2.24.1.jar;C:\Users\miu09\.gradle\caches\modules-2\files-2.1\org.springframework.boot\spring-boot-devtools\3.4.0\21d0e006937138605c3a7da926483f1884d8dfb0\spring-boot-devtools-3.4.0.jar;C:\Users\miu09\.gradle\caches\modules-2\files-2.1\com.mysql\mysql-connector-j\9.1.0\5fb1d513278e1a9767dfa80ea9d8d7ee909f1a\mysql-connector-j-9.1.0.jar;C:\Users\miu09\.gradle\caches\modules-2\files-2.1\org.jboss.logging\jboss-logging\3.6.1.Final\886afbb445b4016a37c8960a7aef6ebd769ce7e5\jboss-logging-3.6.1.Final.jar;C:\Users\miu09\.gradle\caches\modules-2\files-2.1\org.hibernate.common\hibernate-commons-annotations\7.0.3.Final\e183c4be8bb41d12e9f19b374e00c34a0a85f439\hibernate-commons-annotations-7.0.3.Final.jar;C:\Users\miu09\.gradle\caches\modules-2\files-2.1\io.smallrye\jandex\3.2.0\f17ad860f62a08487b9edabde608f8ac55c62fa7\jandex-3.2.0.jar;C:\Users\miu09\.gradle\caches\modules-2\files-2.1\com.fasterxml\classmate\1.7.0\e98374da1f2143ac8e6e0a95036994bb19137a3\classmate-1.7.0.jar;C:\Users\miu09\.gradle\caches\modules-2\files-2.1\net.bytebuddy\byte-buddy\1.15.10\635c873fadd853c084f84fdc3cbd58c5dd8537f9\byte-buddy-1.15.10.jar;C:\Users\miu09\.gradle\caches\modules-2\files-2.1\org.glassfish.jaxb\jaxb-runtime\4.0.5\ca84c2a7169b5293e232b9d00d1e4e36d4c3914a\jaxb-runtime-4.0.5.jar;C:\Users\miu09\.gradle\caches\modules-2\files-2.1\org.glassfish.jaxb\jaxb-core\4.0.5\7b4b11ea5542eea4ad55e1080b23be436795b3\jaxb-core-4.0.5.jar;C:\Users\miu09\.gradle\caches\modules-2\files-2.1\jakarta.xml.bind\jakarta.xml.bind-api\4.0.2\6cd5a999b834b63238005b7144136379dc36cad2\jakarta.xml.bind-api-4.0.2.jar;C:\Users\miu09\.gradle\caches\modules-2\files-2.1\jakarta.inject\jakarta.inject-api\2.0.1\4c28afe1991a941d7702fe1362c365f0a8641d1e\jakarta.inject-api-2.0.1.jar;C:\Users\miu09\.gradle\caches\modules-2\files-2.1\org.eclipse.angus\angus-activation\2.0.2\41f1e0ddd157c856926ed149ab837d110955a9fc\angus-activation-2.0.2.jar;C:\Users\miu09\.gradle\caches\modules-2\files-2.1\jakarta.activation\jakarta.activation-api\2.1.3\fa165bd70cda600368eee31555222776a46b881f\jakarta.activation-api-2.1.3.jar;C:\Users\miu09\.gradle\caches\modules-2\files-2.1\org.glassfish.jaxb\txw2\4.0.5\f36a4ef12120a9bb06d766d6a0e54b144fd7ed98\txw2-4.0.5.jar;C:\Users\miu09\.gradle\caches\modules-2\files-2.1\com.sun.istack\istack-commons-runtime\4.1.2\18ec117c85f3ba0ac65409136afa8e42bc74e739\istack-commons-runtime-4.1.2.jar
Launcher Type: SUN_STANDARD

[Global flags]
     intx CICompilerCount                          = 12                                        {product} {ergonomic}
     uint ConcGCThreads                            = 3                                         {product} {ergonomic}
     uint G1ConcRefinementThreads                  = 13                                        {product} {ergonomic}
   size_t G1HeapRegionSize                         = 2097152                                   {product} {ergonomic}
    uintx GCDrainStackTargetSize                   = 64                                        {product} {ergonomic}
   size_t InitialHeapSize                          = 264241152                                 {product} {ergonomic}
     bool ManagementServer                         = true                                      {product} {command line}
   size_t MarkStackSize                            = 4194304                                   {product} {ergonomic}
   size_t MaxHeapSize                              = 4202692608                                {product} {ergonomic}
   size_t MaxNewSize                               = 2520776704                                {product} {ergonomic}
   size_t MinHeapDeltaBytes                        = 2097152                                   {product} {ergonomic}
   size_t MinHeapSize                              = 8388608                                   {product} {ergonomic}
    uintx NonNMethodCodeHeapSize                   = 4096                                   {pd product} {ergonomic}
    uintx NonProfiledCodeHeapSize                  = 0                                      {pd product} {ergonomic}
     bool ProfileInterpreter                       = false                                  {pd product} {command line}
    uintx ProfiledCodeHeapSize                     = 0                                      {pd product} {ergonomic}
     bool ShowCodeDetailsInExceptionMessages       = true                                   {manageable} {command line}
   size_t SoftMaxHeapSize                          = 4202692608                             {manageable} {ergonomic}
     intx TieredStopAtLevel                        = 1                                         {product} {command line}
     bool UseCompressedOops                        = true                           {product lp64_product} {ergonomic}
     bool UseG1GC                                  = true                                      {product} {ergonomic}
     bool UseLargePagesIndividualAllocation        = false                                  {pd product} {ergonomic}

Logging:
Log output configuration:
 #0: stdout all=warning uptime,level,tags foldmultilines=false
 #1: stderr all=off uptime,level,tags foldmultilines=false

Environment Variables:
PATH=C:/pleiades/2024-06/java/21/bin/server;C:/pleiades/2024-06/java/21/bin;C:\Program Files\Common Files\Oracle\Java\javapath;C:\WINDOWS\system32;C:\WINDOWS;C:\WINDOWS\System32\Wbem;C:\WINDOWS\System32\WindowsPowerShell\v1.0\;C:\WINDOWS\System32\OpenSSH\;C:\Program Files (x86)\Fujitsu\FJAgent\Core\bin;C:\Program Files (x86)\Common Files\Roxio Shared\DLLShared\;C:\Program Files (x86)\Common Files\Roxio Shared\OEM\12.0\DLLShared\;C:\Program Files (x86)\Roxio 2010\OEM\AudioCore\;C:\Program Files\MySQL\MySQL Server 8.0\bin;C:\Program Files\Git\cmd;C:\Program Files\MySQL\MySQL Shell 8.0\bin\;C:\Users\miu09\AppData\Local\Microsoft\WindowsApps;C:\Users\miu09\AppData\Local\Programs\Microsoft VS Code\bin;;C:\pleiades\2024-06\eclipse;
USERNAME=miu09
OS=Windows_NT
PROCESSOR_IDENTIFIER=Intel64 Family 6 Model 154 Stepping 3, GenuineIntel
TMP=C:\Users\miu09\AppData\Local\Temp
TEMP=C:\Users\miu09\AppData\Local\Temp




Periodic native trim disabled

---------------  S Y S T E M  ---------------

OS:
 Windows 11 , 64 bit Build 26100 (10.0.26100.2454)
OS uptime: 4 days 4:05 hours
Hyper-V role detected

CPU: total 16 (initial active 16) (8 cores per cpu, 2 threads per core) family 6 model 154 stepping 3 microcode 0x433, cx8, cmov, fxsr, ht, mmx, 3dnowpref, sse, sse2, sse3, ssse3, sse4.1, sse4.2, popcnt, lzcnt, tsc, tscinvbit, avx, avx2, aes, erms, clmul, bmi1, bmi2, adx, sha, fma, vzeroupper, clflush, clflushopt, clwb, hv, serialize, rdtscp, rdpid, fsrm, f16c, cet_ibt, cet_ss
Processor Information for processor 0
  Max Mhz: 2100, Current Mhz: 2100, Mhz Limit: 2100
Processor Information for processor 1
  Max Mhz: 2100, Current Mhz: 1453, Mhz Limit: 2100
Processor Information for processor 2
  Max Mhz: 2100, Current Mhz: 2100, Mhz Limit: 2100
Processor Information for processor 3
  Max Mhz: 2100, Current Mhz: 2100, Mhz Limit: 2100
Processor Information for processor 4
  Max Mhz: 2100, Current Mhz: 2100, Mhz Limit: 2100
Processor Information for processor 5
  Max Mhz: 2100, Current Mhz: 2100, Mhz Limit: 2100
Processor Information for processor 6
  Max Mhz: 2100, Current Mhz: 2100, Mhz Limit: 2100
Processor Information for processor 7
  Max Mhz: 2100, Current Mhz: 1453, Mhz Limit: 2100
Processor Information for processor 8
  Max Mhz: 2100, Current Mhz: 1500, Mhz Limit: 1491
Processor Information for processor 9
  Max Mhz: 2100, Current Mhz: 1500, Mhz Limit: 1491
Processor Information for processor 10
  Max Mhz: 2100, Current Mhz: 1500, Mhz Limit: 1491
Processor Information for processor 11
  Max Mhz: 2100, Current Mhz: 1500, Mhz Limit: 1491
Processor Information for processor 12
  Max Mhz: 2100, Current Mhz: 1500, Mhz Limit: 1491
Processor Information for processor 13
  Max Mhz: 2100, Current Mhz: 1500, Mhz Limit: 1491
Processor Information for processor 14
  Max Mhz: 2100, Current Mhz: 1500, Mhz Limit: 1491
Processor Information for processor 15
  Max Mhz: 2100, Current Mhz: 1500, Mhz Limit: 1491

Memory: 4k page, system-wide physical 16028M (4544M free)
TotalPageFile size 20380M (AvailPageFile size 5100M)
current process WorkingSet (physical memory assigned to process): 231M, peak: 253M
current process commit charge ("private bytes"): 281M, peak: 367M

vm_info: OpenJDK 64-Bit Server VM (21.0.3+9-LTS) for windows-amd64 JRE (21.0.3+9-LTS), built on 2024-04-16T00:00:00Z by "admin" with MS VC++ 17.7 (VS2022)

END.
