#
# A fatal error has been detected by the Java Runtime Environment:
#
#  EXCEPTION_ACCESS_VIOLATION (0xc0000005) at pc=0x00007ff8f11229e4, pid=11892, tid=2860
#
# JRE version: OpenJDK Runtime Environment Temurin-21.0.3+9 (21.0.3+9) (build 21.0.3+9-LTS)
# Java VM: OpenJDK 64-Bit Server VM Temurin-21.0.3+9 (21.0.3+9-LTS, mixed mode, emulated-client, sharing, tiered, compressed oops, compressed class ptrs, g1 gc, windows-amd64)
# Problematic frame:
# V  [jvm.dll+0x3629e4]
#
# No core dump will be written. Minidumps are not enabled by default on client versions of Windows
#
# If you would like to submit a bug report, please visit:
#   https://github.com/adoptium/adoptium-support/issues
#

---------------  S U M M A R Y ------------

Command Line: -XX:+ShowCodeDetailsInExceptionMessages -agentlib:jdwp=transport=dt_socket,suspend=y,address=localhost:50182 -Dcom.sun.management.jmxremote -Dcom.sun.management.jmxremote.port=50181 -Dcom.sun.management.jmxremote.authenticate=false -Dcom.sun.management.jmxremote.ssl=false -Djava.rmi.server.hostname=localhost -Dspring.jmx.enabled=true -Dmanagement.endpoints.jmx.exposure.include=* -Dspring.application.admin.enabled=true -XX:TieredStopAtLevel=1 -Dspring.boot.project.name=GroupTraining -javaagent:C:\pleiades\2024-06\eclipse\configuration\org.eclipse.osgi\251\0\.cp\lib\javaagent-shaded.jar -Dfile.encoding=UTF-8 -Dstdout.encoding=UTF-8 -Dstderr.encoding=UTF-8 com.example.demo.GroupTrainingApplication --spring.output.ansi.enabled=always

Host: 12th Gen Intel(R) Core(TM) i7-1260P, 16 cores, 15G,  Windows 11 , 64 bit Build 26100 (10.0.26100.3775)
Time: Tue Apr 15 12:10:06 2025  Windows 11 , 64 bit Build 26100 (10.0.26100.3775) elapsed time: 53827.165939 seconds (0d 14h 57m 7s)

---------------  T H R E A D  ---------------

Current thread (0x0000027c50738600):  WorkerThread "GC Thread#3"    [id=2860, stack(0x000000b2c0700000,0x000000b2c0800000) (1024K)]

Stack: [0x000000b2c0700000,0x000000b2c0800000],  sp=0x000000b2c07fe4e0,  free space=1017k
Native frames: (J=compiled Java code, j=interpreted, Vv=VM code, C=native code)
V  [jvm.dll+0x3629e4]
V  [jvm.dll+0x312f5b]
V  [jvm.dll+0x3129ad]
V  [jvm.dll+0x3eace5]
V  [jvm.dll+0x84c2f6]
V  [jvm.dll+0x855c91]
V  [jvm.dll+0x36310a]
V  [jvm.dll+0x362f9a]
V  [jvm.dll+0x36a864]
V  [jvm.dll+0x36a9db]
V  [jvm.dll+0x8cf697]
V  [jvm.dll+0x84bf8b]
V  [jvm.dll+0x6c6dcd]
C  [ucrtbase.dll+0x37b0]
C  [KERNEL32.DLL+0x2e8d7]
C  [ntdll.dll+0xb14fc]

JavaThread 0x0000027c50e714b0 (nid = 25144) was being processed
Java frames: (J=compiled Java code, j=interpreted, Vv=VM code)
j  java.lang.invoke.DirectMethodHandle$Holder.newInvokeSpecial(Ljava/lang/Object;)Ljava/lang/Object;+15 java.base@21.0.3
J 910 c1 jdk.internal.reflect.DirectConstructorHandleAccessor.newInstance([Ljava/lang/Object;)Ljava/lang/Object; java.base@21.0.3 (130 bytes) @ 0x0000027c0043396c [0x0000027c00433760+0x000000000000020c]
J 909 c1 java.lang.reflect.Constructor.newInstanceWithCaller([Ljava/lang/Object;ZLjava/lang/Class;)Ljava/lang/Object; java.base@21.0.3 (51 bytes) @ 0x0000027c0042ddbc [0x0000027c0042dce0+0x00000000000000dc]
J 3406 c1 org.springframework.beans.BeanUtils.instantiateClass(Ljava/lang/reflect/Constructor;[Ljava/lang/Object;)Ljava/lang/Object; (208 bytes) @ 0x0000027c00ad0c8c [0x0000027c00ad0700+0x000000000000058c]
J 8778 c1 org.springframework.beans.factory.support.SimpleInstantiationStrategy.instantiate(Lorg/springframework/beans/factory/support/RootBeanDefinition;Ljava/lang/String;Lorg/springframework/beans/factory/BeanFactory;)Ljava/lang/Object; (123 bytes) @ 0x0000027c010055ec [0x0000027c01005120+0x00000000000004cc]
J 8777 c1 org.springframework.beans.factory.support.AbstractAutowireCapableBeanFactory.instantiateBean(Ljava/lang/String;Lorg/springframework/beans/factory/support/RootBeanDefinition;)Lorg/springframework/beans/BeanWrapper; (51 bytes) @ 0x0000027c010069f4 [0x0000027c01006940+0x00000000000000b4]
J 6060 c1 org.springframework.beans.factory.support.AbstractAutowireCapableBeanFactory.createBeanInstance(Ljava/lang/String;Lorg/springframework/beans/factory/support/RootBeanDefinition;[Ljava/lang/Object;)Lorg/springframework/beans/BeanWrapper; (245 bytes) @ 0x0000027c00f32204 [0x0000027c00f31bc0+0x0000000000000644]
J 6059 c1 org.springframework.beans.factory.support.AbstractAutowireCapableBeanFactory.doCreateBean(Ljava/lang/String;Lorg/springframework/beans/factory/support/RootBeanDefinition;[Ljava/lang/Object;)Ljava/lang/Object; (465 bytes) @ 0x0000027c00f35c2c [0x0000027c00f35a80+0x00000000000001ac]
J 6057 c1 org.springframework.beans.factory.support.AbstractAutowireCapableBeanFactory.createBean(Ljava/lang/String;Lorg/springframework/beans/factory/support/RootBeanDefinition;[Ljava/lang/Object;)Ljava/lang/Object; (214 bytes) @ 0x0000027c00f2bb3c [0x0000027c00f2b640+0x00000000000004fc]
J 6073 c1 org.springframework.beans.factory.support.AbstractBeanFactory$$Lambda+0x0000027c0c2575a0.getObject()Ljava/lang/Object; (20 bytes) @ 0x0000027c00f391bc [0x0000027c00f39120+0x000000000000009c]
J 6055 c1 org.springframework.beans.factory.support.DefaultSingletonBeanRegistry.getSingleton(Ljava/lang/String;Lorg/springframework/beans/factory/ObjectFactory;)Ljava/lang/Object; (461 bytes) @ 0x0000027c00f2ecc4 [0x0000027c00f2e680+0x0000000000000644]
J 3237 c1 org.springframework.beans.factory.support.AbstractBeanFactory.doGetBean(Ljava/lang/String;Ljava/lang/Class;[Ljava/lang/Object;Z)Ljava/lang/Object; (787 bytes) @ 0x0000027c00a7b12c [0x0000027c00a7aaa0+0x000000000000068c]
J 6082 c1 org.springframework.beans.factory.support.DefaultListableBeanFactory.instantiateSingleton(Ljava/lang/String;)V (56 bytes) @ 0x0000027c00f42af4 [0x0000027c00f426a0+0x0000000000000454]
J 6072 c1 org.springframework.beans.factory.support.DefaultListableBeanFactory.preInstantiateSingleton(Ljava/lang/String;Lorg/springframework/beans/factory/support/RootBeanDefinition;)Ljava/util/concurrent/CompletableFuture; (146 bytes) @ 0x0000027c00f39e1c [0x0000027c00f39b60+0x00000000000002bc]
j  org.springframework.beans.factory.support.DefaultListableBeanFactory.preInstantiateSingletons()V+118
j  org.springframework.context.support.AbstractApplicationContext.finishBeanFactoryInitialization(Lorg/springframework/beans/factory/config/ConfigurableListableBeanFactory;)V+284
j  org.springframework.context.support.AbstractApplicationContext.refresh()V+94
j  org.springframework.boot.web.servlet.context.ServletWebServerApplicationContext.refresh()V+1
j  org.springframework.boot.SpringApplication.refresh(Lorg/springframework/context/ConfigurableApplicationContext;)V+1
j  org.springframework.boot.SpringApplication.refreshContext(Lorg/springframework/context/ConfigurableApplicationContext;)V+19
j  org.springframework.boot.SpringApplication.run([Ljava/lang/String;)Lorg/springframework/context/ConfigurableApplicationContext;+113
j  org.springframework.boot.SpringApplication.run([Ljava/lang/Class;[Ljava/lang/String;)Lorg/springframework/context/ConfigurableApplicationContext;+9
j  org.springframework.boot.SpringApplication.run(Ljava/lang/Class;[Ljava/lang/String;)Lorg/springframework/context/ConfigurableApplicationContext;+9
j  com.example.demo.GroupTrainingApplication.main([Ljava/lang/String;)V+3
j  java.lang.invoke.LambdaForm$DMH+0x0000027c0c004c00.invokeStatic(Ljava/lang/Object;Ljava/lang/Object;)V+10 java.base@21.0.3
j  java.lang.invoke.LambdaForm$MH+0x0000027c0c464800.invoke(Ljava/lang/Object;Ljava/lang/Object;Ljava/lang/Object;)Ljava/lang/Object;+33 java.base@21.0.3
J 4987 c1 jdk.internal.reflect.DirectMethodHandleAccessor.invoke(Ljava/lang/Object;[Ljava/lang/Object;)Ljava/lang/Object; java.base@21.0.3 (92 bytes) @ 0x0000027c00d6b27c [0x0000027c00d6aec0+0x00000000000003bc]
J 5007 c1 java.lang.reflect.Method.invoke(Ljava/lang/Object;[Ljava/lang/Object;)Ljava/lang/Object; java.base@21.0.3 (108 bytes) @ 0x0000027c00d72574 [0x0000027c00d72380+0x00000000000001f4]
j  org.springframework.boot.devtools.restart.RestartLauncher.run()V+47
v  ~StubRoutines::call_stub 0x0000027c0000100d

siginfo: EXCEPTION_ACCESS_VIOLATION (0xc0000005), reading address 0x0000027c767c4abc


Registers:
RAX=0x000000000005960a, RBX=0x0000027c0af79108, RCX=0x0000000000000015, RDX=0x0000027c76711ea8
RSP=0x000000b2c07fe4e0, RBP=0x000000b2c07fe610, RSI=0x000000b2c07fe7e0, RDI=0x000000b2c14fdae0
R8 =0x000000b2c14fdae0, R9 =0x0000027c766c10e0, R10=0x0000027c00000000, R11=0x000000b2c07fe688
R12=0x0000027c0b544140, R13=0x0000027c0ac4ee90, R14=0x0000027c5070ae20, R15=0x0000000000000000
RIP=0x00007ff8f11229e4, EFLAGS=0x0000000000010206


Register to memory mapping:

RAX=0x000000000005960a is an unknown value
RBX=0x0000027c0af79108 points into unknown readable memory: 0x00007ff8f17e3540 | 40 35 7e f1 f8 7f 00 00
RCX=0x0000000000000015 is an unknown value
RDX=0x0000027c76711ea8 points into unknown readable memory: 0x0000000000000000 | 00 00 00 00 00 00 00 00
RSP=0x000000b2c07fe4e0 points into unknown readable memory: 0x000000b2c07fe5a0 | a0 e5 7f c0 b2 00 00 00
RBP=0x000000b2c07fe610 points into unknown readable memory: 0x000000b200000000 | 00 00 00 00 b2 00 00 00
RSI=0x000000b2c07fe7e0 points into unknown readable memory: 0x000000b2c14fdad8 | d8 da 4f c1 b2 00 00 00
RDI=0x000000b2c14fdae0 is pointing into the stack for thread: 0x0000027c50e714b0
R8 =0x000000b2c14fdae0 is pointing into the stack for thread: 0x0000027c50e714b0
R9 =0x0000027c766c10e0 points into unknown readable memory: 0x00007ff8f17da5e8 | e8 a5 7d f1 f8 7f 00 00
R10=0x0000027c00000000 points into unknown readable memory: 0x0000000000000006 | 06 00 00 00 00 00 00 00
R11=0x000000b2c07fe688 points into unknown readable memory: 0x00007ff8f10d29ad | ad 29 0d f1 f8 7f 00 00
R12=0x0000027c0b544140 is pointing into metadata
R13=0x0000027c0ac4ee90 points into unknown readable memory: 0x0000000000000000 | 00 00 00 00 00 00 00 00
R14=0x0000027c5070ae20 points into unknown readable memory: 0x0000000000000002 | 02 00 00 00 00 00 00 00
R15=0x0 is null

Top of Stack: (sp=0x000000b2c07fe4e0)
0x000000b2c07fe4e0:   000000b2c07fe5a0 000000b2c07fe7e0
0x000000b2c07fe4f0:   0000027c0b480090 0000000000000000
0x000000b2c07fe500:   0000027c0af79108 00007ff8f10d2f5b
0x000000b2c07fe510:   0000000000000001 0000027c0b0b6430
0x000000b2c07fe520:   0000027c0af79108 000000b2c07fe7e0
0x000000b2c07fe530:   0000000f00000101 0000027c0b0b6430
0x000000b2c07fe540:   0000027c50738600 0000027c00000003
0x000000b2c07fe550:   00000000000003d8 0000027c0ac4eea0
0x000000b2c07fe560:   0000027c0ac4f278 0000027c0b72d07f
0x000000b2c07fe570:   0000027c000000b8 0000027c0b0b6430
0x000000b2c07fe580:   00007ff8f17d8fa0 000000b2c07fe7e0
0x000000b2c07fe590:   000000b2bf5ff128 0000000400000003
0x000000b2c07fe5a0:   0000027c0b544140 0000001300000001
0x000000b2c07fe5b0:   0000000000000032 000000010000000c
0x000000b2c07fe5c0:   0000027c0b480090 0000000000000000
0x000000b2c07fe5d0:   0000027c5369f40c 0000027c00000002
0x000000b2c07fe5e0:   0000000300000001 0000ffff09b03000
0x000000b2c07fe5f0:   00007ff8f1614c70 000000b2bf5ff128
0x000000b2c07fe600:   0000027c0b017600 0000000600000013
0x000000b2c07fe610:   000000b200000000 0000000000000015
0x000000b2c07fe620:   0000000000000000 0000000000000000
0x000000b2c07fe630:   0000000000000000 000000b200000003
0x000000b2c07fe640:   00008c1ec9251869 0000027c0bbc2933
0x000000b2c07fe650:   0000027c0af79108 00000000000003d8
0x000000b2c07fe660:   0000027c0ac4f278 000000b2c07fe7e0
0x000000b2c07fe670:   0000027c0af791b0 00007ff8f1614c70
0x000000b2c07fe680:   0000027c0af79108 00007ff8f10d29ad
0x000000b2c07fe690:   0000000000000000 0000000000000000
0x000000b2c07fe6a0:   0000000000000000 00007ff8f11acc16
0x000000b2c07fe6b0:   000000b2c07fe710 0000027c00000002
0x000000b2c07fe6c0:   0000000300000001 0000ffff09b06a00
0x000000b2c07fe6d0:   0000027c50e714b0 00007ff8f155a6a1 

Instructions: (pc=0x00007ff8f11229e4)
0x00007ff8f11228e4:   00 00 48 d3 e8 0f b7 14 42 0f b7 c2 66 c1 e8 08
0x00007ff8f11228f4:   84 c0 78 3a 4c 8b 07 41 0f b6 c0 24 03 3c 03 75
0x00007ff8f1122904:   06 49 83 e0 fc eb 12 48 8b 4b 10 4d 8b c8 4c 8b
0x00007ff8f1122914:   c7 e8 96 1a ff ff 4c 8b c0 4c 2b 05 7c a6 8b 00
0x00007ff8f1122924:   8b 0d 7e a6 8b 00 49 d3 e8 44 89 06 eb 5a 3c fd
0x00007ff8f1122934:   75 37 41 8b 88 18 02 00 00 48 8b d7 49 8b 80 10
0x00007ff8f1122944:   02 00 00 48 d3 e0 8b 0d 80 78 92 00 48 2b d0 49
0x00007ff8f1122954:   8b 80 90 05 00 00 48 d3 ea 8b ca 80 7c 48 01 fd
0x00007ff8f1122964:   75 17 c6 44 48 01 ff eb 10 3c fc 75 0c 48 8b 4b
0x00007ff8f1122974:   10 48 8b d6 e8 f3 f2 ff ff 8b 53 18 4c 8b c7 48
0x00007ff8f1122984:   8b 4b 28 e8 54 59 fb ff 48 8b 4b 10 e8 cb f3 fe
0x00007ff8f1122994:   ff 48 8b 7c 24 30 48 8b 5c 24 38 48 83 c4 20 5e
0x00007ff8f11229a4:   c3 cc cc cc cc cc cc cc cc cc cc cc 48 89 5c 24
0x00007ff8f11229b4:   08 57 48 83 ec 20 4c 8b 02 48 8b fa 48 8b d9 4d
0x00007ff8f11229c4:   85 c0 0f 84 a2 00 00 00 4c 8b 49 08 49 8b c0 41
0x00007ff8f11229d4:   8b 89 b0 05 00 00 49 8b 91 a0 05 00 00 48 d3 e8
0x00007ff8f11229e4:   0f b7 14 42 0f b7 c2 66 c1 e8 08 84 c0 78 29 49
0x00007ff8f11229f4:   8b 08 0f b6 c1 24 03 3c 03 75 09 48 83 e1 fc 48
0x00007ff8f1122a04:   89 0f eb 5d 4c 8b c9 48 8b 4b 10 e8 9c 19 ff ff
0x00007ff8f1122a14:   48 8b c8 48 89 07 eb 49 3c fd 75 35 41 8b 89 18
0x00007ff8f1122a24:   02 00 00 49 8b 81 10 02 00 00 48 d3 e0 8b 0d 99
0x00007ff8f1122a34:   77 92 00 4c 2b c0 49 8b 81 90 05 00 00 49 d3 e8
0x00007ff8f1122a44:   41 8b c8 80 7c 48 01 fd 75 17 c6 44 48 01 ff eb
0x00007ff8f1122a54:   10 3c fc 75 0c 48 8b 4b 10 48 8b d7 e8 ab f1 ff
0x00007ff8f1122a64:   ff 48 8b 4b 10 e8 f2 f2 fe ff 48 8b 5c 24 30 48
0x00007ff8f1122a74:   83 c4 20 5f c3 cc cc cc cc cc cc cc 48 89 5c 24
0x00007ff8f1122a84:   08 57 48 83 ec 20 8b 02 48 8b fa 48 8b d9 85 c0
0x00007ff8f1122a94:   0f 84 c6 00 00 00 8b 0d 08 a5 8b 00 44 8b d0 4c
0x00007ff8f1122aa4:   8b 43 08 49 d3 e2 4c 03 15 ef a4 8b 00 49 8b c2
0x00007ff8f1122ab4:   41 8b 88 b0 05 00 00 49 8b 90 a0 05 00 00 48 d3
0x00007ff8f1122ac4:   e8 0f b7 14 42 0f b7 c2 66 c1 e8 08 84 c0 78 3a
0x00007ff8f1122ad4:   4d 8b 02 41 0f b6 c0 24 03 3c 03 75 06 49 83 e0 


Stack slot to memory mapping:

stack at sp + 0 slots: 0x000000b2c07fe5a0 points into unknown readable memory: 0x0000027c0b544140 | 40 41 54 0b 7c 02 00 00
stack at sp + 1 slots: 0x000000b2c07fe7e0 points into unknown readable memory: 0x000000b2c14fdad8 | d8 da 4f c1 b2 00 00 00
stack at sp + 2 slots: 0x0000027c0b480090 is pointing into metadata
stack at sp + 3 slots: 0x0 is null
stack at sp + 4 slots: 0x0000027c0af79108 points into unknown readable memory: 0x00007ff8f17e3540 | 40 35 7e f1 f8 7f 00 00
stack at sp + 5 slots: 0x00007ff8f10d2f5b jvm.dll
stack at sp + 6 slots: 0x0000000000000001 is an unknown value
stack at sp + 7 slots: {method} {0x0000027c0b0b6438} 'newInvokeSpecial' '(Ljava/lang/Object;)Ljava/lang/Object;' in 'java/lang/invoke/DirectMethodHandle$Holder'


---------------  P R O C E S S  ---------------

Threads class SMR info:
_java_thread_list=0x0000027c539c37b0, length=30, elements={
0x0000027c0a8b7560, 0x0000027c0a8b8ce0, 0x0000027c0a8c1e10, 0x0000027c0a8c2bd0,
0x0000027c0a8c6c90, 0x0000027c0a8d1850, 0x0000027c0a8dac10, 0x0000027c0acfcc00,
0x0000027c0ad81e50, 0x0000027c0ad90500, 0x0000027c0ad933a0, 0x0000027c5056d960,
0x0000027c50809350, 0x0000027c5084d160, 0x0000027c5084f7e0, 0x0000027c50db5380,
0x0000027c50df92f0, 0x0000027c50e721d0, 0x0000027c514b3ed0, 0x0000027c514b5fa0,
0x0000027c514b7350, 0x0000027c50e73580, 0x0000027c50e714b0, 0x0000027c50e72ef0,
0x0000027c50e71b40, 0x0000027c50e72860, 0x0000027c50e70100, 0x0000027c514b6630,
0x0000027c514b5280, 0x0000027c514b5910
}

Java Threads: ( => current thread )
  0x0000027c0a8b7560 JavaThread "Reference Handler"          daemon [_thread_blocked, id=19976, stack(0x000000b2bf600000,0x000000b2bf700000) (1024K)]
  0x0000027c0a8b8ce0 JavaThread "Finalizer"                  daemon [_thread_blocked, id=17196, stack(0x000000b2bf700000,0x000000b2bf800000) (1024K)]
  0x0000027c0a8c1e10 JavaThread "Signal Dispatcher"          daemon [_thread_blocked, id=20904, stack(0x000000b2bf800000,0x000000b2bf900000) (1024K)]
  0x0000027c0a8c2bd0 JavaThread "Attach Listener"            daemon [_thread_blocked, id=9264, stack(0x000000b2bf900000,0x000000b2bfa00000) (1024K)]
  0x0000027c0a8c6c90 JavaThread "Service Thread"             daemon [_thread_blocked, id=3344, stack(0x000000b2bfa00000,0x000000b2bfb00000) (1024K)]
  0x0000027c0a8d1850 JavaThread "Monitor Deflation Thread"   daemon [_thread_blocked, id=6992, stack(0x000000b2bfb00000,0x000000b2bfc00000) (1024K)]
  0x0000027c0a8dac10 JavaThread "C1 CompilerThread0"         daemon [_thread_blocked, id=21264, stack(0x000000b2bfc00000,0x000000b2bfd00000) (1024K)]
  0x0000027c0acfcc00 JavaThread "Common-Cleaner"             daemon [_thread_blocked, id=20368, stack(0x000000b2bfe00000,0x000000b2bff00000) (1024K)]
  0x0000027c0ad81e50 JavaThread "JDWP Transport Listener: dt_socket" daemon [_thread_blocked, id=13424, stack(0x000000b2c0100000,0x000000b2c0200000) (1024K)]
  0x0000027c0ad90500 JavaThread "JDWP Event Helper Thread"   daemon [_thread_blocked, id=12512, stack(0x000000b2c0200000,0x000000b2c0300000) (1024K)]
  0x0000027c0ad933a0 JavaThread "JDWP Command Reader"        daemon [_thread_in_native, id=7144, stack(0x000000b2c0300000,0x000000b2c0400000) (1024K)]
  0x0000027c5056d960 JavaThread "Notification Thread"        daemon [_thread_blocked, id=18104, stack(0x000000b2c0400000,0x000000b2c0500000) (1024K)]
  0x0000027c50809350 JavaThread "RMI TCP Accept-0"           daemon [_thread_in_native, id=20908, stack(0x000000b2c0d00000,0x000000b2c0e00000) (1024K)]
  0x0000027c5084d160 JavaThread "RMI TCP Accept-50181"       daemon [_thread_in_native, id=4900, stack(0x000000b2c0e00000,0x000000b2c0f00000) (1024K)]
  0x0000027c5084f7e0 JavaThread "RMI TCP Accept-0"           daemon [_thread_in_native, id=12972, stack(0x000000b2c0f00000,0x000000b2c1000000) (1024K)]
  0x0000027c50db5380 JavaThread "RMI Scheduler(0)"           daemon [_thread_blocked, id=20900, stack(0x000000b2c1700000,0x000000b2c1800000) (1024K)]
  0x0000027c50df92f0 JavaThread "RMI TCP Connection(88)-127.0.0.1" daemon [_thread_in_native, id=6288, stack(0x000000b2c1800000,0x000000b2c1900000) (1024K)]
  0x0000027c50e721d0 JavaThread "mysql-cj-abandoned-connection-cleanup" daemon [_thread_blocked, id=21092, stack(0x000000b2c2300000,0x000000b2c2400000) (1024K)]
  0x0000027c514b3ed0 JavaThread "Live Reload Server"         daemon [_thread_in_native, id=21484, stack(0x000000b2c2800000,0x000000b2c2900000) (1024K)]
  0x0000027c514b5fa0 JavaThread "DestroyJavaVM"                     [_thread_blocked, id=10948, stack(0x000000b2bee00000,0x000000b2bef00000) (1024K)]
  0x0000027c514b7350 JavaThread "File Watcher"               daemon [_thread_blocked, id=19136, stack(0x000000b2bfd00000,0x000000b2bfe00000) (1024K)]
  0x0000027c50e73580 JavaThread "Thread-30"                         [_thread_blocked, id=14584, stack(0x000000b2beb00000,0x000000b2bec00000) (1024K)]
  0x0000027c50e714b0 JavaThread "restartedMain"                     [_thread_blocked, id=25144, stack(0x000000b2c1400000,0x000000b2c1500000) (1024K)]
  0x0000027c50e72ef0 JavaThread "Catalina-utility-1"                [_thread_blocked, id=25080, stack(0x000000b2c0000000,0x000000b2c0100000) (1024K)]
  0x0000027c50e71b40 JavaThread "Catalina-utility-2"                [_thread_blocked, id=1184, stack(0x000000b2c1500000,0x000000b2c1600000) (1024K)]
  0x0000027c50e72860 JavaThread "container-1"                       [_thread_blocked, id=18940, stack(0x000000b2c1600000,0x000000b2c1700000) (1024K)]
  0x0000027c50e70100 JavaThread "HikariPool-9 housekeeper"   daemon [_thread_blocked, id=27232, stack(0x000000b2c1a00000,0x000000b2c1b00000) (1024K)]
  0x0000027c514b6630 JavaThread "JMX server connection timeout 249" daemon [_thread_blocked, id=12116, stack(0x000000b2c1e00000,0x000000b2c1f00000) (1024K)]
  0x0000027c514b5280 JavaThread "HikariPool-9 connection closer" daemon [_thread_blocked, id=14388, stack(0x000000b2bec00000,0x000000b2bed00000) (1024K)]
  0x0000027c514b5910 JavaThread "HikariPool-9 connection adder" daemon [_thread_blocked, id=26908, stack(0x000000b2bed00000,0x000000b2bee00000) (1024K)]
Total: 30

Other Threads:
  0x0000027c0a896e20 VMThread "VM Thread"                           [id=20772, stack(0x000000b2bf500000,0x000000b2bf600000) (1024K)]
  0x0000027c0a885a10 WatcherThread "VM Periodic Task Thread"        [id=9984, stack(0x000000b2bf400000,0x000000b2bf500000) (1024K)]
  0x0000027c76719f00 WorkerThread "GC Thread#0"                     [id=20556, stack(0x000000b2bef00000,0x000000b2bf000000) (1024K)]
  0x0000027c50734e70 WorkerThread "GC Thread#1"                     [id=17112, stack(0x000000b2c0500000,0x000000b2c0600000) (1024K)]
  0x0000027c50738260 WorkerThread "GC Thread#2"                     [id=5820, stack(0x000000b2c0600000,0x000000b2c0700000) (1024K)]
=>0x0000027c50738600 WorkerThread "GC Thread#3"                     [id=2860, stack(0x000000b2c0700000,0x000000b2c0800000) (1024K)]
  0x0000027c507389a0 WorkerThread "GC Thread#4"                     [id=16648, stack(0x000000b2c0800000,0x000000b2c0900000) (1024K)]
  0x0000027c50739150 WorkerThread "GC Thread#5"                     [id=15180, stack(0x000000b2c0900000,0x000000b2c0a00000) (1024K)]
  0x0000027c50795310 WorkerThread "GC Thread#6"                     [id=15068, stack(0x000000b2c0a00000,0x000000b2c0b00000) (1024K)]
  0x0000027c507956b0 WorkerThread "GC Thread#7"                     [id=3536, stack(0x000000b2c0b00000,0x000000b2c0c00000) (1024K)]
  0x0000027c507c9060 WorkerThread "GC Thread#8"                     [id=12940, stack(0x000000b2c0c00000,0x000000b2c0d00000) (1024K)]
  0x0000027c50cd72b0 WorkerThread "GC Thread#9"                     [id=7716, stack(0x000000b2c1000000,0x000000b2c1100000) (1024K)]
  0x0000027c50cd8870 WorkerThread "GC Thread#10"                    [id=13452, stack(0x000000b2c1100000,0x000000b2c1200000) (1024K)]
  0x0000027c50cd84d0 WorkerThread "GC Thread#11"                    [id=8504, stack(0x000000b2c1200000,0x000000b2c1300000) (1024K)]
  0x0000027c50cd8130 WorkerThread "GC Thread#12"                    [id=6836, stack(0x000000b2c1300000,0x000000b2c1400000) (1024K)]
  0x0000027c767269c0 ConcurrentGCThread "G1 Main Marker"            [id=2264, stack(0x000000b2bf000000,0x000000b2bf100000) (1024K)]
  0x0000027c767279f0 WorkerThread "G1 Conc#0"                       [id=19496, stack(0x000000b2bf100000,0x000000b2bf200000) (1024K)]
  0x0000027c50cd7650 WorkerThread "G1 Conc#1"                       [id=12676, stack(0x000000b2c1c00000,0x000000b2c1d00000) (1024K)]
  0x0000027c50cd79f0 WorkerThread "G1 Conc#2"                       [id=21472, stack(0x000000b2c1d00000,0x000000b2c1e00000) (1024K)]
  0x0000027c0a756b50 ConcurrentGCThread "G1 Refine#0"               [id=12092, stack(0x000000b2bf200000,0x000000b2bf300000) (1024K)]
  0x0000027c0a758480 ConcurrentGCThread "G1 Service"                [id=21480, stack(0x000000b2bf300000,0x000000b2bf400000) (1024K)]
Total: 21

Threads with active compile tasks:
Total: 0

VM state: at safepoint (normal execution)

VM Mutex/Monitor currently owned by a thread:  ([mutex/lock_event])
[0x00007ff8f1a62128] Threads_lock - owner thread: 0x0000027c0a896e20
[0x00007ff8f1a62228] Heap_lock - owner thread: 0x0000027c514b5910

Heap address: 0x0000000705800000, size: 4008 MB, Compressed Oops mode: Zero based, Oop shift amount: 3

CDS archive(s) mapped at: [0x0000027c0b000000-0x0000027c0bc90000-0x0000027c0bc90000), size 13172736, SharedBaseAddress: 0x0000027c0b000000, ArchiveRelocationMode: 1.
Compressed class space mapped at: 0x0000027c0c000000-0x0000027c4c000000, reserved size: 1073741824
Narrow klass base: 0x0000027c0b000000, Narrow klass shift: 0, Narrow klass range: 0x100000000

GC Precious Log:
 CardTable entry size: 512
 Card Set container configuration: InlinePtr #cards 4 size 8 Array Of Cards #cards 16 size 48 Howl #buckets 8 coarsen threshold 3686 Howl Bitmap #cards 512 size 80 coarsen threshold 460 Card regions per heap region 1 cards per card region 4096
 CPUs: 16 total, 16 available
 Memory: 16028M
 Large Page Support: Disabled
 NUMA Support: Disabled
 Compressed Oops: Enabled (Zero based)
 Heap Region Size: 2M
 Heap Min Capacity: 8M
 Heap Initial Capacity: 252M
 Heap Max Capacity: 4008M
 Pre-touch: Disabled
 Parallel Workers: 13
 Concurrent Workers: 3
 Concurrent Refinement Workers: 13
 Periodic GC: Disabled

Heap:
 garbage-first heap   total 102400K, used 85133K [0x0000000705800000, 0x0000000800000000)
  region size 2048K, 26 young (53248K), 1 survivors (2048K)
 Metaspace       used 81548K, committed 82368K, reserved 1179648K
  class space    used 11257K, committed 11648K, reserved 1048576K

Heap Regions: E=young(eden), S=young(survivor), O=old, HS=humongous(starts), HC=humongous(continues), CS=collection set, F=free, TAMS=top-at-mark-start, PB=parsable bottom
|   0|0x0000000705800000, 0x0000000705a00000, 0x0000000705a00000|100%| O|  |TAMS 0x0000000705800000| PB 0x0000000705800000| Untracked 
|   1|0x0000000705a00000, 0x0000000705c00000, 0x0000000705c00000|100%| O|  |TAMS 0x0000000705a00000| PB 0x0000000705a00000| Untracked 
|   2|0x0000000705c00000, 0x0000000705dfffe8, 0x0000000705e00000| 99%| O|  |TAMS 0x0000000705c00000| PB 0x0000000705c00000| Untracked 
|   3|0x0000000705e00000, 0x0000000705fffff8, 0x0000000706000000| 99%| O|  |TAMS 0x0000000705e00000| PB 0x0000000705e00000| Untracked 
|   4|0x0000000706000000, 0x00000007061fffe8, 0x0000000706200000| 99%| O|  |TAMS 0x0000000706000000| PB 0x0000000706000000| Untracked 
|   5|0x0000000706200000, 0x0000000706400000, 0x0000000706400000|100%| O|  |TAMS 0x0000000706200000| PB 0x0000000706200000| Untracked 
|   6|0x0000000706400000, 0x00000007065fff38, 0x0000000706600000| 99%| O|  |TAMS 0x0000000706400000| PB 0x0000000706400000| Untracked 
|   7|0x0000000706600000, 0x00000007067fffe8, 0x0000000706800000| 99%| O|  |TAMS 0x0000000706600000| PB 0x0000000706600000| Untracked 
|   8|0x0000000706800000, 0x00000007069ffff8, 0x0000000706a00000| 99%| O|  |TAMS 0x0000000706800000| PB 0x0000000706800000| Untracked 
|   9|0x0000000706a00000, 0x0000000706bfffb0, 0x0000000706c00000| 99%| O|  |TAMS 0x0000000706a00000| PB 0x0000000706a00000| Untracked 
|  10|0x0000000706c00000, 0x0000000706dfffe8, 0x0000000706e00000| 99%| O|  |TAMS 0x0000000706c00000| PB 0x0000000706c00000| Untracked 
|  11|0x0000000706e00000, 0x0000000706ff49f0, 0x0000000707000000| 97%| O|  |TAMS 0x0000000706e00000| PB 0x0000000706e00000| Untracked 
|  12|0x0000000707000000, 0x00000007071fffd8, 0x0000000707200000| 99%| O|  |TAMS 0x0000000707000000| PB 0x0000000707000000| Untracked 
|  13|0x0000000707200000, 0x00000007072544c8, 0x0000000707400000| 16%| O|  |TAMS 0x0000000707200000| PB 0x0000000707200000| Untracked 
|  14|0x0000000707400000, 0x00000007074abd30, 0x0000000707600000| 33%| O|  |TAMS 0x0000000707400000| PB 0x0000000707400000| Untracked 
|  15|0x0000000707600000, 0x0000000707800000, 0x0000000707800000|100%| O|  |TAMS 0x0000000707600000| PB 0x0000000707600000| Untracked 
|  16|0x0000000707800000, 0x0000000707974208, 0x0000000707a00000| 72%| O|  |TAMS 0x0000000707800000| PB 0x0000000707800000| Untracked 
|  17|0x0000000707a00000, 0x0000000707be9680, 0x0000000707c00000| 95%| O|  |TAMS 0x0000000707a00000| PB 0x0000000707a00000| Untracked 
|  18|0x0000000707c00000, 0x0000000707c00000, 0x0000000707e00000|  0%| F|  |TAMS 0x0000000707c00000| PB 0x0000000707c00000| Untracked 
|  19|0x0000000707e00000, 0x0000000707ebab80, 0x0000000708000000| 36%| E|CS|TAMS 0x0000000707e00000| PB 0x0000000707e00000| Complete 
|  20|0x0000000708000000, 0x0000000708200000, 0x0000000708200000|100%| E|CS|TAMS 0x0000000708000000| PB 0x0000000708000000| Complete 
|  21|0x0000000708200000, 0x0000000708400000, 0x0000000708400000|100%| E|CS|TAMS 0x0000000708200000| PB 0x0000000708200000| Complete 
|  22|0x0000000708400000, 0x0000000708400000, 0x0000000708600000|  0%| F|  |TAMS 0x0000000708400000| PB 0x0000000708400000| Untracked 
|  23|0x0000000708600000, 0x0000000708600000, 0x0000000708800000|  0%| F|  |TAMS 0x0000000708600000| PB 0x0000000708600000| Untracked 
|  24|0x0000000708800000, 0x0000000708951c48, 0x0000000708a00000| 65%| S|  |TAMS 0x0000000708800000| PB 0x0000000708800000| Complete 
|  25|0x0000000708a00000, 0x0000000708c00000, 0x0000000708c00000|100%| E|CS|TAMS 0x0000000708a00000| PB 0x0000000708a00000| Complete 
|  26|0x0000000708c00000, 0x0000000708e00000, 0x0000000708e00000|100%| E|CS|TAMS 0x0000000708c00000| PB 0x0000000708c00000| Complete 
|  27|0x0000000708e00000, 0x0000000709000000, 0x0000000709000000|100%| E|CS|TAMS 0x0000000708e00000| PB 0x0000000708e00000| Complete 
|  28|0x0000000709000000, 0x0000000709200000, 0x0000000709200000|100%| E|CS|TAMS 0x0000000709000000| PB 0x0000000709000000| Complete 
|  29|0x0000000709200000, 0x0000000709400000, 0x0000000709400000|100%| E|CS|TAMS 0x0000000709200000| PB 0x0000000709200000| Complete 
|  30|0x0000000709400000, 0x0000000709600000, 0x0000000709600000|100%| E|CS|TAMS 0x0000000709400000| PB 0x0000000709400000| Complete 
|  31|0x0000000709600000, 0x0000000709800000, 0x0000000709800000|100%| E|CS|TAMS 0x0000000709600000| PB 0x0000000709600000| Complete 
|  32|0x0000000709800000, 0x0000000709a00000, 0x0000000709a00000|100%| E|CS|TAMS 0x0000000709800000| PB 0x0000000709800000| Complete 
|  33|0x0000000709a00000, 0x0000000709c00000, 0x0000000709c00000|100%| E|CS|TAMS 0x0000000709a00000| PB 0x0000000709a00000| Complete 
|  34|0x0000000709c00000, 0x0000000709e00000, 0x0000000709e00000|100%| E|CS|TAMS 0x0000000709c00000| PB 0x0000000709c00000| Complete 
|  35|0x0000000709e00000, 0x000000070a000000, 0x000000070a000000|100%| E|CS|TAMS 0x0000000709e00000| PB 0x0000000709e00000| Complete 
|  36|0x000000070a000000, 0x000000070a200000, 0x000000070a200000|100%| E|CS|TAMS 0x000000070a000000| PB 0x000000070a000000| Complete 
|  37|0x000000070a200000, 0x000000070a400000, 0x000000070a400000|100%| E|CS|TAMS 0x000000070a200000| PB 0x000000070a200000| Complete 
|  38|0x000000070a400000, 0x000000070a600000, 0x000000070a600000|100%| E|CS|TAMS 0x000000070a400000| PB 0x000000070a400000| Complete 
|  39|0x000000070a600000, 0x000000070a800000, 0x000000070a800000|100%| E|CS|TAMS 0x000000070a600000| PB 0x000000070a600000| Complete 
|  40|0x000000070a800000, 0x000000070aa00000, 0x000000070aa00000|100%| E|CS|TAMS 0x000000070a800000| PB 0x000000070a800000| Complete 
|  41|0x000000070aa00000, 0x000000070ac00000, 0x000000070ac00000|100%| E|CS|TAMS 0x000000070aa00000| PB 0x000000070aa00000| Complete 
|  42|0x000000070ac00000, 0x000000070ae00000, 0x000000070ae00000|100%| E|CS|TAMS 0x000000070ac00000| PB 0x000000070ac00000| Complete 
|  43|0x000000070ae00000, 0x000000070b000000, 0x000000070b000000|100%| E|CS|TAMS 0x000000070ae00000| PB 0x000000070ae00000| Complete 
|  44|0x000000070b000000, 0x000000070b200000, 0x000000070b200000|100%| E|CS|TAMS 0x000000070b000000| PB 0x000000070b000000| Complete 
|  45|0x000000070b200000, 0x000000070b400000, 0x000000070b400000|100%| E|CS|TAMS 0x000000070b200000| PB 0x000000070b200000| Complete 
|  46|0x000000070b400000, 0x000000070b600000, 0x000000070b600000|100%| E|CS|TAMS 0x000000070b400000| PB 0x000000070b400000| Complete 
|  47|0x000000070b600000, 0x000000070b800000, 0x000000070b800000|100%| E|CS|TAMS 0x000000070b600000| PB 0x000000070b600000| Complete 
|  48|0x000000070b800000, 0x000000070ba00000, 0x000000070ba00000|100%| E|CS|TAMS 0x000000070b800000| PB 0x000000070b800000| Complete 
| 125|0x0000000715200000, 0x0000000715400000, 0x0000000715400000|100%| E|CS|TAMS 0x0000000715200000| PB 0x0000000715200000| Complete 

Card table byte_map: [0x0000027c037e0000,0x0000027c03fc0000] _byte_map_base: 0x0000027bfffb4000

Marking Bits: (CMBitMap*) 0x0000027c7671a510
 Bits: [0x0000027c03fc0000, 0x0000027c07e60000)

Polling page: 0x0000027c74e60000

Metaspace:

Usage:
  Non-class:     68.64 MB used.
      Class:     10.99 MB used.
       Both:     79.64 MB used.

Virtual space:
  Non-class space:      128.00 MB reserved,      69.06 MB ( 54%) committed,  2 nodes.
      Class space:        1.00 GB reserved,      11.38 MB (  1%) committed,  1 nodes.
             Both:        1.12 GB reserved,      80.44 MB (  7%) committed. 

Chunk freelists:
   Non-Class:  10.52 MB
       Class:  4.67 MB
        Both:  15.19 MB

MaxMetaspaceSize: unlimited
CompressedClassSpaceSize: 1.00 GB
Initial GC threshold: 21.00 MB
Current GC threshold: 133.44 MB
CDS: on
 - commit_granule_bytes: 65536.
 - commit_granule_words: 8192.
 - virtual_space_node_default_size: 8388608.
 - enlarge_chunks_in_place: 1.
 - use_allocation_guard: 0.


Internal statistics:

num_allocs_failed_limit: 6.
num_arena_births: 1706.
num_arena_deaths: 752.
num_vsnodes_births: 3.
num_vsnodes_deaths: 0.
num_space_committed: 1287.
num_space_uncommitted: 0.
num_chunks_returned_to_freelist: 903.
num_chunks_taken_from_freelist: 4988.
num_chunk_merges: 150.
num_chunk_splits: 3124.
num_chunks_enlarged: 2366.
num_inconsistent_stats: 0.

CodeCache: size=49152Kb used=16949Kb max_used=17793Kb free=32202Kb
 bounds [0x0000027c00000000, 0x0000027c01240000, 0x0000027c03000000]
 total_blobs=9159 nmethods=8404 adapters=678
 compilation: enabled
              stopped_count=0, restarted_count=0
 full_count=0

Compilation events (20 events):
Event: 53692.650 Thread 0x0000027c0a8dac10 11665       1       java.io.ObjectOutputStream$HandleTable::<init> (45 bytes)
Event: 53692.651 Thread 0x0000027c0a8dac10 nmethod 11665 0x0000027c00278090 code [0x0000027c00278260, 0x0000027c00278770]
Event: 53692.651 Thread 0x0000027c0a8dac10 11666       1       java.io.ObjectOutputStream$HandleTable::size (5 bytes)
Event: 53692.651 Thread 0x0000027c0a8dac10 nmethod 11666 0x0000027c00277d90 code [0x0000027c00277f20, 0x0000027c00277fe8]
Event: 53722.660 Thread 0x0000027c0a8dac10 11667       1       java.lang.invoke.VarHandleGuards::guard_LLL_L (98 bytes)
Event: 53722.663 Thread 0x0000027c0a8dac10 nmethod 11667 0x0000027c00276110 code [0x0000027c002763e0, 0x0000027c00276f88]
Event: 53722.663 Thread 0x0000027c0a8dac10 11668       1       java.lang.invoke.VarHandleReferences$FieldInstanceReadWrite::compareAndExchange (48 bytes)
Event: 53722.664 Thread 0x0000027c0a8dac10 nmethod 11668 0x0000027c00275610 code [0x0000027c00275840, 0x0000027c00275d88]
Event: 53799.858 Thread 0x0000027c0a8dac10 11670       1       com.zaxxer.hikari.pool.HikariPool::getIdleConnections (9 bytes)
Event: 53799.858 Thread 0x0000027c0a8dac10 nmethod 11670 0x0000027c00275290 code [0x0000027c00275440, 0x0000027c00275548]
Event: 53799.859 Thread 0x0000027c0a8dac10 11671       1       com.zaxxer.hikari.util.ConcurrentBag::getCount (49 bytes)
Event: 53799.860 Thread 0x0000027c0a8dac10 nmethod 11671 0x0000027c00274990 code [0x0000027c00274b60, 0x0000027c00274fa8]
Event: 53812.829 Thread 0x0000027c0a8dac10 11672       1       java.io.DataOutputStream::writeUTF (389 bytes)
Event: 53812.830 Thread 0x0000027c0a8dac10 nmethod 11672 0x0000027c01106510 code [0x0000027c01106760, 0x0000027c01107378]
Event: 53815.245 Thread 0x0000027c0a8dac10 11673       1       java.util.concurrent.atomic.AtomicLong::addAndGet (14 bytes)
Event: 53815.245 Thread 0x0000027c0a8dac10 nmethod 11673 0x0000027c00274690 code [0x0000027c00274820, 0x0000027c002748f8]
Event: 53819.850 Thread 0x0000027c0a8dac10 11674       1       sun.security.ssl.SSLSocketImpl::isInputShutdown (37 bytes)
Event: 53819.851 Thread 0x0000027c0a8dac10 nmethod 11674 0x0000027c00274210 code [0x0000027c002743c0, 0x0000027c00274570]
Event: 53825.925 Thread 0x0000027c0a8dac10 11675       1       sun.security.ssl.SSLAlgorithmConstraints$SupportedSignatureAlgorithmConstraints::permits (129 bytes)
Event: 53825.925 Thread 0x0000027c0a8dac10 nmethod 11675 0x0000027c00273890 code [0x0000027c00273ac0, 0x0000027c00273f18]

GC Heap History (20 events):
Event: 1822.764 GC heap after
{Heap after GC invocations=33 (full 4):
 garbage-first heap   total 102400K, used 28754K [0x0000000705800000, 0x0000000800000000)
  region size 2048K, 0 young (0K), 0 survivors (0K)
 Metaspace       used 79843K, committed 80640K, reserved 1179648K
  class space    used 11054K, committed 11392K, reserved 1048576K
}
Event: 1823.173 GC heap before
{Heap before GC invocations=33 (full 4):
 garbage-first heap   total 102400K, used 88146K [0x0000000705800000, 0x0000000800000000)
  region size 2048K, 29 young (59392K), 0 survivors (0K)
 Metaspace       used 80113K, committed 80832K, reserved 1179648K
  class space    used 11076K, committed 11456K, reserved 1048576K
}
Event: 1823.176 GC heap after
{Heap after GC invocations=34 (full 4):
 garbage-first heap   total 102400K, used 33568K [0x0000000705800000, 0x0000000800000000)
  region size 2048K, 3 young (6144K), 3 survivors (6144K)
 Metaspace       used 80113K, committed 80832K, reserved 1179648K
  class space    used 11076K, committed 11456K, reserved 1048576K
}
Event: 1843.111 GC heap before
{Heap before GC invocations=34 (full 4):
 garbage-first heap   total 102400K, used 45856K [0x0000000705800000, 0x0000000800000000)
  region size 2048K, 10 young (20480K), 3 survivors (6144K)
 Metaspace       used 80118K, committed 80832K, reserved 1179648K
  class space    used 11077K, committed 11456K, reserved 1048576K
}
Event: 1843.147 GC heap after
{Heap after GC invocations=35 (full 5):
 garbage-first heap   total 102400K, used 28725K [0x0000000705800000, 0x0000000800000000)
  region size 2048K, 0 young (0K), 0 survivors (0K)
 Metaspace       used 80101K, committed 80832K, reserved 1179648K
  class space    used 11074K, committed 11456K, reserved 1048576K
}
Event: 1843.530 GC heap before
{Heap before GC invocations=35 (full 5):
 garbage-first heap   total 102400K, used 81973K [0x0000000705800000, 0x0000000800000000)
  region size 2048K, 27 young (55296K), 0 survivors (0K)
 Metaspace       used 80459K, committed 81152K, reserved 1179648K
  class space    used 11137K, committed 11456K, reserved 1048576K
}
Event: 1843.533 GC heap after
{Heap after GC invocations=36 (full 5):
 garbage-first heap   total 102400K, used 32535K [0x0000000705800000, 0x0000000800000000)
  region size 2048K, 2 young (4096K), 2 survivors (4096K)
 Metaspace       used 80459K, committed 81152K, reserved 1179648K
  class space    used 11137K, committed 11456K, reserved 1048576K
}
Event: 1991.572 GC heap before
{Heap before GC invocations=36 (full 5):
 garbage-first heap   total 102400K, used 83735K [0x0000000705800000, 0x0000000800000000)
  region size 2048K, 28 young (57344K), 2 survivors (4096K)
 Metaspace       used 80692K, committed 81408K, reserved 1179648K
  class space    used 11174K, committed 11520K, reserved 1048576K
}
Event: 1991.577 GC heap after
{Heap after GC invocations=37 (full 5):
 garbage-first heap   total 102400K, used 35970K [0x0000000705800000, 0x0000000800000000)
  region size 2048K, 4 young (8192K), 4 survivors (8192K)
 Metaspace       used 80692K, committed 81408K, reserved 1179648K
  class space    used 11174K, committed 11520K, reserved 1048576K
}
Event: 2449.496 GC heap before
{Heap before GC invocations=37 (full 5):
 garbage-first heap   total 102400K, used 81026K [0x0000000705800000, 0x0000000800000000)
  region size 2048K, 26 young (53248K), 4 survivors (8192K)
 Metaspace       used 80807K, committed 81536K, reserved 1179648K
  class space    used 11181K, committed 11520K, reserved 1048576K
}
Event: 2449.505 GC heap after
{Heap after GC invocations=38 (full 5):
 garbage-first heap   total 102400K, used 36467K [0x0000000705800000, 0x0000000800000000)
  region size 2048K, 3 young (6144K), 3 survivors (6144K)
 Metaspace       used 80807K, committed 81536K, reserved 1179648K
  class space    used 11181K, committed 11520K, reserved 1048576K
}
Event: 2713.217 GC heap before
{Heap before GC invocations=38 (full 5):
 garbage-first heap   total 102400K, used 50803K [0x0000000705800000, 0x0000000800000000)
  region size 2048K, 11 young (22528K), 3 survivors (6144K)
 Metaspace       used 80810K, committed 81536K, reserved 1179648K
  class space    used 11182K, committed 11520K, reserved 1048576K
}
Event: 2713.254 GC heap after
{Heap after GC invocations=39 (full 6):
 garbage-first heap   total 102400K, used 25985K [0x0000000705800000, 0x0000000800000000)
  region size 2048K, 0 young (0K), 0 survivors (0K)
 Metaspace       used 80730K, committed 81536K, reserved 1179648K
  class space    used 11162K, committed 11520K, reserved 1048576K
}
Event: 2713.824 GC heap before
{Heap before GC invocations=39 (full 6):
 garbage-first heap   total 102400K, used 83329K [0x0000000705800000, 0x0000000800000000)
  region size 2048K, 29 young (59392K), 0 survivors (0K)
 Metaspace       used 81160K, committed 81984K, reserved 1179648K
  class space    used 11227K, committed 11584K, reserved 1048576K
}
Event: 2713.829 GC heap after
{Heap after GC invocations=40 (full 6):
 garbage-first heap   total 102400K, used 32565K [0x0000000705800000, 0x0000000800000000)
  region size 2048K, 4 young (8192K), 4 survivors (8192K)
 Metaspace       used 81160K, committed 81984K, reserved 1179648K
  class space    used 11227K, committed 11584K, reserved 1048576K
}
Event: 3108.065 GC heap before
{Heap before GC invocations=40 (full 6):
 garbage-first heap   total 102400K, used 67381K [0x0000000705800000, 0x0000000800000000)
  region size 2048K, 23 young (47104K), 4 survivors (8192K)
 Metaspace       used 81193K, committed 81984K, reserved 1179648K
  class space    used 11235K, committed 11584K, reserved 1048576K
}
Event: 3108.102 GC heap after
{Heap after GC invocations=41 (full 7):
 garbage-first heap   total 102400K, used 29091K [0x0000000705800000, 0x0000000800000000)
  region size 2048K, 0 young (0K), 0 survivors (0K)
 Metaspace       used 81129K, committed 81984K, reserved 1179648K
  class space    used 11220K, committed 11584K, reserved 1048576K
}
Event: 52059.522 GC heap before
{Heap before GC invocations=41 (full 7):
 garbage-first heap   total 102400K, used 84387K [0x0000000705800000, 0x0000000800000000)
  region size 2048K, 28 young (57344K), 0 survivors (0K)
 Metaspace       used 81389K, committed 82240K, reserved 1179648K
  class space    used 11241K, committed 11648K, reserved 1048576K
}
Event: 52059.527 GC heap after
{Heap after GC invocations=42 (full 7):
 garbage-first heap   total 102400K, used 33933K [0x0000000705800000, 0x0000000800000000)
  region size 2048K, 3 young (6144K), 3 survivors (6144K)
 Metaspace       used 81389K, committed 82240K, reserved 1179648K
  class space    used 11241K, committed 11648K, reserved 1048576K
}
Event: 53827.126 GC heap before
{Heap before GC invocations=42 (full 7):
 garbage-first heap   total 102400K, used 85133K [0x0000000705800000, 0x0000000800000000)
  region size 2048K, 28 young (57344K), 3 survivors (6144K)
 Metaspace       used 81548K, committed 82368K, reserved 1179648K
  class space    used 11257K, committed 11648K, reserved 1048576K
}

Dll operation events (12 events):
Event: 0.069 Loaded shared library C:\pleiades\2024-06\java\21\bin\java.dll
Event: 0.367 Loaded shared library C:\pleiades\2024-06\java\21\bin\zip.dll
Event: 0.371 Loaded shared library C:\pleiades\2024-06\java\21\bin\instrument.dll
Event: 0.375 Loaded shared library C:\pleiades\2024-06\java\21\bin\net.dll
Event: 0.375 Loaded shared library C:\pleiades\2024-06\java\21\bin\nio.dll
Event: 0.377 Loaded shared library C:\pleiades\2024-06\java\21\bin\zip.dll
Event: 0.480 Loaded shared library C:\pleiades\2024-06\java\21\bin\jimage.dll
Event: 0.515 Loaded shared library C:\pleiades\2024-06\java\21\bin\management.dll
Event: 0.522 Loaded shared library C:\pleiades\2024-06\java\21\bin\management_ext.dll
Event: 0.656 Loaded shared library C:\pleiades\2024-06\java\21\bin\verify.dll
Event: 0.724 Loaded shared library C:\pleiades\2024-06\java\21\bin\extnet.dll
Event: 1.754 Loaded shared library C:\pleiades\2024-06\java\21\bin\sunmscapi.dll

Deoptimization events (20 events):
Event: 52192.622 Thread 0x0000027c514b79e0 DEOPT PACKING pc=0x0000027c00fb47f4 sp=0x000000b2c19fe550
Event: 52192.622 Thread 0x0000027c514b79e0 DEOPT UNPACKING pc=0x0000027c00054e42 sp=0x000000b2c19fdab8 mode 1
Event: 52192.622 Thread 0x0000027c514b79e0 DEOPT PACKING pc=0x0000027c00fb47f4 sp=0x000000b2c19fe550
Event: 52192.622 Thread 0x0000027c514b79e0 DEOPT UNPACKING pc=0x0000027c00054e42 sp=0x000000b2c19fdab8 mode 1
Event: 52192.622 Thread 0x0000027c514b79e0 DEOPT PACKING pc=0x0000027c00fb47f4 sp=0x000000b2c19fe550
Event: 52192.622 Thread 0x0000027c514b79e0 DEOPT UNPACKING pc=0x0000027c00054e42 sp=0x000000b2c19fdab8 mode 1
Event: 52192.622 Thread 0x0000027c514b79e0 DEOPT PACKING pc=0x0000027c00fb47f4 sp=0x000000b2c19fe550
Event: 52192.622 Thread 0x0000027c514b79e0 DEOPT UNPACKING pc=0x0000027c00054e42 sp=0x000000b2c19fdab8 mode 1
Event: 52192.622 Thread 0x0000027c514b79e0 DEOPT PACKING pc=0x0000027c00fb47f4 sp=0x000000b2c19fe550
Event: 52192.622 Thread 0x0000027c514b79e0 DEOPT UNPACKING pc=0x0000027c00054e42 sp=0x000000b2c19fdab8 mode 1
Event: 52192.622 Thread 0x0000027c514b79e0 DEOPT PACKING pc=0x0000027c00fb47f4 sp=0x000000b2c19fe550
Event: 52192.622 Thread 0x0000027c514b79e0 DEOPT UNPACKING pc=0x0000027c00054e42 sp=0x000000b2c19fdab8 mode 1
Event: 52192.622 Thread 0x0000027c514b79e0 DEOPT PACKING pc=0x0000027c00fb47f4 sp=0x000000b2c19fe550
Event: 52192.622 Thread 0x0000027c514b79e0 DEOPT UNPACKING pc=0x0000027c00054e42 sp=0x000000b2c19fdab8 mode 1
Event: 52192.622 Thread 0x0000027c514b79e0 DEOPT PACKING pc=0x0000027c00fb47f4 sp=0x000000b2c19fe550
Event: 52192.622 Thread 0x0000027c514b79e0 DEOPT UNPACKING pc=0x0000027c00054e42 sp=0x000000b2c19fdab8 mode 1
Event: 52192.622 Thread 0x0000027c514b79e0 DEOPT PACKING pc=0x0000027c00fb47f4 sp=0x000000b2c19fe550
Event: 52192.622 Thread 0x0000027c514b79e0 DEOPT UNPACKING pc=0x0000027c00054e42 sp=0x000000b2c19fdab8 mode 1
Event: 52335.508 Thread 0x0000027c50e714b0 DEOPT PACKING pc=0x0000027c00432534 sp=0x000000b2c14fdae0
Event: 52335.508 Thread 0x0000027c50e714b0 DEOPT UNPACKING pc=0x0000027c00054e42 sp=0x000000b2c14fcf98 mode 0

Classes loaded (20 events):
Event: 1512.327 Loading class java/util/WeakHashMap$KeyIterator
Event: 1512.328 Loading class java/util/WeakHashMap$HashIterator
Event: 1512.328 Loading class java/util/WeakHashMap$HashIterator done
Event: 1512.328 Loading class java/util/WeakHashMap$KeyIterator done
Event: 1512.388 Loading class java/lang/ref/Finalizer$2
Event: 1512.390 Loading class java/lang/ref/Finalizer$2 done
Event: 1512.390 Loading class java/lang/ref/Finalizer$1
Event: 1512.390 Loading class java/lang/ref/Finalizer$1 done
Event: 1512.657 Loading class java/util/WeakHashMap$EntrySet
Event: 1512.658 Loading class java/util/WeakHashMap$EntrySet done
Event: 1512.658 Loading class java/util/WeakHashMap$EntryIterator
Event: 1512.658 Loading class java/util/WeakHashMap$EntryIterator done
Event: 1514.108 Loading class java/time/DurationEditor
Event: 1514.108 Loading class java/time/DurationEditor done
Event: 1843.536 Loading class jdk/internal/loader/BootLoader$PackageHelper
Event: 1843.537 Loading class jdk/internal/loader/BootLoader$PackageHelper done
Event: 2713.806 Loading class java/time/DurationEditor
Event: 2713.806 Loading class java/time/DurationEditor done
Event: 52192.093 Loading class java/rmi/server/UnicastRemoteObject
Event: 52192.093 Loading class java/rmi/server/UnicastRemoteObject done

Classes unloaded (20 events):
Event: 3108.075 Thread 0x0000027c0a896e20 Unloading class 0x0000027c0c0c0800 'java/lang/invoke/LambdaForm$MH+0x0000027c0c0c0800'
Event: 3108.075 Thread 0x0000027c0a896e20 Unloading class 0x0000027c0c0cbc00 'java/lang/invoke/LambdaForm$MH+0x0000027c0c0cbc00'
Event: 3108.075 Thread 0x0000027c0a896e20 Unloading class 0x0000027c0c100c00 'java/lang/invoke/LambdaForm$MH+0x0000027c0c100c00'
Event: 3108.075 Thread 0x0000027c0a896e20 Unloading class 0x0000027c0c139000 'java/lang/invoke/LambdaForm$MH+0x0000027c0c139000'
Event: 3108.076 Thread 0x0000027c0a896e20 Unloading class 0x0000027c0c180c00 'java/lang/invoke/LambdaForm$MH+0x0000027c0c180c00'
Event: 3108.076 Thread 0x0000027c0a896e20 Unloading class 0x0000027c0c1a9000 'java/lang/invoke/LambdaForm$MH+0x0000027c0c1a9000'
Event: 3108.076 Thread 0x0000027c0a896e20 Unloading class 0x0000027c0c1e1800 'java/lang/invoke/LambdaForm$MH+0x0000027c0c1e1800'
Event: 3108.076 Thread 0x0000027c0a896e20 Unloading class 0x0000027c0c2b8800 'java/lang/invoke/LambdaForm$MH+0x0000027c0c2b8800'
Event: 3108.076 Thread 0x0000027c0a896e20 Unloading class 0x0000027c0c334000 'java/lang/invoke/LambdaForm$MH+0x0000027c0c334000'
Event: 3108.076 Thread 0x0000027c0a896e20 Unloading class 0x0000027c0c390800 'java/lang/invoke/LambdaForm$MH+0x0000027c0c390800'
Event: 3108.076 Thread 0x0000027c0a896e20 Unloading class 0x0000027c0c39c000 'java/lang/invoke/LambdaForm$MH+0x0000027c0c39c000'
Event: 3108.076 Thread 0x0000027c0a896e20 Unloading class 0x0000027c0c3d1000 'java/lang/invoke/LambdaForm$MH+0x0000027c0c3d1000'
Event: 3108.076 Thread 0x0000027c0a896e20 Unloading class 0x0000027c0c418800 'java/lang/invoke/LambdaForm$MH+0x0000027c0c418800'
Event: 3108.076 Thread 0x0000027c0a896e20 Unloading class 0x0000027c0c41a000 'java/lang/invoke/LambdaForm$MH+0x0000027c0c41a000'
Event: 3108.076 Thread 0x0000027c0a896e20 Unloading class 0x0000027c0c474400 'java/lang/invoke/LambdaForm$MH+0x0000027c0c474400'
Event: 3108.076 Thread 0x0000027c0a896e20 Unloading class 0x0000027c0c47cc00 'java/lang/invoke/LambdaForm$MH+0x0000027c0c47cc00'
Event: 3108.076 Thread 0x0000027c0a896e20 Unloading class 0x0000027c0c554400 'java/lang/invoke/LambdaForm$MH+0x0000027c0c554400'
Event: 3108.076 Thread 0x0000027c0a896e20 Unloading class 0x0000027c0c876400 'java/lang/invoke/LambdaForm$MH+0x0000027c0c876400'
Event: 3108.076 Thread 0x0000027c0a896e20 Unloading class 0x0000027c0c8f4000 'java/lang/invoke/LambdaForm$MH+0x0000027c0c8f4000'
Event: 3108.076 Thread 0x0000027c0a896e20 Unloading class 0x0000027c0c970000 'java/lang/invoke/LambdaForm$MH+0x0000027c0c970000'

Classes redefined (9 events):
Event: 52334.479 Thread 0x0000027c0a896e20 redefined class name=com.example.demo.KusunokiController01, count=1
Event: 52334.479 Thread 0x0000027c0a896e20 redefined class name=com.example.demo.KusunokiController01, count=1
Event: 52334.479 Thread 0x0000027c0a896e20 redefined class name=com.example.demo.KusunokiController01, count=1
Event: 52334.479 Thread 0x0000027c0a896e20 redefined class name=com.example.demo.KusunokiController01, count=1
Event: 52334.479 Thread 0x0000027c0a896e20 redefined class name=com.example.demo.KusunokiController01, count=1
Event: 52334.479 Thread 0x0000027c0a896e20 redefined class name=com.example.demo.KusunokiController01, count=1
Event: 52334.479 Thread 0x0000027c0a896e20 redefined class name=com.example.demo.KusunokiController01, count=1
Event: 52334.479 Thread 0x0000027c0a896e20 redefined class name=com.example.demo.KusunokiController01, count=1
Event: 52334.479 Thread 0x0000027c0a896e20 redefined class name=com.example.demo.KusunokiController01, count=1

Internal exceptions (20 events):
Event: 3108.400 Thread 0x0000027c50e714b0 Exception <a 'java/io/FileNotFoundException'{0x0000000709ce3848}> (0x0000000709ce3848) 
thrown [s\src\hotspot\share\prims\jni.cpp, line 520]
Event: 3108.412 Thread 0x0000027c50e714b0 Exception <a 'java/io/FileNotFoundException'{0x0000000709ab02e0}> (0x0000000709ab02e0) 
thrown [s\src\hotspot\share\prims\jni.cpp, line 520]
Event: 52059.428 Thread 0x0000027c514b79e0 Exception <a 'java/io/IOException'{0x0000000708553ef0}> (0x0000000708553ef0) 
thrown [s\src\hotspot\share\prims\jni.cpp, line 520]
Event: 52059.429 Thread 0x0000027c514b79e0 Exception <a 'java/io/IOException'{0x0000000708554de8}> (0x0000000708554de8) 
thrown [s\src\hotspot\share\prims\jni.cpp, line 520]
Event: 52059.430 Thread 0x0000027c514b79e0 Exception <a 'java/io/IOException'{0x00000007085572e0}> (0x00000007085572e0) 
thrown [s\src\hotspot\share\prims\jni.cpp, line 520]
Event: 52059.431 Thread 0x0000027c514b79e0 Exception <a 'java/io/IOException'{0x0000000708557f00}> (0x0000000708557f00) 
thrown [s\src\hotspot\share\prims\jni.cpp, line 520]
Event: 52059.433 Thread 0x0000027c514b79e0 Exception <a 'java/io/IOException'{0x000000070855b530}> (0x000000070855b530) 
thrown [s\src\hotspot\share\prims\jni.cpp, line 520]
Event: 52059.434 Thread 0x0000027c514b79e0 Exception <a 'java/io/IOException'{0x000000070855c150}> (0x000000070855c150) 
thrown [s\src\hotspot\share\prims\jni.cpp, line 520]
Event: 52059.437 Thread 0x0000027c514b79e0 Exception <a 'java/io/IOException'{0x000000070855f768}> (0x000000070855f768) 
thrown [s\src\hotspot\share\prims\jni.cpp, line 520]
Event: 52059.438 Thread 0x0000027c514b79e0 Exception <a 'java/io/IOException'{0x0000000708560388}> (0x0000000708560388) 
thrown [s\src\hotspot\share\prims\jni.cpp, line 520]
Event: 52059.439 Thread 0x0000027c514b79e0 Exception <a 'java/io/IOException'{0x00000007085624b8}> (0x00000007085624b8) 
thrown [s\src\hotspot\share\prims\jni.cpp, line 520]
Event: 52059.439 Thread 0x0000027c514b79e0 Exception <a 'java/io/IOException'{0x00000007085630d8}> (0x00000007085630d8) 
thrown [s\src\hotspot\share\prims\jni.cpp, line 520]
Event: 52059.440 Thread 0x0000027c514b79e0 Exception <a 'java/io/IOException'{0x0000000708565208}> (0x0000000708565208) 
thrown [s\src\hotspot\share\prims\jni.cpp, line 520]
Event: 52059.445 Thread 0x0000027c514b79e0 Exception <a 'java/io/IOException'{0x0000000708565e28}> (0x0000000708565e28) 
thrown [s\src\hotspot\share\prims\jni.cpp, line 520]
Event: 52059.446 Thread 0x0000027c514b79e0 Exception <a 'java/io/IOException'{0x0000000708567f58}> (0x0000000708567f58) 
thrown [s\src\hotspot\share\prims\jni.cpp, line 520]
Event: 52059.452 Thread 0x0000027c514b79e0 Exception <a 'java/io/IOException'{0x0000000708568b78}> (0x0000000708568b78) 
thrown [s\src\hotspot\share\prims\jni.cpp, line 520]
Event: 52059.454 Thread 0x0000027c514b79e0 Exception <a 'java/io/IOException'{0x00000007085b2800}> (0x00000007085b2800) 
thrown [s\src\hotspot\share\prims\jni.cpp, line 520]
Event: 52059.454 Thread 0x0000027c514b79e0 Exception <a 'java/io/IOException'{0x00000007085b3420}> (0x00000007085b3420) 
thrown [s\src\hotspot\share\prims\jni.cpp, line 520]
Event: 52192.606 Thread 0x0000027c50df92f0 Exception <a 'java/lang/NoSuchMethodError'{0x000000070b519760}: static [Ljava/lang/StackTraceElement;.<clinit>()V> (0x000000070b519760) 
thrown [s\src\hotspot\share\prims\jni.cpp, line 1111]
Event: 52192.626 Thread 0x0000027c514b79e0 Exception <a 'java/lang/NoSuchMethodError'{0x000000070b590970}: static [Ljava/lang/Integer;.<clinit>()V> (0x000000070b590970) 
thrown [s\src\hotspot\share\prims\jni.cpp, line 1111]

ZGC Phase Switch (0 events):
No events

VM Operations (20 events):
Event: 52800.048 Executing VM operation: get/set locals done
Event: 52800.048 Executing VM operation: get/set locals
Event: 52800.048 Executing VM operation: get/set locals done
Event: 52800.048 Executing VM operation: get/set locals
Event: 52800.048 Executing VM operation: get/set locals done
Event: 53032.756 Executing VM operation: Cleanup
Event: 53032.756 Executing VM operation: Cleanup done
Event: 53069.843 Executing VM operation: HandshakeAllThreads (HandshakeForDeflation)
Event: 53069.843 Executing VM operation: HandshakeAllThreads (HandshakeForDeflation) done
Event: 53069.843 Executing VM operation: RendezvousGCThreads
Event: 53069.843 Executing VM operation: RendezvousGCThreads done
Event: 53648.326 Executing VM operation: Cleanup
Event: 53648.326 Executing VM operation: Cleanup done
Event: 53693.509 Executing VM operation: Cleanup
Event: 53693.509 Executing VM operation: Cleanup done
Event: 53816.170 Executing VM operation: Cleanup
Event: 53816.170 Executing VM operation: Cleanup done
Event: 53826.258 Executing VM operation: Cleanup
Event: 53826.258 Executing VM operation: Cleanup done
Event: 53827.126 Executing VM operation: G1CollectForAllocation (G1 Evacuation Pause)

Events (20 events):
Event: 3114.063 Thread 0x0000027c58262910 Thread exited: 0x0000027c58262910
Event: 3114.095 Thread 0x0000027c514b6630 Thread exited: 0x0000027c514b6630
Event: 52059.424 Thread 0x0000027c514b79e0 Thread added: 0x0000027c514b79e0
Event: 52059.430 Thread 0x0000027c514b6630 Thread added: 0x0000027c514b6630
Event: 52059.613 Thread 0x0000027c580ac260 Thread added: 0x0000027c580ac260
Event: 52064.463 Thread 0x0000027c514b79e0 Thread exited: 0x0000027c514b79e0
Event: 52065.072 Thread 0x0000027c580ac260 Thread exited: 0x0000027c580ac260
Event: 52065.120 Thread 0x0000027c514b6630 Thread exited: 0x0000027c514b6630
Event: 52192.092 Thread 0x0000027c514b5910 Thread added: 0x0000027c514b5910
Event: 52192.093 Thread 0x0000027c50e70e20 Thread exited: 0x0000027c50e70e20
Event: 52192.094 Thread 0x0000027c514b5910 Thread exited: 0x0000027c514b5910
Event: 52192.619 Thread 0x0000027c514b79e0 Thread added: 0x0000027c514b79e0
Event: 52192.621 Thread 0x0000027c514b6630 Thread added: 0x0000027c514b6630
Event: 52282.107 Thread 0x0000027c514b79e0 Thread exited: 0x0000027c514b79e0
Event: 53815.235 Thread 0x0000027c514b5910 Thread added: 0x0000027c514b5910
Event: 53815.238 Thread 0x0000027c514b5280 Thread added: 0x0000027c514b5280
Event: 53824.859 Thread 0x0000027c514b5910 Thread exited: 0x0000027c514b5910
Event: 53824.909 Thread 0x0000027c514b5280 Thread exited: 0x0000027c514b5280
Event: 53825.909 Thread 0x0000027c514b5280 Thread added: 0x0000027c514b5280
Event: 53825.911 Thread 0x0000027c514b5910 Thread added: 0x0000027c514b5910


Dynamic libraries:
0x00007ff674010000 - 0x00007ff67401e000 	C:\pleiades\2024-06\java\21\bin\javaw.exe
0x00007ff978800000 - 0x00007ff978a60000 	C:\WINDOWS\SYSTEM32\ntdll.dll
0x00007ff977550000 - 0x00007ff977617000 	C:\WINDOWS\System32\KERNEL32.DLL
0x00007ff975ff0000 - 0x00007ff9763ba000 	C:\WINDOWS\System32\KERNELBASE.dll
0x00007ff9763c0000 - 0x00007ff97650b000 	C:\WINDOWS\System32\ucrtbase.dll
0x00007ff953620000 - 0x00007ff95363b000 	C:\pleiades\2024-06\java\21\bin\VCRUNTIME140.dll
0x00007ff8f2550000 - 0x00007ff8f2568000 	C:\pleiades\2024-06\java\21\bin\jli.dll
0x00007ff977000000 - 0x00007ff9771cc000 	C:\WINDOWS\System32\USER32.dll
0x00007ff976510000 - 0x00007ff976537000 	C:\WINDOWS\System32\win32u.dll
0x00007ff95fd70000 - 0x00007ff960007000 	C:\WINDOWS\WinSxS\amd64_microsoft.windows.common-controls_6595b64144ccf1df_6.0.26100.3624_none_3e086962e3345f24\COMCTL32.dll
0x00007ff976720000 - 0x00007ff97674a000 	C:\WINDOWS\System32\GDI32.dll
0x00007ff9774a0000 - 0x00007ff977549000 	C:\WINDOWS\System32\msvcrt.dll
0x00007ff975ca0000 - 0x00007ff975dd1000 	C:\WINDOWS\System32\gdi32full.dll
0x00007ff975b60000 - 0x00007ff975c03000 	C:\WINDOWS\System32\msvcp_win.dll
0x00007ff977d80000 - 0x00007ff977daf000 	C:\WINDOWS\System32\IMM32.DLL
0x00007ff953610000 - 0x00007ff95361c000 	C:\pleiades\2024-06\java\21\bin\vcruntime140_1.dll
0x00007ff940360000 - 0x00007ff9403ee000 	C:\pleiades\2024-06\java\21\bin\msvcp140.dll
0x00007ff8f0dc0000 - 0x00007ff8f1b42000 	C:\pleiades\2024-06\java\21\bin\server\jvm.dll
0x00007ff977300000 - 0x00007ff9773b2000 	C:\WINDOWS\System32\ADVAPI32.dll
0x00007ff9771d0000 - 0x00007ff977276000 	C:\WINDOWS\System32\sechost.dll
0x00007ff977c50000 - 0x00007ff977d66000 	C:\WINDOWS\System32\RPCRT4.dll
0x00007ff977280000 - 0x00007ff9772f4000 	C:\WINDOWS\System32\WS2_32.dll
0x00007ff975850000 - 0x00007ff9758ae000 	C:\WINDOWS\SYSTEM32\POWRPROF.dll
0x00007ff96b0d0000 - 0x00007ff96b106000 	C:\WINDOWS\SYSTEM32\WINMM.dll
0x00007ff964da0000 - 0x00007ff964dab000 	C:\WINDOWS\SYSTEM32\VERSION.dll
0x00007ff975830000 - 0x00007ff975844000 	C:\WINDOWS\SYSTEM32\UMPDC.dll
0x00007ff974750000 - 0x00007ff97476a000 	C:\WINDOWS\SYSTEM32\kernel.appcore.dll
0x00007ff963660000 - 0x00007ff96366a000 	C:\pleiades\2024-06\java\21\bin\jimage.dll
0x00007ff973230000 - 0x00007ff973471000 	C:\WINDOWS\SYSTEM32\DBGHELP.DLL
0x00007ff977620000 - 0x00007ff9779a2000 	C:\WINDOWS\System32\combase.dll
0x00007ff9773c0000 - 0x00007ff977496000 	C:\WINDOWS\System32\OLEAUT32.dll
0x00007ff9604b0000 - 0x00007ff9604e9000 	C:\WINDOWS\SYSTEM32\dbgcore.DLL
0x00007ff975de0000 - 0x00007ff975e79000 	C:\WINDOWS\System32\bcryptPrimitives.dll
0x00007ff953370000 - 0x00007ff9533ac000 	C:\pleiades\2024-06\java\21\bin\jdwp.dll
0x00007ff94e9e0000 - 0x00007ff94e9ef000 	C:\pleiades\2024-06\java\21\bin\instrument.dll
0x00007ff8f2530000 - 0x00007ff8f254f000 	C:\pleiades\2024-06\java\21\bin\java.dll
0x00007ff977f60000 - 0x00007ff978689000 	C:\WINDOWS\System32\SHELL32.dll
0x00007ff975e80000 - 0x00007ff975fe8000 	C:\WINDOWS\System32\wintypes.dll
0x00007ff973640000 - 0x00007ff973e92000 	C:\WINDOWS\SYSTEM32\windows.storage.dll
0x00007ff977dc0000 - 0x00007ff977ead000 	C:\WINDOWS\System32\SHCORE.dll
0x00007ff976be0000 - 0x00007ff976c44000 	C:\WINDOWS\System32\shlwapi.dll
0x00007ff9758f0000 - 0x00007ff97591f000 	C:\WINDOWS\SYSTEM32\profapi.dll
0x00007ff96e180000 - 0x00007ff96e18b000 	C:\pleiades\2024-06\java\21\bin\dt_socket.dll
0x00007ff9741c0000 - 0x00007ff9741f3000 	C:\WINDOWS\SYSTEM32\IPHLPAPI.DLL
0x00007ff974cc0000 - 0x00007ff974d2a000 	C:\WINDOWS\system32\mswsock.dll
0x00007ff9742b0000 - 0x00007ff9743d5000 	C:\WINDOWS\SYSTEM32\DNSAPI.dll
0x00007ff978710000 - 0x00007ff97871a000 	C:\WINDOWS\System32\NSI.dll
0x00007ff96dd40000 - 0x00007ff96dd4b000 	C:\Windows\System32\rasadhlp.dll
0x00007ff96f570000 - 0x00007ff96f5f5000 	C:\WINDOWS\System32\fwpuclnt.dll
0x00007ff8f2510000 - 0x00007ff8f2528000 	C:\pleiades\2024-06\java\21\bin\zip.dll
0x00007ff948070000 - 0x00007ff948080000 	C:\pleiades\2024-06\java\21\bin\net.dll
0x00007ff96e1f0000 - 0x00007ff96e30d000 	C:\WINDOWS\SYSTEM32\WINHTTP.dll
0x00007ff8f0410000 - 0x00007ff8f0426000 	C:\pleiades\2024-06\java\21\bin\nio.dll
0x00007ff963370000 - 0x00007ff96337a000 	C:\pleiades\2024-06\java\21\bin\management.dll
0x00007ff963360000 - 0x00007ff96336b000 	C:\pleiades\2024-06\java\21\bin\management_ext.dll
0x00007ff976660000 - 0x00007ff976668000 	C:\WINDOWS\System32\PSAPI.DLL
0x00007ff954aa0000 - 0x00007ff954ab8000 	C:\WINDOWS\system32\napinsp.dll
0x00007ff954a80000 - 0x00007ff954a92000 	C:\WINDOWS\System32\winrnr.dll
0x00007ff9547b0000 - 0x00007ff9547e0000 	C:\WINDOWS\system32\nlansp_c.dll
0x00007ff96d030000 - 0x00007ff96d046000 	C:\WINDOWS\system32\wshbth.dll
0x00007ff9535a0000 - 0x00007ff9535b0000 	C:\pleiades\2024-06\java\21\bin\verify.dll
0x00007ff974f90000 - 0x00007ff974fac000 	C:\WINDOWS\SYSTEM32\CRYPTSP.dll
0x00007ff974710000 - 0x00007ff97474a000 	C:\WINDOWS\system32\rsaenh.dll
0x00007ff974d60000 - 0x00007ff974d8b000 	C:\WINDOWS\SYSTEM32\USERENV.dll
0x00007ff9758c0000 - 0x00007ff9758e6000 	C:\WINDOWS\SYSTEM32\bcrypt.dll
0x00007ff974ef0000 - 0x00007ff974efc000 	C:\WINDOWS\SYSTEM32\CRYPTBASE.dll
0x00007ff9535b0000 - 0x00007ff9535b9000 	C:\pleiades\2024-06\java\21\bin\extnet.dll
0x00007ff951c30000 - 0x00007ff951c3e000 	C:\pleiades\2024-06\java\21\bin\sunmscapi.dll
0x00007ff9759e0000 - 0x00007ff975b57000 	C:\WINDOWS\System32\CRYPT32.dll
0x00007ff9751b0000 - 0x00007ff9751e0000 	C:\WINDOWS\SYSTEM32\ncrypt.dll
0x00007ff975160000 - 0x00007ff97519f000 	C:\WINDOWS\SYSTEM32\NTASN1.dll
0x00007ff957690000 - 0x00007ff957698000 	C:\WINDOWS\system32\wshunix.dll

dbghelp: loaded successfully - version: 4.0.5 - missing functions: none
symbol engine: initialized successfully - sym options: 0x614 - pdb path: .;C:\pleiades\2024-06\java\21\bin;C:\WINDOWS\SYSTEM32;C:\WINDOWS\WinSxS\amd64_microsoft.windows.common-controls_6595b64144ccf1df_6.0.26100.3624_none_3e086962e3345f24;C:\pleiades\2024-06\java\21\bin\server

VM Arguments:
jvm_args: -XX:+ShowCodeDetailsInExceptionMessages -agentlib:jdwp=transport=dt_socket,suspend=y,address=localhost:50182 -Dcom.sun.management.jmxremote -Dcom.sun.management.jmxremote.port=50181 -Dcom.sun.management.jmxremote.authenticate=false -Dcom.sun.management.jmxremote.ssl=false -Djava.rmi.server.hostname=localhost -Dspring.jmx.enabled=true -Dmanagement.endpoints.jmx.exposure.include=* -Dspring.application.admin.enabled=true -XX:TieredStopAtLevel=1 -Dspring.boot.project.name=GroupTraining -javaagent:C:\pleiades\2024-06\eclipse\configuration\org.eclipse.osgi\251\0\.cp\lib\javaagent-shaded.jar -Dfile.encoding=UTF-8 -Dstdout.encoding=UTF-8 -Dstderr.encoding=UTF-8 
java_command: com.example.demo.GroupTrainingApplication --spring.output.ansi.enabled=always
java_class_path (initial): C:\pleiades\2024-06\workspace\GroupTraining\bin\main;C:\Users\miu09\.gradle\caches\modules-2\files-2.1\org.springframework.boot\spring-boot-starter-thymeleaf\3.4.0\1ec7fdf829d485800146ec333d6e30af9fbc4830\spring-boot-starter-thymeleaf-3.4.0.jar;C:\Users\miu09\.gradle\caches\modules-2\files-2.1\org.springframework.boot\spring-boot-starter-web\3.4.0\5447a62dc3dee3eadf2def23314e0db4c81bb3\spring-boot-starter-web-3.4.0.jar;C:\Users\miu09\.gradle\caches\modules-2\files-2.1\org.springframework.boot\spring-boot-starter-data-jpa\3.4.0\c6e24cab029e2b2ef36c4a5a5b1a82dbaa9d18c0\spring-boot-starter-data-jpa-3.4.0.jar;C:\Users\miu09\.gradle\caches\modules-2\files-2.1\org.mybatis.spring.boot\mybatis-spring-boot-starter\3.0.2\ce77d2e35909ee4dc2d4371f18b7d2b937f2883e\mybatis-spring-boot-starter-3.0.2.jar;C:\Users\miu09\.gradle\caches\modules-2\files-2.1\org.springframework.boot\spring-boot-starter-json\3.4.0\b817379dd7629234dbacd52a7d5a6b11f95d8d67\spring-boot-starter-json-3.4.0.jar;C:\Users\miu09\.gradle\caches\modules-2\files-2.1\org.springframework.boot\spring-boot-starter-jdbc\3.4.0\8e24eb3bee1a26a5b0ef58ad677ac3f6bf58a4ea\spring-boot-starter-jdbc-3.4.0.jar;C:\Users\miu09\.gradle\caches\modules-2\files-2.1\org.springframework.boot\spring-boot-starter\3.4.0\81b6241291e468e5654a4df26ee8fb35c2879bbc\spring-boot-starter-3.4.0.jar;C:\Users\miu09\.gradle\caches\modules-2\files-2.1\org.thymeleaf\thymeleaf-spring6\3.1.2.RELEASE\6030c7b4e260c41336f378e53da6e8531263f24b\thymeleaf-spring6-3.1.2.RELEASE.jar;C:\Users\miu09\.gradle\caches\modules-2\files-2.1\org.springframework.boot\spring-boot-starter-tomcat\3.4.0\90a4cb855aa6fab8da0a3831d8fff5e5a9093d6a\spring-boot-starter-tomcat-3.4.0.jar;C:\Users\miu09\.gradle\caches\modules-2\files-2.1\org.springframework\spring-webmvc\6.2.0\2eddfeb4d7a12b1ed301bc07abc7e73bca94c2e9\spring-webmvc-6.2.0.jar;C:\Users\miu09\.gradle\caches\modules-2\files-2.1\org.springframework\spring-web\6.2.0\e1b702476fe83b2354baf88b8179f71c53fbbfae\spring-web-6.2.0.jar;C:\Users\miu09\.gradle\caches\modules-2\files-2.1\org.hibernate.orm\hibernate-core\6.6.2.Final\eb4edddac5d31e47c367dde7d7b53a2a87f364a6\hibernate-core-6.6.2.Final.jar;C:\Users\miu09\.gradle\caches\modules-2\files-2.1\org.springframework.data\spring-data-jpa\3.4.0\b4eba91ce346e78f66dcada67fc493b8acaeac69\spring-data-jpa-3.4.0.jar;C:\Users\miu09\.gradle\caches\modules-2\files-2.1\org.springframework\spring-aspects\6.2.0\b26611284cc7a5540c7dea3788cf79b1fa872f8b\spring-aspects-6.2.0.jar;C:\Users\miu09\.gradle\caches\modules-2\files-2.1\org.mybatis.spring.boot\mybatis-spring-boot-autoconfigure\3.0.2\11dec7f46c526c94d0d123e04ffedb135d2b7f22\mybatis-spring-boot-autoconfigure-3.0.2.jar;C:\Users\miu09\.gradle\caches\modules-2\files-2.1\org.mybatis\mybatis\3.5.13\3d0aa73551884a6de6ca187fb4d2db50da002be9\mybatis-3.5.13.jar;C:\Users\miu09\.gradle\caches\modules-2\files-2.1\org.mybatis\mybatis-spring\3.0.2\d56554d771532fa7deb4b1aefa538775d3cb5423\mybatis-spring-3.0.2.jar;C:\Users\miu09\.gradle\caches\modules-2\files-2.1\org.springframework.boot\spring-boot-autoconfigure\3.4.0\2cf78b01be25952c96cb8ee60b4b0562b3a136f2\spring-boot-autoconfigure-3.4.0.jar;C:\Users\miu09\.gradle\caches\modules-2\files-2.1\org.springframework.boot\spring-boot\3.4.0\cbc6c54cc6958a5e24872025e0d6ff0c87ed3594\spring-boot-3.4.0.jar;C:\Users\miu09\.gradle\caches\modules-2\files-2.1\org.springframework.boot\spring-boot-starter-logging\3.4.0\10d953f63139bf05ca8bee79272aadac745e297e\spring-boot-starter-logging-3.4.0.jar;C:\Users\miu09\.gradle\caches\modules-2\files-2.1\jakarta.annotation\jakarta.annotation-api\2.1.1\48b9bda22b091b1f48b13af03fe36db3be6e1ae3\jakarta.annotation-api-2.1.1.jar;C:\Users\miu09\.gradle\caches\modules-2\files-2.1\org.springframework\spring-context\6.2.0\c08dc2bbbe833de7ceda56e8b8bbcc7014413a2a\spring-context-6.2.0.jar;C:\Users\miu09\.gradle\caches\modules-2\files-2.1\org.springframework\spring-aop\6.2.0\999012dfb56640f7babdf4f6c55b3f59c1596f3f\spring-aop-6.2.0.jar;C:\Users\miu09\.gradle\caches\modules-2\files-2.1\org.springframework\spring-orm\6.2.0\e02bdeb64ee3986d0e8cf0b53dbb4ca89d25f606\spring-orm-6.2.0.jar;C:\Users\miu09\.gradle\caches\modules-2\files-2.1\org.springframework\spring-jdbc\6.2.0\3907c5ca693671d164fbb056e40146a80c1c39ee\spring-jdbc-6.2.0.jar;C:\Users\miu09\.gradle\caches\modules-2\files-2.1\org.springframework.data\spring-data-commons\3.4.0\18db6a4614e253a642b06a38a359b8d56b855be1\spring-data-commons-3.4.0.jar;C:\Users\miu09\.gradle\caches\modules-2\files-2.1\org.springframework\spring-tx\6.2.0\940031e305c992e11d52cb3e75fb71f71bf5a19d\spring-tx-6.2.0.jar;C:\Users\miu09\.gradle\caches\modules-2\files-2.1\org.springframework\spring-beans\6.2.0\972694ca3c2f44d64d55429dfcc6ca2dfa9fddf\spring-beans-6.2.0.jar;C:\Users\miu09\.gradle\caches\modules-2\files-2.1\org.springframework\spring-expression\6.2.0\7e92dcd147157641446081db281e9437d8f4dcd\spring-expression-6.2.0.jar;C:\Users\miu09\.gradle\caches\modules-2\files-2.1\org.springframework\spring-core\6.2.0\b0d65768b9f99204857dc9a5548443c04ba61c79\spring-core-6.2.0.jar;C:\Users\miu09\.gradle\caches\modules-2\files-2.1\org.yaml\snakeyaml\2.3\936b36210e27320f920536f695cf1af210c44586\snakeyaml-2.3.jar;C:\Users\miu09\.gradle\caches\modules-2\files-2.1\org.thymeleaf\thymeleaf\3.1.2.RELEASE\273997509a4c7aef86cee0521750140c587d9be2\thymeleaf-3.1.2.RELEASE.jar;C:\Users\miu09\.gradle\caches\modules-2\files-2.1\com.zaxxer\HikariCP\5.1.0\8c96e36c14461fc436bb02b264b96ef3ca5dca8c\HikariCP-5.1.0.jar;C:\Users\miu09\.gradle\caches\modules-2\files-2.1\ch.qos.logback\logback-classic\1.5.12\3790d1a62e868f7915776dfb392bd9a29ce8d954\logback-classic-1.5.12.jar;C:\Users\miu09\.gradle\caches\modules-2\files-2.1\org.apache.logging.log4j\log4j-to-slf4j\2.24.1\fc8228007ccbf3bcdd9c6045de2c20bd03dbcf6e\log4j-to-slf4j-2.24.1.jar;C:\Users\miu09\.gradle\caches\modules-2\files-2.1\org.slf4j\jul-to-slf4j\2.0.16\6d57da3e961daac65bcca0dd3def6cd11e48a24a\jul-to-slf4j-2.0.16.jar;C:\Users\miu09\.gradle\caches\modules-2\files-2.1\org.slf4j\slf4j-api\2.0.16\172931663a09a1fa515567af5fbef00897d3c04\slf4j-api-2.0.16.jar;C:\Users\miu09\.gradle\caches\modules-2\files-2.1\com.fasterxml.jackson.datatype\jackson-datatype-jsr310\2.18.1\36e49c07197395164d50df4b8ed17f5fc05430f0\jackson-datatype-jsr310-2.18.1.jar;C:\Users\miu09\.gradle\caches\modules-2\files-2.1\com.fasterxml.jackson.module\jackson-module-parameter-names\2.18.1\202b447a91d5466433f91690f9414dd466dcbc2b\jackson-module-parameter-names-2.18.1.jar;C:\Users\miu09\.gradle\caches\modules-2\files-2.1\com.fasterxml.jackson.core\jackson-annotations\2.18.1\8f9aa97e7fb44d4bea829061625472b0f6199923\jackson-annotations-2.18.1.jar;C:\Users\miu09\.gradle\caches\modules-2\files-2.1\com.fasterxml.jackson.core\jackson-core\2.18.1\9e2284c539e2dedd2aa1487c781e20a0f575d695\jackson-core-2.18.1.jar;C:\Users\miu09\.gradle\caches\modules-2\files-2.1\com.fasterxml.jackson.datatype\jackson-datatype-jdk8\2.18.1\944810b96bfe1d149ecdafb1228537610e14367a\jackson-datatype-jdk8-2.18.1.jar;C:\Users\miu09\.gradle\caches\modules-2\files-2.1\com.fasterxml.jackson.core\jackson-databind\2.18.1\66547d0c6c2f9e022019499308f09bebbf30ab2e\jackson-databind-2.18.1.jar;C:\Users\miu09\.gradle\caches\modules-2\files-2.1\org.apache.tomcat.embed\tomcat-embed-websocket\10.1.33\67feeb848bf741029ed7a0fe91bcae515e7b1c25\tomcat-embed-websocket-10.1.33.jar;C:\Users\miu09\.gradle\caches\modules-2\files-2.1\org.apache.tomcat.embed\tomcat-embed-core\10.1.33\d4d10b953164db057e4a803506e4552731e5a6a0\tomcat-embed-core-10.1.33.jar;C:\Users\miu09\.gradle\caches\modules-2\files-2.1\org.apache.tomcat.embed\tomcat-embed-el\10.1.33\6cdf9afcb8577309fae1181e0a5f2f8cff559d97\tomcat-embed-el-10.1.33.jar;C:\Users\miu09\.gradle\caches\modules-2\files-2.1\io.micrometer\micrometer-observation\1.14.1\db326347a09c9c18b4149aae98b38d280cafdeb9\micrometer-observation-1.14.1.jar;C:\Users\miu09\.gradle\caches\modules-2\files-2.1\jakarta.persistence\jakarta.persistence-api\3.1.0\66901fa1c373c6aff65c13791cc11da72060a8d6\jakarta.persistence-api-3.1.0.jar;C:\Users\miu09\.gradle\caches\modules-2\files-2.1\jakarta.transaction\jakarta.transaction-api\2.0.1\51a520e3fae406abb84e2e1148e6746ce3f80a1a\jakarta.transaction-api-2.0.1.jar;C:\Users\miu09\.gradle\caches\modules-2\files-2.1\org.antlr\antlr4-runtime\4.13.0\5a02e48521624faaf5ff4d99afc88b01686af655\antlr4-runtime-4.13.0.jar;C:\Users\miu09\.gradle\caches\modules-2\files-2.1\org.aspectj\aspectjweaver\1.9.22.1\bca243d0af0db4758fbae45c5f4995cb5dabb612\aspectjweaver-1.9.22.1.jar;C:\Users\miu09\.gradle\caches\modules-2\files-2.1\org.springframework\spring-jcl\6.2.0\2b8e7bb1e751bf585e7db6de1d375c599e0c8cf5\spring-jcl-6.2.0.jar;C:\Users\miu09\.gradle\caches\modules-2\files-2.1\org.attoparser\attoparser\2.0.7.RELEASE\e5d0e988d9124139d645bb5872b24dfa23e283cc\attoparser-2.0.7.RELEASE.jar;C:\Users\miu09\.gradle\caches\modules-2\files-2.1\org.unbescape\unbescape\1.1.6.RELEASE\7b90360afb2b860e09e8347112800d12c12b2a13\unbescape-1.1.6.RELEASE.jar;C:\Users\miu09\.gradle\caches\modules-2\files-2.1\io.micrometer\micrometer-commons\1.14.1\b7cf441e6c9de70794b09086751a8ec0e311d47e\micrometer-commons-1.14.1.jar;C:\Users\miu09\.gradle\caches\modules-2\files-2.1\ch.qos.logback\logback-core\1.5.12\65b1fa25fe8d8e4bdc140e79eb67ac6741f775e2\logback-core-1.5.12.jar;C:\Users\miu09\.gradle\caches\modules-2\files-2.1\org.apache.logging.log4j\log4j-api\2.24.1\7ebeb12c20606373005af4232cd0ecca72613dda\log4j-api-2.24.1.jar;C:\Users\miu09\.gradle\caches\modules-2\files-2.1\org.springframework.boot\spring-boot-devtools\3.4.0\21d0e006937138605c3a7da926483f1884d8dfb0\spring-boot-devtools-3.4.0.jar;C:\Users\miu09\.gradle\caches\modules-2\files-2.1\com.mysql\mysql-connector-j\9.1.0\5fb1d513278e1a9767dfa80ea9d8d7ee909f1a\mysql-connector-j-9.1.0.jar;C:\Users\miu09\.gradle\caches\modules-2\files-2.1\org.jboss.logging\jboss-logging\3.6.1.Final\886afbb445b4016a37c8960a7aef6ebd769ce7e5\jboss-logging-3.6.1.Final.jar;C:\Users\miu09\.gradle\caches\modules-2\files-2.1\org.hibernate.common\hibernate-commons-annotations\7.0.3.Final\e183c4be8bb41d12e9f19b374e00c34a0a85f439\hibernate-commons-annotations-7.0.3.Final.jar;C:\Users\miu09\.gradle\caches\modules-2\files-2.1\io.smallrye\jandex\3.2.0\f17ad860f62a08487b9edabde608f8ac55c62fa7\jandex-3.2.0.jar;C:\Users\miu09\.gradle\caches\modules-2\files-2.1\com.fasterxml\classmate\1.7.0\e98374da1f2143ac8e6e0a95036994bb19137a3\classmate-1.7.0.jar;C:\Users\miu09\.gradle\caches\modules-2\files-2.1\net.bytebuddy\byte-buddy\1.15.10\635c873fadd853c084f84fdc3cbd58c5dd8537f9\byte-buddy-1.15.10.jar;C:\Users\miu09\.gradle\caches\modules-2\files-2.1\org.glassfish.jaxb\jaxb-runtime\4.0.5\ca84c2a7169b5293e232b9d00d1e4e36d4c3914a\jaxb-runtime-4.0.5.jar;C:\Users\miu09\.gradle\caches\modules-2\files-2.1\org.glassfish.jaxb\jaxb-core\4.0.5\7b4b11ea5542eea4ad55e1080b23be436795b3\jaxb-core-4.0.5.jar;C:\Users\miu09\.gradle\caches\modules-2\files-2.1\jakarta.xml.bind\jakarta.xml.bind-api\4.0.2\6cd5a999b834b63238005b7144136379dc36cad2\jakarta.xml.bind-api-4.0.2.jar;C:\Users\miu09\.gradle\caches\modules-2\files-2.1\jakarta.inject\jakarta.inject-api\2.0.1\4c28afe1991a941d7702fe1362c365f0a8641d1e\jakarta.inject-api-2.0.1.jar;C:\Users\miu09\.gradle\caches\modules-2\files-2.1\org.eclipse.angus\angus-activation\2.0.2\41f1e0ddd157c856926ed149ab837d110955a9fc\angus-activation-2.0.2.jar;C:\Users\miu09\.gradle\caches\modules-2\files-2.1\jakarta.activation\jakarta.activation-api\2.1.3\fa165bd70cda600368eee31555222776a46b881f\jakarta.activation-api-2.1.3.jar;C:\Users\miu09\.gradle\caches\modules-2\files-2.1\org.glassfish.jaxb\txw2\4.0.5\f36a4ef12120a9bb06d766d6a0e54b144fd7ed98\txw2-4.0.5.jar;C:\Users\miu09\.gradle\caches\modules-2\files-2.1\com.sun.istack\istack-commons-runtime\4.1.2\18ec117c85f3ba0ac65409136afa8e42bc74e739\istack-commons-runtime-4.1.2.jar
Launcher Type: SUN_STANDARD

[Global flags]
     intx CICompilerCount                          = 12                                        {product} {ergonomic}
     uint ConcGCThreads                            = 3                                         {product} {ergonomic}
     uint G1ConcRefinementThreads                  = 13                                        {product} {ergonomic}
   size_t G1HeapRegionSize                         = 2097152                                   {product} {ergonomic}
    uintx GCDrainStackTargetSize                   = 64                                        {product} {ergonomic}
   size_t InitialHeapSize                          = 264241152                                 {product} {ergonomic}
     bool ManagementServer                         = true                                      {product} {command line}
   size_t MarkStackSize                            = 4194304                                   {product} {ergonomic}
   size_t MaxHeapSize                              = 4202692608                                {product} {ergonomic}
   size_t MaxNewSize                               = 2520776704                                {product} {ergonomic}
   size_t MinHeapDeltaBytes                        = 2097152                                   {product} {ergonomic}
   size_t MinHeapSize                              = 8388608                                   {product} {ergonomic}
    uintx NonNMethodCodeHeapSize                   = 4096                                   {pd product} {ergonomic}
    uintx NonProfiledCodeHeapSize                  = 0                                      {pd product} {ergonomic}
     bool ProfileInterpreter                       = false                                  {pd product} {command line}
    uintx ProfiledCodeHeapSize                     = 0                                      {pd product} {ergonomic}
     bool ShowCodeDetailsInExceptionMessages       = true                                   {manageable} {command line}
   size_t SoftMaxHeapSize                          = 4202692608                             {manageable} {ergonomic}
     intx TieredStopAtLevel                        = 1                                         {product} {command line}
     bool UseCompressedOops                        = true                           {product lp64_product} {ergonomic}
     bool UseG1GC                                  = true                                      {product} {ergonomic}
     bool UseLargePagesIndividualAllocation        = false                                  {pd product} {ergonomic}

Logging:
Log output configuration:
 #0: stdout all=warning uptime,level,tags foldmultilines=false
 #1: stderr all=off uptime,level,tags foldmultilines=false

Environment Variables:
PATH=C:/pleiades/2024-06/java/21/bin/server;C:/pleiades/2024-06/java/21/bin;C:\Program Files\Common Files\Oracle\Java\javapath;C:\WINDOWS\system32;C:\WINDOWS;C:\WINDOWS\System32\Wbem;C:\WINDOWS\System32\WindowsPowerShell\v1.0\;C:\WINDOWS\System32\OpenSSH\;C:\Program Files (x86)\Fujitsu\FJAgent\Core\bin;C:\Program Files (x86)\Common Files\Roxio Shared\DLLShared\;C:\Program Files (x86)\Common Files\Roxio Shared\OEM\12.0\DLLShared\;C:\Program Files (x86)\Roxio 2010\OEM\AudioCore\;C:\Program Files\MySQL\MySQL Server 8.0\bin;C:\Program Files\Git\cmd;C:\Program Files\MySQL\MySQL Shell 8.0\bin\;C:\Users\miu09\AppData\Local\Microsoft\WindowsApps;C:\Users\miu09\AppData\Local\Programs\Microsoft VS Code\bin;;C:\pleiades\2024-06\eclipse;
USERNAME=miu09
OS=Windows_NT
PROCESSOR_IDENTIFIER=Intel64 Family 6 Model 154 Stepping 3, GenuineIntel
TMP=C:\Users\miu09\AppData\Local\Temp
TEMP=C:\Users\miu09\AppData\Local\Temp




Periodic native trim disabled

---------------  S Y S T E M  ---------------

OS:
 Windows 11 , 64 bit Build 26100 (10.0.26100.3775)
OS uptime: 1 days 12:06 hours
Hyper-V role detected

CPU: total 16 (initial active 16) (8 cores per cpu, 2 threads per core) family 6 model 154 stepping 3 microcode 0x433, cx8, cmov, fxsr, ht, mmx, 3dnowpref, sse, sse2, sse3, ssse3, sse4.1, sse4.2, popcnt, lzcnt, tsc, tscinvbit, avx, avx2, aes, erms, clmul, bmi1, bmi2, adx, sha, fma, vzeroupper, clflush, clflushopt, clwb, hv, serialize, rdtscp, rdpid, fsrm, f16c, cet_ibt, cet_ss
Processor Information for processor 0
  Max Mhz: 2100, Current Mhz: 2100, Mhz Limit: 2100
Processor Information for processor 1
  Max Mhz: 2100, Current Mhz: 2100, Mhz Limit: 2100
Processor Information for processor 2
  Max Mhz: 2100, Current Mhz: 2100, Mhz Limit: 2100
Processor Information for processor 3
  Max Mhz: 2100, Current Mhz: 2100, Mhz Limit: 2100
Processor Information for processor 4
  Max Mhz: 2100, Current Mhz: 2100, Mhz Limit: 2100
Processor Information for processor 5
  Max Mhz: 2100, Current Mhz: 2100, Mhz Limit: 2100
Processor Information for processor 6
  Max Mhz: 2100, Current Mhz: 2100, Mhz Limit: 2100
Processor Information for processor 7
  Max Mhz: 2100, Current Mhz: 2100, Mhz Limit: 2100
Processor Information for processor 8
  Max Mhz: 2100, Current Mhz: 1500, Mhz Limit: 1491
Processor Information for processor 9
  Max Mhz: 2100, Current Mhz: 1500, Mhz Limit: 1491
Processor Information for processor 10
  Max Mhz: 2100, Current Mhz: 1500, Mhz Limit: 1491
Processor Information for processor 11
  Max Mhz: 2100, Current Mhz: 1500, Mhz Limit: 1491
Processor Information for processor 12
  Max Mhz: 2100, Current Mhz: 1500, Mhz Limit: 1491
Processor Information for processor 13
  Max Mhz: 2100, Current Mhz: 1500, Mhz Limit: 1491
Processor Information for processor 14
  Max Mhz: 2100, Current Mhz: 1500, Mhz Limit: 1491
Processor Information for processor 15
  Max Mhz: 2100, Current Mhz: 1500, Mhz Limit: 1491

Memory: 4k page, system-wide physical 16028M (3927M free)
TotalPageFile size 21404M (AvailPageFile size 4421M)
current process WorkingSet (physical memory assigned to process): 218M, peak: 289M
current process commit charge ("private bytes"): 345M, peak: 386M

vm_info: OpenJDK 64-Bit Server VM (21.0.3+9-LTS) for windows-amd64 JRE (21.0.3+9-LTS), built on 2024-04-16T00:00:00Z by "admin" with MS VC++ 17.7 (VS2022)

END.
